#
# There is insufficient memory for the Java Runtime Environment to continue.
# Native memory allocation (mmap) failed to map 2936012800 bytes for G1 virtual space
# Possible reasons:
#   The system is out of physical RAM or swap space
#   The process is running with CompressedOops enabled, and the Java Heap may be blocking the growth of the native heap
# Possible solutions:
#   Reduce memory load on the system
#   Increase physical memory or swap space
#   Check if swap backing store is full
#   Decrease Java heap size (-Xmx/-Xms)
#   Decrease number of Java threads
#   Decrease Java thread stack sizes (-Xss)
#   Set larger code cache with -XX:ReservedCodeCacheSize=
#   JVM is running with Zero Based Compressed Oops mode in which the Java heap is
#     placed in the first 32GB address space. The Java Heap base address is the
#     maximum limit for the native heap growth. Please use -XX:HeapBaseMinAddress
#     to set the Java Heap base and to place the Java Heap above 32GB virtual address.
# This output file may be truncated or incomplete.
#
#  Out of Memory Error (os_windows.cpp:3530), pid=23244, tid=17140
#
# JRE version: Java(TM) SE Runtime Environment (18.0.1.1+2) (build 18.0.1.1+2-6)
# Java VM: Java HotSpot(TM) 64-Bit Server VM (18.0.1.1+2-6, mixed mode, sharing, tiered, compressed oops, compressed class ptrs, g1 gc, windows-amd64)
# No core dump will be written. Minidumps are not enabled by default on client versions of Windows
#

---------------  S U M M A R Y ------------

Command Line: -Xmx10g -ea -XX:+ShowCodeDetailsInExceptionMessages MonteCarloMini.MonteCarloMinimizationParallel

Host: 11th Gen Intel(R) Core(TM) i5-1135G7 @ 2.40GHz, 8 cores, 7G,  Windows 11 , 64 bit Build 22621 (10.0.22621.1928)
Time: Sun Aug 13 16:40:26 2023 South Africa Standard Time elapsed time: 4.150708 seconds (0d 0h 0m 4s)

---------------  T H R E A D  ---------------

Current thread (0x0000013c7d932230):  VMThread "VM Thread" [stack: 0x0000001071400000,0x0000001071500000] [id=17140]

Stack: [0x0000001071400000,0x0000001071500000]
Native frames: (J=compiled Java code, j=interpreted, Vv=VM code, C=native code)
V  [jvm.dll+0x69887a]
V  [jvm.dll+0x7f38bd]
V  [jvm.dll+0x7f51ce]
V  [jvm.dll+0x7f5883]
V  [jvm.dll+0x25ca3f]
V  [jvm.dll+0x6957c9]
V  [jvm.dll+0x68a2fa]
V  [jvm.dll+0x321efb]
V  [jvm.dll+0x3298d6]
V  [jvm.dll+0x37e47e]
V  [jvm.dll+0x37e6af]
V  [jvm.dll+0x2f9c7a]
V  [jvm.dll+0x2f9d27]
V  [jvm.dll+0x33e262]
V  [jvm.dll+0x33c804]
V  [jvm.dll+0x2f9450]
V  [jvm.dll+0x33bddb]
V  [jvm.dll+0x7fa66b]
V  [jvm.dll+0x7fb404]
V  [jvm.dll+0x7fb93c]
V  [jvm.dll+0x7fbd94]
V  [jvm.dll+0x7fbe57]
V  [jvm.dll+0x7a03ea]
V  [jvm.dll+0x697725]
C  [ucrtbase.dll+0x29363]
C  [KERNEL32.DLL+0x126ad]
C  [ntdll.dll+0x5aa68]

VM_Operation (0x0000001070eff3b0): G1CollectForAllocation, mode: safepoint, requested by thread 0x0000013c4ab9ca40


---------------  P R O C E S S  ---------------

Threads class SMR info:
_java_thread_list=0x0000013c7dfa8580, length=12, elements={
0x0000013c4ab9ca40, 0x0000013c7d938ab0, 0x0000013c7d939450, 0x0000013c7d94f1c0,
0x0000013c7d94fb60, 0x0000013c7d950500, 0x0000013c7d950ea0, 0x0000013c7d951b70,
0x0000013c7d95e580, 0x0000013c7d963380, 0x0000013c7dfe4c70, 0x0000013c7dfe97d0
}

Java Threads: ( => current thread )
  0x0000013c4ab9ca40 JavaThread "main" [_thread_blocked, id=7448, stack(0x0000001070e00000,0x0000001070f00000)]
  0x0000013c7d938ab0 JavaThread "Reference Handler" daemon [_thread_blocked, id=32252, stack(0x0000001071500000,0x0000001071600000)]
  0x0000013c7d939450 JavaThread "Finalizer" daemon [_thread_blocked, id=26084, stack(0x0000001071600000,0x0000001071700000)]
  0x0000013c7d94f1c0 JavaThread "Signal Dispatcher" daemon [_thread_blocked, id=24344, stack(0x0000001071700000,0x0000001071800000)]
  0x0000013c7d94fb60 JavaThread "Attach Listener" daemon [_thread_blocked, id=25936, stack(0x0000001071800000,0x0000001071900000)]
  0x0000013c7d950500 JavaThread "Service Thread" daemon [_thread_blocked, id=32064, stack(0x0000001071900000,0x0000001071a00000)]
  0x0000013c7d950ea0 JavaThread "Monitor Deflation Thread" daemon [_thread_blocked, id=12236, stack(0x0000001071a00000,0x0000001071b00000)]
  0x0000013c7d951b70 JavaThread "C2 CompilerThread0" daemon [_thread_blocked, id=10280, stack(0x0000001071b00000,0x0000001071c00000)]
  0x0000013c7d95e580 JavaThread "C1 CompilerThread0" daemon [_thread_blocked, id=30020, stack(0x0000001071c00000,0x0000001071d00000)]
  0x0000013c7d963380 JavaThread "Sweeper thread" daemon [_thread_blocked, id=33180, stack(0x0000001071d00000,0x0000001071e00000)]
  0x0000013c7dfe4c70 JavaThread "Notification Thread" daemon [_thread_blocked, id=14820, stack(0x0000001071e00000,0x0000001071f00000)]
  0x0000013c7dfe97d0 JavaThread "Common-Cleaner" daemon [_thread_blocked, id=33188, stack(0x0000001072000000,0x0000001072100000)]

Other Threads:
=>0x0000013c7d932230 VMThread "VM Thread" [stack: 0x0000001071400000,0x0000001071500000] [id=17140]
  0x0000013c7dfe7550 WatcherThread "VM Periodic Task Thread" [stack: 0x0000001071f00000,0x0000001072000000] [id=32096]
  0x0000013c4ac43280 WorkerThread "GC Thread#0" [stack: 0x0000001070f00000,0x0000001071000000] [id=33772]
  0x0000013c7dff8460 WorkerThread "GC Thread#1" [stack: 0x0000001072100000,0x0000001072200000] [id=17084]
  0x0000013c7dffc710 WorkerThread "GC Thread#2" [stack: 0x0000001072200000,0x0000001072300000] [id=24892]
  0x0000013c7e001110 WorkerThread "GC Thread#3" [stack: 0x0000001072300000,0x0000001072400000] [id=2588]
  0x0000013c7e004980 WorkerThread "GC Thread#4" [stack: 0x0000001072400000,0x0000001072500000] [id=22396]
  0x0000013c7dfffa00 WorkerThread "GC Thread#5" [stack: 0x0000001072500000,0x0000001072600000] [id=30884]
  0x0000013c7e009020 WorkerThread "GC Thread#6" [stack: 0x0000001072600000,0x0000001072700000] [id=15804]
  0x0000013c7e009ce0 WorkerThread "GC Thread#7" [stack: 0x0000001072700000,0x0000001072800000] [id=30184]
  0x0000013c4ac4e1b0 ConcurrentGCThread "G1 Main Marker" [stack: 0x0000001071000000,0x0000001071100000] [id=33732]
  0x0000013c4ac4eba0 WorkerThread "G1 Conc#0" [stack: 0x0000001071100000,0x0000001071200000] [id=33608]
  0x0000013c7e0167d0 WorkerThread "G1 Conc#1" [stack: 0x0000001072800000,0x0000001072900000] [id=26408]
  0x0000013c7d7f0680 ConcurrentGCThread "G1 Refine#0" [stack: 0x0000001071200000,0x0000001071300000] [id=24928]
  0x0000013c7e15c240 ConcurrentGCThread "G1 Refine#1" [stack: 0x0000001072900000,0x0000001072a00000] [id=5840]
  0x0000013c7e01e400 ConcurrentGCThread "G1 Refine#2" [stack: 0x0000001072a00000,0x0000001072b00000] [id=23460]
  0x0000013c7e03b7c0 ConcurrentGCThread "G1 Refine#3" [stack: 0x0000001072b00000,0x0000001072c00000] [id=24808]
  0x0000013c7d7f1e40 ConcurrentGCThread "G1 Service" [stack: 0x0000001071300000,0x0000001071400000] [id=25256]

Threads with active compile tasks:

VM state: at safepoint (normal execution)

VM Mutex/Monitor currently owned by a thread:  ([mutex/lock_event])
[0x0000013c4ab998e0] Threads_lock - owner thread: 0x0000013c7d932230
[0x0000013c4ab99970] Heap_lock - owner thread: 0x0000013c4ab9ca40

Heap address: 0x0000000580000000, size: 10240 MB, Compressed Oops mode: Zero based, Oop shift amount: 3

CDS archive(s) mapped at: [0x0000000800000000-0x0000000800ba0000-0x0000000800ba0000), size 12189696, SharedBaseAddress: 0x0000000800000000, ArchiveRelocationMode: 0.
Compressed class space mapped at: 0x0000000800c00000-0x0000000840c00000, reserved size: 1073741824
Narrow klass base: 0x0000000800000000, Narrow klass shift: 0, Narrow klass range: 0x100000000

GC Precious Log:
 CardTable entry size: 512
 Card Set container configuration: InlinePtr #cards 4 size 8 Array Of Cards #cards 64 size 144 Howl #buckets 8 coarsen threshold 14745 Howl Bitmap #cards 2048 size 272 coarsen threshold 1843 Card regions per heap region 1 cards per card region 16384
 CPUs: 8 total, 8 available
 Memory: 7834M
 Large Page Support: Disabled
 NUMA Support: Disabled
 Compressed Oops: Enabled (Zero based)
 Heap Region Size: 8M
 Heap Min Capacity: 8M
 Heap Initial Capacity: 128M
 Heap Max Capacity: 10G
 Pre-touch: Disabled
 Parallel Workers: 8
 Concurrent Workers: 2
 Concurrent Refinement Workers: 8
 Periodic GC: Disabled

Heap:
 garbage-first heap   total 3334144K, used 2423452K [0x0000000580000000, 0x0000000800000000)
  region size 8192K, 5 young (40960K), 5 survivors (40960K)
 Metaspace       used 195K, committed 384K, reserved 1114112K
  class space    used 12K, committed 128K, reserved 1048576K

Heap Regions: E=young(eden), S=young(survivor), O=old, HS=humongous(starts), HC=humongous(continues), CS=collection set, F=free, OA=open archive, CA=closed archive, TAMS=top-at-mark-start (previous, next)
|   0|0x0000000580000000, 0x0000000580800000, 0x0000000580800000|100%| O|  |TAMS 0x0000000580800000, 0x0000000580800000| Untracked 
|   1|0x0000000580800000, 0x0000000581000000, 0x0000000581000000|100%| O|  |TAMS 0x0000000581000000, 0x0000000581000000| Untracked 
|   2|0x0000000581000000, 0x0000000581800000, 0x0000000581800000|100%| O|  |TAMS 0x0000000581800000, 0x0000000581800000| Untracked 
|   3|0x0000000581800000, 0x0000000582000000, 0x0000000582000000|100%| O|  |TAMS 0x0000000582000000, 0x0000000582000000| Untracked 
|   4|0x0000000582000000, 0x0000000582800000, 0x0000000582800000|100%| O|  |TAMS 0x0000000582800000, 0x0000000582800000| Untracked 
|   5|0x0000000582800000, 0x0000000583000000, 0x0000000583000000|100%| O|  |TAMS 0x0000000583000000, 0x0000000583000000| Untracked 
|   6|0x0000000583000000, 0x0000000583800000, 0x0000000583800000|100%| O|  |TAMS 0x0000000583800000, 0x0000000583800000| Untracked 
|   7|0x0000000583800000, 0x0000000584000000, 0x0000000584000000|100%| O|  |TAMS 0x0000000584000000, 0x0000000584000000| Untracked 
|   8|0x0000000584000000, 0x0000000584800000, 0x0000000584800000|100%| O|  |TAMS 0x0000000584800000, 0x0000000584800000| Untracked 
|   9|0x0000000584800000, 0x0000000585000000, 0x0000000585000000|100%| O|  |TAMS 0x0000000585000000, 0x0000000585000000| Untracked 
|  10|0x0000000585000000, 0x0000000585800000, 0x0000000585800000|100%| O|  |TAMS 0x0000000585800000, 0x0000000585800000| Untracked 
|  11|0x0000000585800000, 0x0000000586000000, 0x0000000586000000|100%| O|  |TAMS 0x0000000586000000, 0x0000000586000000| Untracked 
|  12|0x0000000586000000, 0x0000000586800000, 0x0000000586800000|100%| O|  |TAMS 0x0000000586800000, 0x0000000586800000| Untracked 
|  13|0x0000000586800000, 0x0000000587000000, 0x0000000587000000|100%| O|  |TAMS 0x0000000587000000, 0x0000000587000000| Untracked 
|  14|0x0000000587000000, 0x0000000587800000, 0x0000000587800000|100%| O|  |TAMS 0x0000000587800000, 0x0000000587800000| Untracked 
|  15|0x0000000587800000, 0x0000000588000000, 0x0000000588000000|100%| O|  |TAMS 0x0000000588000000, 0x0000000588000000| Untracked 
|  16|0x0000000588000000, 0x0000000588800000, 0x0000000588800000|100%| O|  |TAMS 0x0000000588800000, 0x0000000588800000| Untracked 
|  17|0x0000000588800000, 0x0000000589000000, 0x0000000589000000|100%| O|  |TAMS 0x0000000589000000, 0x0000000589000000| Untracked 
|  18|0x0000000589000000, 0x0000000589800000, 0x0000000589800000|100%| O|  |TAMS 0x0000000589800000, 0x0000000589800000| Untracked 
|  19|0x0000000589800000, 0x000000058a000000, 0x000000058a000000|100%| O|  |TAMS 0x000000058a000000, 0x000000058a000000| Untracked 
|  20|0x000000058a000000, 0x000000058a800000, 0x000000058a800000|100%| O|  |TAMS 0x000000058a800000, 0x000000058a800000| Untracked 
|  21|0x000000058a800000, 0x000000058b000000, 0x000000058b000000|100%| O|  |TAMS 0x000000058b000000, 0x000000058b000000| Untracked 
|  22|0x000000058b000000, 0x000000058b800000, 0x000000058b800000|100%| O|  |TAMS 0x000000058b800000, 0x000000058b800000| Untracked 
|  23|0x000000058b800000, 0x000000058c000000, 0x000000058c000000|100%| O|  |TAMS 0x000000058c000000, 0x000000058c000000| Untracked 
|  24|0x000000058c000000, 0x000000058c800000, 0x000000058c800000|100%| O|  |TAMS 0x000000058c800000, 0x000000058c800000| Untracked 
|  25|0x000000058c800000, 0x000000058d000000, 0x000000058d000000|100%| O|  |TAMS 0x000000058d000000, 0x000000058d000000| Untracked 
|  26|0x000000058d000000, 0x000000058d800000, 0x000000058d800000|100%| O|  |TAMS 0x000000058d800000, 0x000000058d800000| Untracked 
|  27|0x000000058d800000, 0x000000058df19000, 0x000000058e000000| 88%| O|  |TAMS 0x000000058df19000, 0x000000058df19000| Untracked 
|  28|0x000000058e000000, 0x000000058e800000, 0x000000058e800000|100%| O|  |TAMS 0x000000058e800000, 0x000000058e800000| Untracked 
|  29|0x000000058e800000, 0x000000058f000000, 0x000000058f000000|100%| O|  |TAMS 0x000000058f000000, 0x000000058f000000| Untracked 
|  30|0x000000058f000000, 0x000000058f800000, 0x000000058f800000|100%| O|  |TAMS 0x000000058f800000, 0x000000058f800000| Untracked 
|  31|0x000000058f800000, 0x0000000590000000, 0x0000000590000000|100%| O|  |TAMS 0x0000000590000000, 0x0000000590000000| Untracked 
|  32|0x0000000590000000, 0x0000000590800000, 0x0000000590800000|100%| O|  |TAMS 0x0000000590800000, 0x0000000590800000| Untracked 
|  33|0x0000000590800000, 0x0000000591000000, 0x0000000591000000|100%| O|  |TAMS 0x0000000591000000, 0x0000000591000000| Untracked 
|  34|0x0000000591000000, 0x0000000591800000, 0x0000000591800000|100%| O|  |TAMS 0x0000000591800000, 0x0000000591800000| Untracked 
|  35|0x0000000591800000, 0x0000000592000000, 0x0000000592000000|100%| O|  |TAMS 0x0000000592000000, 0x0000000592000000| Untracked 
|  36|0x0000000592000000, 0x0000000592800000, 0x0000000592800000|100%| O|  |TAMS 0x0000000592800000, 0x0000000592800000| Untracked 
|  37|0x0000000592800000, 0x0000000593000000, 0x0000000593000000|100%| O|  |TAMS 0x0000000593000000, 0x0000000593000000| Untracked 
|  38|0x0000000593000000, 0x0000000593800000, 0x0000000593800000|100%| O|  |TAMS 0x0000000593800000, 0x0000000593800000| Untracked 
|  39|0x0000000593800000, 0x0000000594000000, 0x0000000594000000|100%| O|  |TAMS 0x0000000594000000, 0x0000000594000000| Untracked 
|  40|0x0000000594000000, 0x0000000594800000, 0x0000000594800000|100%| O|  |TAMS 0x0000000594800000, 0x0000000594800000| Untracked 
|  41|0x0000000594800000, 0x0000000595000000, 0x0000000595000000|100%| O|  |TAMS 0x0000000595000000, 0x0000000595000000| Untracked 
|  42|0x0000000595000000, 0x0000000595800000, 0x0000000595800000|100%| O|  |TAMS 0x0000000595800000, 0x0000000595800000| Untracked 
|  43|0x0000000595800000, 0x0000000596000000, 0x0000000596000000|100%| O|  |TAMS 0x0000000596000000, 0x0000000596000000| Untracked 
|  44|0x0000000596000000, 0x0000000596800000, 0x0000000596800000|100%| O|  |TAMS 0x0000000596800000, 0x0000000596800000| Untracked 
|  45|0x0000000596800000, 0x0000000597000000, 0x0000000597000000|100%| O|  |TAMS 0x0000000597000000, 0x0000000597000000| Untracked 
|  46|0x0000000597000000, 0x0000000597800000, 0x0000000597800000|100%| O|  |TAMS 0x0000000597800000, 0x0000000597800000| Untracked 
|  47|0x0000000597800000, 0x0000000598000000, 0x0000000598000000|100%| O|  |TAMS 0x0000000598000000, 0x0000000598000000| Untracked 
|  48|0x0000000598000000, 0x0000000598800000, 0x0000000598800000|100%| O|  |TAMS 0x0000000598800000, 0x0000000598800000| Untracked 
|  49|0x0000000598800000, 0x0000000599000000, 0x0000000599000000|100%| O|  |TAMS 0x0000000599000000, 0x0000000599000000| Untracked 
|  50|0x0000000599000000, 0x0000000599800000, 0x0000000599800000|100%| O|  |TAMS 0x0000000599800000, 0x0000000599800000| Untracked 
|  51|0x0000000599800000, 0x000000059a000000, 0x000000059a000000|100%| O|  |TAMS 0x000000059a000000, 0x000000059a000000| Untracked 
|  52|0x000000059a000000, 0x000000059a800000, 0x000000059a800000|100%| O|  |TAMS 0x000000059a800000, 0x000000059a800000| Untracked 
|  53|0x000000059a800000, 0x000000059b000000, 0x000000059b000000|100%| O|  |TAMS 0x000000059b000000, 0x000000059b000000| Untracked 
|  54|0x000000059b000000, 0x000000059b800000, 0x000000059b800000|100%| O|  |TAMS 0x000000059b800000, 0x000000059b800000| Untracked 
|  55|0x000000059b800000, 0x000000059c000000, 0x000000059c000000|100%| O|  |TAMS 0x000000059c000000, 0x000000059c000000| Untracked 
|  56|0x000000059c000000, 0x000000059c800000, 0x000000059c800000|100%| O|  |TAMS 0x000000059c800000, 0x000000059c800000| Untracked 
|  57|0x000000059c800000, 0x000000059d000000, 0x000000059d000000|100%| O|  |TAMS 0x000000059d000000, 0x000000059d000000| Untracked 
|  58|0x000000059d000000, 0x000000059d800000, 0x000000059d800000|100%| O|  |TAMS 0x000000059d800000, 0x000000059d800000| Untracked 
|  59|0x000000059d800000, 0x000000059e000000, 0x000000059e000000|100%| O|  |TAMS 0x000000059e000000, 0x000000059e000000| Untracked 
|  60|0x000000059e000000, 0x000000059e800000, 0x000000059e800000|100%| O|  |TAMS 0x000000059e800000, 0x000000059e800000| Untracked 
|  61|0x000000059e800000, 0x000000059f000000, 0x000000059f000000|100%| O|  |TAMS 0x000000059f000000, 0x000000059f000000| Untracked 
|  62|0x000000059f000000, 0x000000059f800000, 0x000000059f800000|100%| O|  |TAMS 0x000000059f800000, 0x000000059f800000| Untracked 
|  63|0x000000059f800000, 0x00000005a0000000, 0x00000005a0000000|100%| O|  |TAMS 0x00000005a0000000, 0x00000005a0000000| Untracked 
|  64|0x00000005a0000000, 0x00000005a0800000, 0x00000005a0800000|100%| O|  |TAMS 0x00000005a0800000, 0x00000005a0800000| Untracked 
|  65|0x00000005a0800000, 0x00000005a1000000, 0x00000005a1000000|100%| O|  |TAMS 0x00000005a1000000, 0x00000005a1000000| Untracked 
|  66|0x00000005a1000000, 0x00000005a1800000, 0x00000005a1800000|100%| O|  |TAMS 0x00000005a1800000, 0x00000005a1800000| Untracked 
|  67|0x00000005a1800000, 0x00000005a2000000, 0x00000005a2000000|100%| O|  |TAMS 0x00000005a2000000, 0x00000005a2000000| Untracked 
|  68|0x00000005a2000000, 0x00000005a2800000, 0x00000005a2800000|100%| O|  |TAMS 0x00000005a2800000, 0x00000005a2800000| Untracked 
|  69|0x00000005a2800000, 0x00000005a3000000, 0x00000005a3000000|100%| O|  |TAMS 0x00000005a3000000, 0x00000005a3000000| Untracked 
|  70|0x00000005a3000000, 0x00000005a3800000, 0x00000005a3800000|100%| O|  |TAMS 0x00000005a3800000, 0x00000005a3800000| Untracked 
|  71|0x00000005a3800000, 0x00000005a4000000, 0x00000005a4000000|100%| O|  |TAMS 0x00000005a4000000, 0x00000005a4000000| Untracked 
|  72|0x00000005a4000000, 0x00000005a4800000, 0x00000005a4800000|100%| O|  |TAMS 0x00000005a4800000, 0x00000005a4800000| Untracked 
|  73|0x00000005a4800000, 0x00000005a5000000, 0x00000005a5000000|100%| O|  |TAMS 0x00000005a5000000, 0x00000005a5000000| Untracked 
|  74|0x00000005a5000000, 0x00000005a5800000, 0x00000005a5800000|100%| O|  |TAMS 0x00000005a5800000, 0x00000005a5800000| Untracked 
|  75|0x00000005a5800000, 0x00000005a6000000, 0x00000005a6000000|100%| O|  |TAMS 0x00000005a6000000, 0x00000005a6000000| Untracked 
|  76|0x00000005a6000000, 0x00000005a6800000, 0x00000005a6800000|100%| O|  |TAMS 0x00000005a6800000, 0x00000005a6800000| Untracked 
|  77|0x00000005a6800000, 0x00000005a7000000, 0x00000005a7000000|100%| O|  |TAMS 0x00000005a7000000, 0x00000005a7000000| Untracked 
|  78|0x00000005a7000000, 0x00000005a778e200, 0x00000005a7800000| 94%| O|  |TAMS 0x00000005a778e200, 0x00000005a778e200| Untracked 
|  79|0x00000005a7800000, 0x00000005a8000000, 0x00000005a8000000|100%| O|  |TAMS 0x00000005a8000000, 0x00000005a8000000| Untracked 
|  80|0x00000005a8000000, 0x00000005a8800000, 0x00000005a8800000|100%| O|  |TAMS 0x00000005a8800000, 0x00000005a8800000| Untracked 
|  81|0x00000005a8800000, 0x00000005a9000000, 0x00000005a9000000|100%| O|  |TAMS 0x00000005a9000000, 0x00000005a9000000| Untracked 
|  82|0x00000005a9000000, 0x00000005a9800000, 0x00000005a9800000|100%| O|  |TAMS 0x00000005a9800000, 0x00000005a9800000| Untracked 
|  83|0x00000005a9800000, 0x00000005aa000000, 0x00000005aa000000|100%| O|  |TAMS 0x00000005aa000000, 0x00000005aa000000| Untracked 
|  84|0x00000005aa000000, 0x00000005aa800000, 0x00000005aa800000|100%| O|  |TAMS 0x00000005aa800000, 0x00000005aa800000| Untracked 
|  85|0x00000005aa800000, 0x00000005ab000000, 0x00000005ab000000|100%| O|  |TAMS 0x00000005ab000000, 0x00000005ab000000| Untracked 
|  86|0x00000005ab000000, 0x00000005ab800000, 0x00000005ab800000|100%| O|  |TAMS 0x00000005ab800000, 0x00000005ab800000| Untracked 
|  87|0x00000005ab800000, 0x00000005ac000000, 0x00000005ac000000|100%| O|  |TAMS 0x00000005ac000000, 0x00000005ac000000| Untracked 
|  88|0x00000005ac000000, 0x00000005ac800000, 0x00000005ac800000|100%| O|  |TAMS 0x00000005ac800000, 0x00000005ac800000| Untracked 
|  89|0x00000005ac800000, 0x00000005ad000000, 0x00000005ad000000|100%| O|  |TAMS 0x00000005ad000000, 0x00000005ad000000| Untracked 
|  90|0x00000005ad000000, 0x00000005ad800000, 0x00000005ad800000|100%| O|  |TAMS 0x00000005ad800000, 0x00000005ad800000| Untracked 
|  91|0x00000005ad800000, 0x00000005ae000000, 0x00000005ae000000|100%| O|  |TAMS 0x00000005ae000000, 0x00000005ae000000| Untracked 
|  92|0x00000005ae000000, 0x00000005ae800000, 0x00000005ae800000|100%| O|  |TAMS 0x00000005ae800000, 0x00000005ae800000| Untracked 
|  93|0x00000005ae800000, 0x00000005af000000, 0x00000005af000000|100%| O|  |TAMS 0x00000005af000000, 0x00000005af000000| Untracked 
|  94|0x00000005af000000, 0x00000005af800000, 0x00000005af800000|100%| O|  |TAMS 0x00000005af800000, 0x00000005af800000| Untracked 
|  95|0x00000005af800000, 0x00000005b0000000, 0x00000005b0000000|100%| O|  |TAMS 0x00000005b0000000, 0x00000005b0000000| Untracked 
|  96|0x00000005b0000000, 0x00000005b0800000, 0x00000005b0800000|100%| O|  |TAMS 0x00000005b0800000, 0x00000005b0800000| Untracked 
|  97|0x00000005b0800000, 0x00000005b1000000, 0x00000005b1000000|100%| O|  |TAMS 0x00000005b1000000, 0x00000005b1000000| Untracked 
|  98|0x00000005b1000000, 0x00000005b1800000, 0x00000005b1800000|100%| O|  |TAMS 0x00000005b1800000, 0x00000005b1800000| Untracked 
|  99|0x00000005b1800000, 0x00000005b2000000, 0x00000005b2000000|100%| O|  |TAMS 0x00000005b2000000, 0x00000005b2000000| Untracked 
| 100|0x00000005b2000000, 0x00000005b2800000, 0x00000005b2800000|100%| O|  |TAMS 0x00000005b2800000, 0x00000005b2800000| Untracked 
| 101|0x00000005b2800000, 0x00000005b3000000, 0x00000005b3000000|100%| O|  |TAMS 0x00000005b3000000, 0x00000005b3000000| Untracked 
| 102|0x00000005b3000000, 0x00000005b3800000, 0x00000005b3800000|100%| O|  |TAMS 0x00000005b3800000, 0x00000005b3800000| Untracked 
| 103|0x00000005b3800000, 0x00000005b4000000, 0x00000005b4000000|100%| O|  |TAMS 0x00000005b4000000, 0x00000005b4000000| Untracked 
| 104|0x00000005b4000000, 0x00000005b4800000, 0x00000005b4800000|100%| O|  |TAMS 0x00000005b4800000, 0x00000005b4800000| Untracked 
| 105|0x00000005b4800000, 0x00000005b5000000, 0x00000005b5000000|100%| O|  |TAMS 0x00000005b5000000, 0x00000005b5000000| Untracked 
| 106|0x00000005b5000000, 0x00000005b5800000, 0x00000005b5800000|100%| O|  |TAMS 0x00000005b5800000, 0x00000005b5800000| Untracked 
| 107|0x00000005b5800000, 0x00000005b6000000, 0x00000005b6000000|100%| O|  |TAMS 0x00000005b6000000, 0x00000005b6000000| Untracked 
| 108|0x00000005b6000000, 0x00000005b6800000, 0x00000005b6800000|100%| O|  |TAMS 0x00000005b6800000, 0x00000005b6800000| Untracked 
| 109|0x00000005b6800000, 0x00000005b7000000, 0x00000005b7000000|100%| O|  |TAMS 0x00000005b7000000, 0x00000005b7000000| Untracked 
| 110|0x00000005b7000000, 0x00000005b7800000, 0x00000005b7800000|100%| O|  |TAMS 0x00000005b7800000, 0x00000005b7800000| Untracked 
| 111|0x00000005b7800000, 0x00000005b8000000, 0x00000005b8000000|100%| O|  |TAMS 0x00000005b8000000, 0x00000005b8000000| Untracked 
| 112|0x00000005b8000000, 0x00000005b8800000, 0x00000005b8800000|100%| O|  |TAMS 0x00000005b8800000, 0x00000005b8800000| Untracked 
| 113|0x00000005b8800000, 0x00000005b9000000, 0x00000005b9000000|100%| O|  |TAMS 0x00000005b9000000, 0x00000005b9000000| Untracked 
| 114|0x00000005b9000000, 0x00000005b9800000, 0x00000005b9800000|100%| O|  |TAMS 0x00000005b9800000, 0x00000005b9800000| Untracked 
| 115|0x00000005b9800000, 0x00000005ba000000, 0x00000005ba000000|100%| O|  |TAMS 0x00000005ba000000, 0x00000005ba000000| Untracked 
| 116|0x00000005ba000000, 0x00000005ba800000, 0x00000005ba800000|100%| O|  |TAMS 0x00000005ba800000, 0x00000005ba800000| Untracked 
| 117|0x00000005ba800000, 0x00000005bb000000, 0x00000005bb000000|100%| O|  |TAMS 0x00000005bb000000, 0x00000005bb000000| Untracked 
| 118|0x00000005bb000000, 0x00000005bb800000, 0x00000005bb800000|100%| O|  |TAMS 0x00000005bb800000, 0x00000005bb800000| Untracked 
| 119|0x00000005bb800000, 0x00000005bc000000, 0x00000005bc000000|100%| O|  |TAMS 0x00000005bc000000, 0x00000005bc000000| Untracked 
| 120|0x00000005bc000000, 0x00000005bc800000, 0x00000005bc800000|100%| O|  |TAMS 0x00000005bc800000, 0x00000005bc800000| Untracked 
| 121|0x00000005bc800000, 0x00000005bd000000, 0x00000005bd000000|100%| O|  |TAMS 0x00000005bd000000, 0x00000005bd000000| Untracked 
| 122|0x00000005bd000000, 0x00000005bd800000, 0x00000005bd800000|100%| O|  |TAMS 0x00000005bd800000, 0x00000005bd800000| Untracked 
| 123|0x00000005bd800000, 0x00000005be000000, 0x00000005be000000|100%| O|  |TAMS 0x00000005be000000, 0x00000005be000000| Untracked 
| 124|0x00000005be000000, 0x00000005be800000, 0x00000005be800000|100%| O|  |TAMS 0x00000005be800000, 0x00000005be800000| Untracked 
| 125|0x00000005be800000, 0x00000005bf000000, 0x00000005bf000000|100%| O|  |TAMS 0x00000005bf000000, 0x00000005bf000000| Untracked 
| 126|0x00000005bf000000, 0x00000005bf800000, 0x00000005bf800000|100%| O|  |TAMS 0x00000005bf800000, 0x00000005bf800000| Untracked 
| 127|0x00000005bf800000, 0x00000005c0000000, 0x00000005c0000000|100%| O|  |TAMS 0x00000005c0000000, 0x00000005c0000000| Untracked 
| 128|0x00000005c0000000, 0x00000005c0800000, 0x00000005c0800000|100%| O|  |TAMS 0x00000005c0800000, 0x00000005c0800000| Untracked 
| 129|0x00000005c0800000, 0x00000005c1000000, 0x00000005c1000000|100%| O|  |TAMS 0x00000005c1000000, 0x00000005c1000000| Untracked 
| 130|0x00000005c1000000, 0x00000005c1800000, 0x00000005c1800000|100%| O|  |TAMS 0x00000005c1800000, 0x00000005c1800000| Untracked 
| 131|0x00000005c1800000, 0x00000005c2000000, 0x00000005c2000000|100%| O|  |TAMS 0x00000005c2000000, 0x00000005c2000000| Untracked 
| 132|0x00000005c2000000, 0x00000005c2800000, 0x00000005c2800000|100%| O|  |TAMS 0x00000005c2800000, 0x00000005c2800000| Untracked 
| 133|0x00000005c2800000, 0x00000005c3000000, 0x00000005c3000000|100%| O|  |TAMS 0x00000005c3000000, 0x00000005c3000000| Untracked 
| 134|0x00000005c3000000, 0x00000005c3800000, 0x00000005c3800000|100%| O|  |TAMS 0x00000005c3800000, 0x00000005c3800000| Untracked 
| 135|0x00000005c3800000, 0x00000005c4000000, 0x00000005c4000000|100%| O|  |TAMS 0x00000005c4000000, 0x00000005c4000000| Untracked 
| 136|0x00000005c4000000, 0x00000005c4800000, 0x00000005c4800000|100%| O|  |TAMS 0x00000005c4800000, 0x00000005c4800000| Untracked 
| 137|0x00000005c4800000, 0x00000005c5000000, 0x00000005c5000000|100%| O|  |TAMS 0x00000005c5000000, 0x00000005c5000000| Untracked 
| 138|0x00000005c5000000, 0x00000005c5800000, 0x00000005c5800000|100%| O|  |TAMS 0x00000005c5800000, 0x00000005c5800000| Untracked 
| 139|0x00000005c5800000, 0x00000005c6000000, 0x00000005c6000000|100%| O|  |TAMS 0x00000005c6000000, 0x00000005c6000000| Untracked 
| 140|0x00000005c6000000, 0x00000005c6800000, 0x00000005c6800000|100%| O|  |TAMS 0x00000005c6800000, 0x00000005c6800000| Untracked 
| 141|0x00000005c6800000, 0x00000005c7000000, 0x00000005c7000000|100%| O|  |TAMS 0x00000005c7000000, 0x00000005c7000000| Untracked 
| 142|0x00000005c7000000, 0x00000005c7800000, 0x00000005c7800000|100%| O|  |TAMS 0x00000005c7800000, 0x00000005c7800000| Untracked 
| 143|0x00000005c7800000, 0x00000005c8000000, 0x00000005c8000000|100%| O|  |TAMS 0x00000005c8000000, 0x00000005c8000000| Untracked 
| 144|0x00000005c8000000, 0x00000005c8800000, 0x00000005c8800000|100%| O|  |TAMS 0x00000005c8800000, 0x00000005c8800000| Untracked 
| 145|0x00000005c8800000, 0x00000005c9000000, 0x00000005c9000000|100%| O|  |TAMS 0x00000005c9000000, 0x00000005c9000000| Untracked 
| 146|0x00000005c9000000, 0x00000005c9800000, 0x00000005c9800000|100%| O|  |TAMS 0x00000005c9800000, 0x00000005c9800000| Untracked 
| 147|0x00000005c9800000, 0x00000005ca000000, 0x00000005ca000000|100%| O|  |TAMS 0x00000005ca000000, 0x00000005ca000000| Untracked 
| 148|0x00000005ca000000, 0x00000005ca800000, 0x00000005ca800000|100%| O|  |TAMS 0x00000005ca800000, 0x00000005ca800000| Untracked 
| 149|0x00000005ca800000, 0x00000005cb000000, 0x00000005cb000000|100%| O|  |TAMS 0x00000005cb000000, 0x00000005cb000000| Untracked 
| 150|0x00000005cb000000, 0x00000005cb800000, 0x00000005cb800000|100%| O|  |TAMS 0x00000005cb800000, 0x00000005cb800000| Untracked 
| 151|0x00000005cb800000, 0x00000005cc000000, 0x00000005cc000000|100%| O|  |TAMS 0x00000005cc000000, 0x00000005cc000000| Untracked 
| 152|0x00000005cc000000, 0x00000005cc800000, 0x00000005cc800000|100%| O|  |TAMS 0x00000005cc800000, 0x00000005cc800000| Untracked 
| 153|0x00000005cc800000, 0x00000005cd000000, 0x00000005cd000000|100%| O|  |TAMS 0x00000005cd000000, 0x00000005cd000000| Untracked 
| 154|0x00000005cd000000, 0x00000005cd800000, 0x00000005cd800000|100%| O|  |TAMS 0x00000005cd800000, 0x00000005cd800000| Untracked 
| 155|0x00000005cd800000, 0x00000005ce000000, 0x00000005ce000000|100%| O|  |TAMS 0x00000005ce000000, 0x00000005ce000000| Untracked 
| 156|0x00000005ce000000, 0x00000005ce800000, 0x00000005ce800000|100%| O|  |TAMS 0x00000005ce800000, 0x00000005ce800000| Untracked 
| 157|0x00000005ce800000, 0x00000005cf000000, 0x00000005cf000000|100%| O|  |TAMS 0x00000005cf000000, 0x00000005cf000000| Untracked 
| 158|0x00000005cf000000, 0x00000005cf800000, 0x00000005cf800000|100%| O|  |TAMS 0x00000005cf800000, 0x00000005cf800000| Untracked 
| 159|0x00000005cf800000, 0x00000005d0000000, 0x00000005d0000000|100%| O|  |TAMS 0x00000005d0000000, 0x00000005d0000000| Untracked 
| 160|0x00000005d0000000, 0x00000005d0800000, 0x00000005d0800000|100%| O|  |TAMS 0x00000005d0800000, 0x00000005d0800000| Untracked 
| 161|0x00000005d0800000, 0x00000005d1000000, 0x00000005d1000000|100%| O|  |TAMS 0x00000005d1000000, 0x00000005d1000000| Untracked 
| 162|0x00000005d1000000, 0x00000005d1800000, 0x00000005d1800000|100%| O|  |TAMS 0x00000005d1800000, 0x00000005d1800000| Untracked 
| 163|0x00000005d1800000, 0x00000005d2000000, 0x00000005d2000000|100%| O|  |TAMS 0x00000005d2000000, 0x00000005d2000000| Untracked 
| 164|0x00000005d2000000, 0x00000005d2800000, 0x00000005d2800000|100%| O|  |TAMS 0x00000005d2800000, 0x00000005d2800000| Untracked 
| 165|0x00000005d2800000, 0x00000005d3000000, 0x00000005d3000000|100%| O|  |TAMS 0x00000005d3000000, 0x00000005d3000000| Untracked 
| 166|0x00000005d3000000, 0x00000005d3800000, 0x00000005d3800000|100%| O|  |TAMS 0x00000005d3800000, 0x00000005d3800000| Untracked 
| 167|0x00000005d3800000, 0x00000005d4000000, 0x00000005d4000000|100%| O|  |TAMS 0x00000005d4000000, 0x00000005d4000000| Untracked 
| 168|0x00000005d4000000, 0x00000005d4800000, 0x00000005d4800000|100%| O|  |TAMS 0x00000005d4800000, 0x00000005d4800000| Untracked 
| 169|0x00000005d4800000, 0x00000005d5000000, 0x00000005d5000000|100%| O|  |TAMS 0x00000005d5000000, 0x00000005d5000000| Untracked 
| 170|0x00000005d5000000, 0x00000005d5800000, 0x00000005d5800000|100%| O|  |TAMS 0x00000005d5800000, 0x00000005d5800000| Untracked 
| 171|0x00000005d5800000, 0x00000005d6000000, 0x00000005d6000000|100%| O|  |TAMS 0x00000005d6000000, 0x00000005d6000000| Untracked 
| 172|0x00000005d6000000, 0x00000005d6800000, 0x00000005d6800000|100%| O|  |TAMS 0x00000005d6800000, 0x00000005d6800000| Untracked 
| 173|0x00000005d6800000, 0x00000005d7000000, 0x00000005d7000000|100%| O|  |TAMS 0x00000005d7000000, 0x00000005d7000000| Untracked 
| 174|0x00000005d7000000, 0x00000005d7800000, 0x00000005d7800000|100%| O|  |TAMS 0x00000005d7800000, 0x00000005d7800000| Untracked 
| 175|0x00000005d7800000, 0x00000005d8000000, 0x00000005d8000000|100%| O|  |TAMS 0x00000005d8000000, 0x00000005d8000000| Untracked 
| 176|0x00000005d8000000, 0x00000005d8800000, 0x00000005d8800000|100%| O|  |TAMS 0x00000005d8800000, 0x00000005d8800000| Untracked 
| 177|0x00000005d8800000, 0x00000005d9000000, 0x00000005d9000000|100%| O|  |TAMS 0x00000005d9000000, 0x00000005d9000000| Untracked 
| 178|0x00000005d9000000, 0x00000005d9800000, 0x00000005d9800000|100%| O|  |TAMS 0x00000005d9800000, 0x00000005d9800000| Untracked 
| 179|0x00000005d9800000, 0x00000005da000000, 0x00000005da000000|100%| O|  |TAMS 0x00000005da000000, 0x00000005da000000| Untracked 
| 180|0x00000005da000000, 0x00000005da800000, 0x00000005da800000|100%| O|  |TAMS 0x00000005da800000, 0x00000005da800000| Untracked 
| 181|0x00000005da800000, 0x00000005db000000, 0x00000005db000000|100%| O|  |TAMS 0x00000005db000000, 0x00000005db000000| Untracked 
| 182|0x00000005db000000, 0x00000005db800000, 0x00000005db800000|100%| O|  |TAMS 0x00000005db800000, 0x00000005db800000| Untracked 
| 183|0x00000005db800000, 0x00000005dc000000, 0x00000005dc000000|100%| O|  |TAMS 0x00000005dc000000, 0x00000005dc000000| Untracked 
| 184|0x00000005dc000000, 0x00000005dc800000, 0x00000005dc800000|100%| O|  |TAMS 0x00000005dc800000, 0x00000005dc800000| Untracked 
| 185|0x00000005dc800000, 0x00000005dd000000, 0x00000005dd000000|100%| O|  |TAMS 0x00000005dd000000, 0x00000005dd000000| Untracked 
| 186|0x00000005dd000000, 0x00000005dd800000, 0x00000005dd800000|100%| O|  |TAMS 0x00000005dd800000, 0x00000005dd800000| Untracked 
| 187|0x00000005dd800000, 0x00000005de000000, 0x00000005de000000|100%| O|  |TAMS 0x00000005de000000, 0x00000005de000000| Untracked 
| 188|0x00000005de000000, 0x00000005de800000, 0x00000005de800000|100%| O|  |TAMS 0x00000005de800000, 0x00000005de800000| Untracked 
| 189|0x00000005de800000, 0x00000005df000000, 0x00000005df000000|100%| O|  |TAMS 0x00000005df000000, 0x00000005df000000| Untracked 
| 190|0x00000005df000000, 0x00000005df800000, 0x00000005df800000|100%| O|  |TAMS 0x00000005df800000, 0x00000005df800000| Untracked 
| 191|0x00000005df800000, 0x00000005e0000000, 0x00000005e0000000|100%| O|  |TAMS 0x00000005e0000000, 0x00000005e0000000| Untracked 
| 192|0x00000005e0000000, 0x00000005e0800000, 0x00000005e0800000|100%| O|  |TAMS 0x00000005e0800000, 0x00000005e0800000| Untracked 
| 193|0x00000005e0800000, 0x00000005e1000000, 0x00000005e1000000|100%| O|  |TAMS 0x00000005e1000000, 0x00000005e1000000| Untracked 
| 194|0x00000005e1000000, 0x00000005e1800000, 0x00000005e1800000|100%| O|  |TAMS 0x00000005e1800000, 0x00000005e1800000| Untracked 
| 195|0x00000005e1800000, 0x00000005e2000000, 0x00000005e2000000|100%| O|  |TAMS 0x00000005e2000000, 0x00000005e2000000| Untracked 
| 196|0x00000005e2000000, 0x00000005e2800000, 0x00000005e2800000|100%| O|  |TAMS 0x00000005e22ce000, 0x00000005e2800000| Untracked 
| 197|0x00000005e2800000, 0x00000005e3000000, 0x00000005e3000000|100%| O|  |TAMS 0x00000005e2800000, 0x00000005e3000000| Untracked 
| 198|0x00000005e3000000, 0x00000005e3800000, 0x00000005e3800000|100%| O|  |TAMS 0x00000005e3000000, 0x00000005e3800000| Untracked 
| 199|0x00000005e3800000, 0x00000005e4000000, 0x00000005e4000000|100%| O|  |TAMS 0x00000005e3800000, 0x00000005e4000000| Untracked 
| 200|0x00000005e4000000, 0x00000005e4800000, 0x00000005e4800000|100%| O|  |TAMS 0x00000005e4000000, 0x00000005e4800000| Untracked 
| 201|0x00000005e4800000, 0x00000005e5000000, 0x00000005e5000000|100%| O|  |TAMS 0x00000005e4800000, 0x00000005e5000000| Untracked 
| 202|0x00000005e5000000, 0x00000005e5800000, 0x00000005e5800000|100%| O|  |TAMS 0x00000005e5000000, 0x00000005e5800000| Untracked 
| 203|0x00000005e5800000, 0x00000005e6000000, 0x00000005e6000000|100%| O|  |TAMS 0x00000005e5800000, 0x00000005e6000000| Untracked 
| 204|0x00000005e6000000, 0x00000005e6800000, 0x00000005e6800000|100%| O|  |TAMS 0x00000005e6000000, 0x00000005e6800000| Untracked 
| 205|0x00000005e6800000, 0x00000005e7000000, 0x00000005e7000000|100%| O|  |TAMS 0x00000005e6800000, 0x00000005e7000000| Untracked 
| 206|0x00000005e7000000, 0x00000005e7800000, 0x00000005e7800000|100%| O|  |TAMS 0x00000005e7000000, 0x00000005e7800000| Untracked 
| 207|0x00000005e7800000, 0x00000005e8000000, 0x00000005e8000000|100%| O|  |TAMS 0x00000005e7800000, 0x00000005e8000000| Untracked 
| 208|0x00000005e8000000, 0x00000005e8800000, 0x00000005e8800000|100%| O|  |TAMS 0x00000005e8000000, 0x00000005e8800000| Untracked 
| 209|0x00000005e8800000, 0x00000005e9000000, 0x00000005e9000000|100%| O|  |TAMS 0x00000005e8800000, 0x00000005e9000000| Untracked 
| 210|0x00000005e9000000, 0x00000005e9800000, 0x00000005e9800000|100%| O|  |TAMS 0x00000005e9000000, 0x00000005e9800000| Untracked 
| 211|0x00000005e9800000, 0x00000005ea000000, 0x00000005ea000000|100%| O|  |TAMS 0x00000005e9800000, 0x00000005ea000000| Untracked 
| 212|0x00000005ea000000, 0x00000005ea800000, 0x00000005ea800000|100%| O|  |TAMS 0x00000005ea000000, 0x00000005ea800000| Untracked 
| 213|0x00000005ea800000, 0x00000005eb000000, 0x00000005eb000000|100%|HS|  |TAMS 0x00000005ea800000, 0x00000005eb000000| Complete 
| 214|0x00000005eb000000, 0x00000005eb800000, 0x00000005eb800000|100%|HC|  |TAMS 0x00000005eb000000, 0x00000005eb800000| Complete 
| 215|0x00000005eb800000, 0x00000005ec000000, 0x00000005ec000000|100%|HC|  |TAMS 0x00000005eb800000, 0x00000005ec000000| Complete 
| 216|0x00000005ec000000, 0x00000005ec800000, 0x00000005ec800000|100%|HC|  |TAMS 0x00000005ec000000, 0x00000005ec800000| Complete 
| 217|0x00000005ec800000, 0x00000005ed000000, 0x00000005ed000000|100%|HC|  |TAMS 0x00000005ec800000, 0x00000005ed000000| Complete 
| 218|0x00000005ed000000, 0x00000005ed800000, 0x00000005ed800000|100%|HC|  |TAMS 0x00000005ed000000, 0x00000005ed800000| Complete 
| 219|0x00000005ed800000, 0x00000005ee000000, 0x00000005ee000000|100%|HC|  |TAMS 0x00000005ed800000, 0x00000005ee000000| Complete 
| 220|0x00000005ee000000, 0x00000005ee800000, 0x00000005ee800000|100%|HC|  |TAMS 0x00000005ee000000, 0x00000005ee800000| Complete 
| 221|0x00000005ee800000, 0x00000005ef000000, 0x00000005ef000000|100%|HC|  |TAMS 0x00000005ee800000, 0x00000005ef000000| Complete 
| 222|0x00000005ef000000, 0x00000005ef800000, 0x00000005ef800000|100%|HC|  |TAMS 0x00000005ef000000, 0x00000005ef800000| Complete 
| 223|0x00000005ef800000, 0x00000005f0000000, 0x00000005f0000000|100%|HC|  |TAMS 0x00000005ef800000, 0x00000005f0000000| Complete 
| 224|0x00000005f0000000, 0x00000005f0800000, 0x00000005f0800000|100%|HC|  |TAMS 0x00000005f0000000, 0x00000005f0800000| Complete 
| 225|0x00000005f0800000, 0x00000005f1000000, 0x00000005f1000000|100%|HC|  |TAMS 0x00000005f0800000, 0x00000005f1000000| Complete 
| 226|0x00000005f1000000, 0x00000005f1800000, 0x00000005f1800000|100%|HC|  |TAMS 0x00000005f1000000, 0x00000005f1800000| Complete 
| 227|0x00000005f1800000, 0x00000005f2000000, 0x00000005f2000000|100%|HC|  |TAMS 0x00000005f1800000, 0x00000005f2000000| Complete 
| 228|0x00000005f2000000, 0x00000005f2800000, 0x00000005f2800000|100%|HC|  |TAMS 0x00000005f2000000, 0x00000005f2800000| Complete 
| 229|0x00000005f2800000, 0x00000005f3000000, 0x00000005f3000000|100%|HC|  |TAMS 0x00000005f2800000, 0x00000005f3000000| Complete 
| 230|0x00000005f3000000, 0x00000005f3800000, 0x00000005f3800000|100%|HC|  |TAMS 0x00000005f3000000, 0x00000005f3800000| Complete 
| 231|0x00000005f3800000, 0x00000005f4000000, 0x00000005f4000000|100%|HC|  |TAMS 0x00000005f3800000, 0x00000005f4000000| Complete 
| 232|0x00000005f4000000, 0x00000005f4800000, 0x00000005f4800000|100%|HC|  |TAMS 0x00000005f4000000, 0x00000005f4800000| Complete 
| 233|0x00000005f4800000, 0x00000005f5000000, 0x00000005f5000000|100%|HC|  |TAMS 0x00000005f4800000, 0x00000005f5000000| Complete 
| 234|0x00000005f5000000, 0x00000005f5800000, 0x00000005f5800000|100%|HC|  |TAMS 0x00000005f5000000, 0x00000005f5800000| Complete 
| 235|0x00000005f5800000, 0x00000005f6000000, 0x00000005f6000000|100%|HC|  |TAMS 0x00000005f5800000, 0x00000005f6000000| Complete 
| 236|0x00000005f6000000, 0x00000005f6800000, 0x00000005f6800000|100%|HC|  |TAMS 0x00000005f6000000, 0x00000005f6800000| Complete 
| 237|0x00000005f6800000, 0x00000005f7000000, 0x00000005f7000000|100%|HC|  |TAMS 0x00000005f6800000, 0x00000005f7000000| Complete 
| 238|0x00000005f7000000, 0x00000005f7800000, 0x00000005f7800000|100%|HC|  |TAMS 0x00000005f7000000, 0x00000005f7800000| Complete 
| 239|0x00000005f7800000, 0x00000005f8000000, 0x00000005f8000000|100%|HC|  |TAMS 0x00000005f7800000, 0x00000005f8000000| Complete 
| 240|0x00000005f8000000, 0x00000005f8800000, 0x00000005f8800000|100%| O|  |TAMS 0x00000005f8000000, 0x00000005f8800000| Untracked 
| 241|0x00000005f8800000, 0x00000005f9000000, 0x00000005f9000000|100%| O|  |TAMS 0x00000005f8800000, 0x00000005f9000000| Untracked 
| 242|0x00000005f9000000, 0x00000005f9800000, 0x00000005f9800000|100%| O|  |TAMS 0x00000005f9000000, 0x00000005f9800000| Untracked 
| 243|0x00000005f9800000, 0x00000005fa000000, 0x00000005fa000000|100%| O|  |TAMS 0x00000005f9800000, 0x00000005fa000000| Untracked 
| 244|0x00000005fa000000, 0x00000005fa800000, 0x00000005fa800000|100%| O|  |TAMS 0x00000005fa000000, 0x00000005fa800000| Untracked 
| 245|0x00000005fa800000, 0x00000005fb000000, 0x00000005fb000000|100%| O|  |TAMS 0x00000005fa800000, 0x00000005fb000000| Untracked 
| 246|0x00000005fb000000, 0x00000005fb800000, 0x00000005fb800000|100%| O|  |TAMS 0x00000005fb000000, 0x00000005fb800000| Untracked 
| 247|0x00000005fb800000, 0x00000005fc000000, 0x00000005fc000000|100%| O|  |TAMS 0x00000005fb800000, 0x00000005fc000000| Untracked 
| 248|0x00000005fc000000, 0x00000005fc800000, 0x00000005fc800000|100%| O|  |TAMS 0x00000005fc000000, 0x00000005fc800000| Untracked 
| 249|0x00000005fc800000, 0x00000005fd000000, 0x00000005fd000000|100%| O|  |TAMS 0x00000005fc800000, 0x00000005fd000000| Untracked 
| 250|0x00000005fd000000, 0x00000005fd800000, 0x00000005fd800000|100%| O|  |TAMS 0x00000005fd000000, 0x00000005fd800000| Untracked 
| 251|0x00000005fd800000, 0x00000005fe000000, 0x00000005fe000000|100%| O|  |TAMS 0x00000005fd800000, 0x00000005fe000000| Untracked 
| 252|0x00000005fe000000, 0x00000005fe800000, 0x00000005fe800000|100%| O|  |TAMS 0x00000005fe000000, 0x00000005fe800000| Untracked 
| 253|0x00000005fe800000, 0x00000005ff000000, 0x00000005ff000000|100%| O|  |TAMS 0x00000005fe800000, 0x00000005ff000000| Untracked 
| 254|0x00000005ff000000, 0x00000005ff800000, 0x00000005ff800000|100%| O|  |TAMS 0x00000005ff000000, 0x00000005ff800000| Untracked 
| 255|0x00000005ff800000, 0x0000000600000000, 0x0000000600000000|100%| O|  |TAMS 0x00000005ff800000, 0x0000000600000000| Untracked 
| 256|0x0000000600000000, 0x0000000600800000, 0x0000000600800000|100%| O|  |TAMS 0x0000000600000000, 0x0000000600800000| Untracked 
| 257|0x0000000600800000, 0x0000000601000000, 0x0000000601000000|100%| O|  |TAMS 0x0000000600800000, 0x0000000601000000| Untracked 
| 258|0x0000000601000000, 0x0000000601800000, 0x0000000601800000|100%| O|  |TAMS 0x0000000601000000, 0x0000000601800000| Untracked 
| 259|0x0000000601800000, 0x0000000602000000, 0x0000000602000000|100%| O|  |TAMS 0x0000000601800000, 0x0000000602000000| Untracked 
| 260|0x0000000602000000, 0x0000000602800000, 0x0000000602800000|100%| O|  |TAMS 0x0000000602000000, 0x000000060205fe00| Untracked 
| 261|0x0000000602800000, 0x0000000603000000, 0x0000000603000000|100%| O|  |TAMS 0x0000000602800000, 0x0000000602800000| Untracked 
| 262|0x0000000603000000, 0x0000000603800000, 0x0000000603800000|100%| O|  |TAMS 0x0000000603000000, 0x0000000603000000| Untracked 
| 263|0x0000000603800000, 0x0000000604000000, 0x0000000604000000|100%| O|  |TAMS 0x0000000603800000, 0x0000000603800000| Untracked 
| 264|0x0000000604000000, 0x0000000604800000, 0x0000000604800000|100%| O|  |TAMS 0x0000000604000000, 0x0000000604000000| Untracked 
| 265|0x0000000604800000, 0x0000000605000000, 0x0000000605000000|100%| O|  |TAMS 0x0000000604800000, 0x0000000604800000| Untracked 
| 266|0x0000000605000000, 0x0000000605800000, 0x0000000605800000|100%| O|  |TAMS 0x0000000605000000, 0x0000000605000000| Untracked 
| 267|0x0000000605800000, 0x0000000606000000, 0x0000000606000000|100%| O|  |TAMS 0x0000000605800000, 0x0000000605800000| Untracked 
| 268|0x0000000606000000, 0x0000000606800000, 0x0000000606800000|100%| O|  |TAMS 0x0000000606000000, 0x0000000606000000| Untracked 
| 269|0x0000000606800000, 0x0000000607000000, 0x0000000607000000|100%| O|  |TAMS 0x0000000606800000, 0x0000000606800000| Untracked 
| 270|0x0000000607000000, 0x0000000607800000, 0x0000000607800000|100%| O|  |TAMS 0x0000000607000000, 0x0000000607000000| Untracked 
| 271|0x0000000607800000, 0x0000000608000000, 0x0000000608000000|100%| O|  |TAMS 0x0000000607800000, 0x0000000607800000| Untracked 
| 272|0x0000000608000000, 0x0000000608800000, 0x0000000608800000|100%| O|  |TAMS 0x0000000608000000, 0x0000000608000000| Untracked 
| 273|0x0000000608800000, 0x0000000609000000, 0x0000000609000000|100%| O|  |TAMS 0x0000000608800000, 0x0000000608800000| Untracked 
| 274|0x0000000609000000, 0x0000000609800000, 0x0000000609800000|100%| O|  |TAMS 0x0000000609000000, 0x0000000609000000| Untracked 
| 275|0x0000000609800000, 0x000000060a000000, 0x000000060a000000|100%| O|  |TAMS 0x0000000609800000, 0x0000000609800000| Untracked 
| 276|0x000000060a000000, 0x000000060a800000, 0x000000060a800000|100%| O|  |TAMS 0x000000060a000000, 0x000000060a000000| Untracked 
| 277|0x000000060a800000, 0x000000060b000000, 0x000000060b000000|100%| O|  |TAMS 0x000000060a800000, 0x000000060a800000| Untracked 
| 278|0x000000060b000000, 0x000000060b800000, 0x000000060b800000|100%| O|  |TAMS 0x000000060b000000, 0x000000060b000000| Untracked 
| 279|0x000000060b800000, 0x000000060c000000, 0x000000060c000000|100%| O|  |TAMS 0x000000060b800000, 0x000000060b800000| Untracked 
| 280|0x000000060c000000, 0x000000060c800000, 0x000000060c800000|100%| O|  |TAMS 0x000000060c000000, 0x000000060c000000| Untracked 
| 281|0x000000060c800000, 0x000000060d000000, 0x000000060d000000|100%| O|  |TAMS 0x000000060c800000, 0x000000060c800000| Untracked 
| 282|0x000000060d000000, 0x000000060d800000, 0x000000060d800000|100%| O|  |TAMS 0x000000060d000000, 0x000000060d000000| Untracked 
| 283|0x000000060d800000, 0x000000060e000000, 0x000000060e000000|100%| O|  |TAMS 0x000000060d800000, 0x000000060d800000| Untracked 
| 284|0x000000060e000000, 0x000000060e800000, 0x000000060e800000|100%| O|  |TAMS 0x000000060e000000, 0x000000060e000000| Untracked 
| 285|0x000000060e800000, 0x000000060f000000, 0x000000060f000000|100%| O|  |TAMS 0x000000060e800000, 0x000000060e800000| Untracked 
| 286|0x000000060f000000, 0x000000060f800000, 0x000000060f800000|100%| O|  |TAMS 0x000000060f000000, 0x000000060f000000| Untracked 
| 287|0x000000060f800000, 0x0000000610000000, 0x0000000610000000|100%| O|  |TAMS 0x000000060f800000, 0x000000060f800000| Untracked 
| 288|0x0000000610000000, 0x0000000610800000, 0x0000000610800000|100%| O|  |TAMS 0x0000000610000000, 0x0000000610000000| Untracked 
| 289|0x0000000610800000, 0x0000000611000000, 0x0000000611000000|100%| O|  |TAMS 0x0000000610800000, 0x0000000610800000| Untracked 
| 290|0x0000000611000000, 0x0000000611800000, 0x0000000611800000|100%| O|  |TAMS 0x0000000611000000, 0x0000000611000000| Untracked 
| 291|0x0000000611800000, 0x0000000611800000, 0x0000000612000000|  0%| F|  |TAMS 0x0000000611800000, 0x0000000611800000| Untracked 
| 292|0x0000000612000000, 0x0000000612000000, 0x0000000612800000|  0%| F|  |TAMS 0x0000000612000000, 0x0000000612000000| Untracked 
| 293|0x0000000612800000, 0x0000000612800000, 0x0000000613000000|  0%| F|  |TAMS 0x0000000612800000, 0x0000000612800000| Untracked 
| 294|0x0000000613000000, 0x0000000613000000, 0x0000000613800000|  0%| F|  |TAMS 0x0000000613000000, 0x0000000613000000| Untracked 
| 295|0x0000000613800000, 0x0000000613800000, 0x0000000614000000|  0%| F|  |TAMS 0x0000000613800000, 0x0000000613800000| Untracked 
| 296|0x0000000614000000, 0x0000000614000000, 0x0000000614800000|  0%| F|  |TAMS 0x0000000614000000, 0x0000000614000000| Untracked 
| 297|0x0000000614800000, 0x0000000614800000, 0x0000000615000000|  0%| F|  |TAMS 0x0000000614800000, 0x0000000614800000| Untracked 
| 298|0x0000000615000000, 0x0000000615000000, 0x0000000615800000|  0%| F|  |TAMS 0x0000000615000000, 0x0000000615000000| Untracked 
| 299|0x0000000615800000, 0x0000000615800000, 0x0000000616000000|  0%| F|  |TAMS 0x0000000615800000, 0x0000000615800000| Untracked 
| 300|0x0000000616000000, 0x0000000616000000, 0x0000000616800000|  0%| F|  |TAMS 0x0000000616000000, 0x0000000616000000| Untracked 
| 301|0x0000000616800000, 0x0000000616800000, 0x0000000617000000|  0%| F|  |TAMS 0x0000000616800000, 0x0000000616800000| Untracked 
| 302|0x0000000617000000, 0x0000000617000000, 0x0000000617800000|  0%| F|  |TAMS 0x0000000617000000, 0x0000000617000000| Untracked 
| 303|0x0000000617800000, 0x0000000617800000, 0x0000000618000000|  0%| F|  |TAMS 0x0000000617800000, 0x0000000617800000| Untracked 
| 304|0x0000000618000000, 0x0000000618000000, 0x0000000618800000|  0%| F|  |TAMS 0x0000000618000000, 0x0000000618000000| Untracked 
| 305|0x0000000618800000, 0x0000000618800000, 0x0000000619000000|  0%| F|  |TAMS 0x0000000618800000, 0x0000000618800000| Untracked 
| 306|0x0000000619000000, 0x0000000619000000, 0x0000000619800000|  0%| F|  |TAMS 0x0000000619000000, 0x0000000619000000| Untracked 
| 307|0x0000000619800000, 0x0000000619800000, 0x000000061a000000|  0%| F|  |TAMS 0x0000000619800000, 0x0000000619800000| Untracked 
| 308|0x000000061a000000, 0x000000061a000000, 0x000000061a800000|  0%| F|  |TAMS 0x000000061a000000, 0x000000061a000000| Untracked 
| 309|0x000000061a800000, 0x000000061a800000, 0x000000061b000000|  0%| F|  |TAMS 0x000000061a800000, 0x000000061a800000| Untracked 
| 310|0x000000061b000000, 0x000000061b000000, 0x000000061b800000|  0%| F|  |TAMS 0x000000061b000000, 0x000000061b000000| Untracked 
| 311|0x000000061b800000, 0x000000061b800000, 0x000000061c000000|  0%| F|  |TAMS 0x000000061b800000, 0x000000061b800000| Untracked 
| 312|0x000000061c000000, 0x000000061c000000, 0x000000061c800000|  0%| F|  |TAMS 0x000000061c000000, 0x000000061c000000| Untracked 
| 313|0x000000061c800000, 0x000000061c800000, 0x000000061d000000|  0%| F|  |TAMS 0x000000061c800000, 0x000000061c800000| Untracked 
| 314|0x000000061d000000, 0x000000061d000000, 0x000000061d800000|  0%| F|  |TAMS 0x000000061d000000, 0x000000061d000000| Untracked 
| 315|0x000000061d800000, 0x000000061d800000, 0x000000061e000000|  0%| F|  |TAMS 0x000000061d800000, 0x000000061d800000| Untracked 
| 316|0x000000061e000000, 0x000000061e000000, 0x000000061e800000|  0%| F|  |TAMS 0x000000061e000000, 0x000000061e000000| Untracked 
| 317|0x000000061e800000, 0x000000061e800000, 0x000000061f000000|  0%| F|  |TAMS 0x000000061e800000, 0x000000061e800000| Untracked 
| 318|0x000000061f000000, 0x000000061f000000, 0x000000061f800000|  0%| F|  |TAMS 0x000000061f000000, 0x000000061f000000| Untracked 
| 319|0x000000061f800000, 0x000000061f800000, 0x0000000620000000|  0%| F|  |TAMS 0x000000061f800000, 0x000000061f800000| Untracked 
| 320|0x0000000620000000, 0x0000000620000000, 0x0000000620800000|  0%| F|  |TAMS 0x0000000620000000, 0x0000000620000000| Untracked 
| 321|0x0000000620800000, 0x0000000620800000, 0x0000000621000000|  0%| F|  |TAMS 0x0000000620800000, 0x0000000620800000| Untracked 
| 322|0x0000000621000000, 0x0000000621000000, 0x0000000621800000|  0%| F|  |TAMS 0x0000000621000000, 0x0000000621000000| Untracked 
| 323|0x0000000621800000, 0x0000000621800000, 0x0000000622000000|  0%| F|  |TAMS 0x0000000621800000, 0x0000000621800000| Untracked 
| 324|0x0000000622000000, 0x0000000622000000, 0x0000000622800000|  0%| F|  |TAMS 0x0000000622000000, 0x0000000622000000| Untracked 
| 325|0x0000000622800000, 0x0000000622800000, 0x0000000623000000|  0%| F|  |TAMS 0x0000000622800000, 0x0000000622800000| Untracked 
| 326|0x0000000623000000, 0x0000000623000000, 0x0000000623800000|  0%| F|  |TAMS 0x0000000623000000, 0x0000000623000000| Untracked 
| 327|0x0000000623800000, 0x0000000623800000, 0x0000000624000000|  0%| F|  |TAMS 0x0000000623800000, 0x0000000623800000| Untracked 
| 328|0x0000000624000000, 0x0000000624000000, 0x0000000624800000|  0%| F|  |TAMS 0x0000000624000000, 0x0000000624000000| Untracked 
| 329|0x0000000624800000, 0x0000000624800000, 0x0000000625000000|  0%| F|  |TAMS 0x0000000624800000, 0x0000000624800000| Untracked 
| 330|0x0000000625000000, 0x0000000625000000, 0x0000000625800000|  0%| F|  |TAMS 0x0000000625000000, 0x0000000625000000| Untracked 
| 331|0x0000000625800000, 0x0000000625800000, 0x0000000626000000|  0%| F|  |TAMS 0x0000000625800000, 0x0000000625800000| Untracked 
| 332|0x0000000626000000, 0x0000000626000000, 0x0000000626800000|  0%| F|  |TAMS 0x0000000626000000, 0x0000000626000000| Untracked 
| 333|0x0000000626800000, 0x0000000626800000, 0x0000000627000000|  0%| F|  |TAMS 0x0000000626800000, 0x0000000626800000| Untracked 
| 334|0x0000000627000000, 0x0000000627000000, 0x0000000627800000|  0%| F|  |TAMS 0x0000000627000000, 0x0000000627000000| Untracked 
| 335|0x0000000627800000, 0x0000000627800000, 0x0000000628000000|  0%| F|  |TAMS 0x0000000627800000, 0x0000000627800000| Untracked 
| 336|0x0000000628000000, 0x0000000628000000, 0x0000000628800000|  0%| F|  |TAMS 0x0000000628000000, 0x0000000628000000| Untracked 
| 337|0x0000000628800000, 0x0000000628800000, 0x0000000629000000|  0%| F|  |TAMS 0x0000000628800000, 0x0000000628800000| Untracked 
| 338|0x0000000629000000, 0x0000000629000000, 0x0000000629800000|  0%| F|  |TAMS 0x0000000629000000, 0x0000000629000000| Untracked 
| 339|0x0000000629800000, 0x0000000629800000, 0x000000062a000000|  0%| F|  |TAMS 0x0000000629800000, 0x0000000629800000| Untracked 
| 340|0x000000062a000000, 0x000000062a000000, 0x000000062a800000|  0%| F|  |TAMS 0x000000062a000000, 0x000000062a000000| Untracked 
| 341|0x000000062a800000, 0x000000062a800000, 0x000000062b000000|  0%| F|  |TAMS 0x000000062a800000, 0x000000062a800000| Untracked 
| 342|0x000000062b000000, 0x000000062b000000, 0x000000062b800000|  0%| F|  |TAMS 0x000000062b000000, 0x000000062b000000| Untracked 
| 343|0x000000062b800000, 0x000000062b800000, 0x000000062c000000|  0%| F|  |TAMS 0x000000062b800000, 0x000000062b800000| Untracked 
| 344|0x000000062c000000, 0x000000062c000000, 0x000000062c800000|  0%| F|  |TAMS 0x000000062c000000, 0x000000062c000000| Untracked 
| 345|0x000000062c800000, 0x000000062c800000, 0x000000062d000000|  0%| F|  |TAMS 0x000000062c800000, 0x000000062c800000| Untracked 
| 346|0x000000062d000000, 0x000000062d000000, 0x000000062d800000|  0%| F|  |TAMS 0x000000062d000000, 0x000000062d000000| Untracked 
| 347|0x000000062d800000, 0x000000062d800000, 0x000000062e000000|  0%| F|  |TAMS 0x000000062d800000, 0x000000062d800000| Untracked 
| 348|0x000000062e000000, 0x000000062e000000, 0x000000062e800000|  0%| F|  |TAMS 0x000000062e000000, 0x000000062e000000| Untracked 
| 349|0x000000062e800000, 0x000000062e800000, 0x000000062f000000|  0%| F|  |TAMS 0x000000062e800000, 0x000000062e800000| Untracked 
| 350|0x000000062f000000, 0x000000062f000000, 0x000000062f800000|  0%| F|  |TAMS 0x000000062f000000, 0x000000062f000000| Untracked 
| 351|0x000000062f800000, 0x000000062f800000, 0x0000000630000000|  0%| F|  |TAMS 0x000000062f800000, 0x000000062f800000| Untracked 
| 352|0x0000000630000000, 0x0000000630000000, 0x0000000630800000|  0%| F|  |TAMS 0x0000000630000000, 0x0000000630000000| Untracked 
| 353|0x0000000630800000, 0x0000000630800000, 0x0000000631000000|  0%| F|  |TAMS 0x0000000630800000, 0x0000000630800000| Untracked 
| 354|0x0000000631000000, 0x0000000631000000, 0x0000000631800000|  0%| F|  |TAMS 0x0000000631000000, 0x0000000631000000| Untracked 
| 355|0x0000000631800000, 0x0000000631800000, 0x0000000632000000|  0%| F|  |TAMS 0x0000000631800000, 0x0000000631800000| Untracked 
| 356|0x0000000632000000, 0x0000000632000000, 0x0000000632800000|  0%| F|  |TAMS 0x0000000632000000, 0x0000000632000000| Untracked 
| 357|0x0000000632800000, 0x0000000632800000, 0x0000000633000000|  0%| F|  |TAMS 0x0000000632800000, 0x0000000632800000| Untracked 
| 358|0x0000000633000000, 0x0000000633000000, 0x0000000633800000|  0%| F|  |TAMS 0x0000000633000000, 0x0000000633000000| Untracked 
| 359|0x0000000633800000, 0x0000000633800000, 0x0000000634000000|  0%| F|  |TAMS 0x0000000633800000, 0x0000000633800000| Untracked 
| 360|0x0000000634000000, 0x0000000634000000, 0x0000000634800000|  0%| F|  |TAMS 0x0000000634000000, 0x0000000634000000| Untracked 
| 361|0x0000000634800000, 0x0000000634800000, 0x0000000635000000|  0%| F|  |TAMS 0x0000000634800000, 0x0000000634800000| Untracked 
| 362|0x0000000635000000, 0x0000000635000000, 0x0000000635800000|  0%| F|  |TAMS 0x0000000635000000, 0x0000000635000000| Untracked 
| 363|0x0000000635800000, 0x0000000635800000, 0x0000000636000000|  0%| F|  |TAMS 0x0000000635800000, 0x0000000635800000| Untracked 
| 364|0x0000000636000000, 0x0000000636000000, 0x0000000636800000|  0%| F|  |TAMS 0x0000000636000000, 0x0000000636000000| Untracked 
| 365|0x0000000636800000, 0x0000000636800000, 0x0000000637000000|  0%| F|  |TAMS 0x0000000636800000, 0x0000000636800000| Untracked 
| 366|0x0000000637000000, 0x0000000637000000, 0x0000000637800000|  0%| F|  |TAMS 0x0000000637000000, 0x0000000637000000| Untracked 
| 367|0x0000000637800000, 0x0000000638000000, 0x0000000638000000|100%| S|CS|TAMS 0x0000000637800000, 0x0000000637800000| Complete 
| 368|0x0000000638000000, 0x0000000638800000, 0x0000000638800000|100%| S|CS|TAMS 0x0000000638000000, 0x0000000638000000| Complete 
| 369|0x0000000638800000, 0x0000000639000000, 0x0000000639000000|100%| S|CS|TAMS 0x0000000638800000, 0x0000000638800000| Complete 
| 370|0x0000000639000000, 0x0000000639800000, 0x0000000639800000|100%| S|CS|TAMS 0x0000000639000000, 0x0000000639000000| Complete 
| 371|0x0000000639800000, 0x000000063a000000, 0x000000063a000000|100%| S|CS|TAMS 0x0000000639800000, 0x0000000639800000| Complete 
| 372|0x000000063a000000, 0x000000063a000000, 0x000000063a800000|  0%| F|  |TAMS 0x000000063a000000, 0x000000063a000000| Untracked 
| 373|0x000000063a800000, 0x000000063a800000, 0x000000063b000000|  0%| F|  |TAMS 0x000000063a800000, 0x000000063a800000| Untracked 
| 374|0x000000063b000000, 0x000000063b000000, 0x000000063b800000|  0%| F|  |TAMS 0x000000063b000000, 0x000000063b000000| Untracked 
| 375|0x000000063b800000, 0x000000063b800000, 0x000000063c000000|  0%| F|  |TAMS 0x000000063b800000, 0x000000063b800000| Untracked 
| 376|0x000000063c000000, 0x000000063c000000, 0x000000063c800000|  0%| F|  |TAMS 0x000000063c000000, 0x000000063c000000| Untracked 
| 377|0x000000063c800000, 0x000000063c800000, 0x000000063d000000|  0%| F|  |TAMS 0x000000063c800000, 0x000000063c800000| Untracked 
| 378|0x000000063d000000, 0x000000063d000000, 0x000000063d800000|  0%| F|  |TAMS 0x000000063d000000, 0x000000063d000000| Untracked 
| 379|0x000000063d800000, 0x000000063d800000, 0x000000063e000000|  0%| F|  |TAMS 0x000000063d800000, 0x000000063d800000| Untracked 
| 380|0x000000063e000000, 0x000000063e000000, 0x000000063e800000|  0%| F|  |TAMS 0x000000063e000000, 0x000000063e000000| Untracked 
| 381|0x000000063e800000, 0x000000063e800000, 0x000000063f000000|  0%| F|  |TAMS 0x000000063e800000, 0x000000063e800000| Untracked 
| 382|0x000000063f000000, 0x000000063f000000, 0x000000063f800000|  0%| F|  |TAMS 0x000000063f000000, 0x000000063f000000| Untracked 
| 383|0x000000063f800000, 0x000000063f800000, 0x0000000640000000|  0%| F|  |TAMS 0x000000063f800000, 0x000000063f800000| Untracked 
| 384|0x0000000640000000, 0x0000000640000000, 0x0000000640800000|  0%| F|  |TAMS 0x0000000640000000, 0x0000000640000000| Untracked 
| 385|0x0000000640800000, 0x0000000640800000, 0x0000000641000000|  0%| F|  |TAMS 0x0000000640800000, 0x0000000640800000| Untracked 
| 386|0x0000000641000000, 0x0000000641000000, 0x0000000641800000|  0%| F|  |TAMS 0x0000000641000000, 0x0000000641000000| Untracked 
| 387|0x0000000641800000, 0x0000000641800000, 0x0000000642000000|  0%| F|  |TAMS 0x0000000641800000, 0x0000000641800000| Untracked 
| 388|0x0000000642000000, 0x0000000642000000, 0x0000000642800000|  0%| F|  |TAMS 0x0000000642000000, 0x0000000642000000| Untracked 
| 389|0x0000000642800000, 0x0000000642800000, 0x0000000643000000|  0%| F|  |TAMS 0x0000000642800000, 0x0000000642800000| Untracked 
| 390|0x0000000643000000, 0x0000000643000000, 0x0000000643800000|  0%| F|  |TAMS 0x0000000643000000, 0x0000000643000000| Untracked 
| 391|0x0000000643800000, 0x0000000643800000, 0x0000000644000000|  0%| F|  |TAMS 0x0000000643800000, 0x0000000643800000| Untracked 
| 392|0x0000000644000000, 0x0000000644000000, 0x0000000644800000|  0%| F|  |TAMS 0x0000000644000000, 0x0000000644000000| Untracked 
| 393|0x0000000644800000, 0x0000000644800000, 0x0000000645000000|  0%| F|  |TAMS 0x0000000644800000, 0x0000000644800000| Untracked 
| 394|0x0000000645000000, 0x0000000645000000, 0x0000000645800000|  0%| F|  |TAMS 0x0000000645000000, 0x0000000645000000| Untracked 
| 395|0x0000000645800000, 0x0000000645800000, 0x0000000646000000|  0%| F|  |TAMS 0x0000000645800000, 0x0000000645800000| Untracked 
| 396|0x0000000646000000, 0x0000000646000000, 0x0000000646800000|  0%| F|  |TAMS 0x0000000646000000, 0x0000000646000000| Untracked 
| 397|0x0000000646800000, 0x0000000646800000, 0x0000000647000000|  0%| F|  |TAMS 0x0000000646800000, 0x0000000646800000| Untracked 
| 398|0x0000000647000000, 0x0000000647000000, 0x0000000647800000|  0%| F|  |TAMS 0x0000000647000000, 0x0000000647000000| Untracked 
| 399|0x0000000647800000, 0x0000000647800000, 0x0000000648000000|  0%| F|  |TAMS 0x0000000647800000, 0x0000000647800000| Untracked 
| 400|0x0000000648000000, 0x0000000648000000, 0x0000000648800000|  0%| F|  |TAMS 0x0000000648000000, 0x0000000648000000| Untracked 
| 401|0x0000000648800000, 0x0000000648800000, 0x0000000649000000|  0%| F|  |TAMS 0x0000000648800000, 0x0000000648800000| Untracked 
| 402|0x0000000649000000, 0x0000000649000000, 0x0000000649800000|  0%| F|  |TAMS 0x0000000649000000, 0x0000000649000000| Untracked 
| 403|0x0000000649800000, 0x0000000649800000, 0x000000064a000000|  0%| F|  |TAMS 0x0000000649800000, 0x0000000649800000| Untracked 
| 404|0x000000064a000000, 0x000000064a000000, 0x000000064a800000|  0%| F|  |TAMS 0x000000064a000000, 0x000000064a000000| Untracked 
| 405|0x000000064a800000, 0x000000064a800000, 0x000000064b000000|  0%| F|  |TAMS 0x000000064a800000, 0x000000064a800000| Untracked 
| 406|0x000000064b000000, 0x000000064b000000, 0x000000064b800000|  0%| F|  |TAMS 0x000000064b000000, 0x000000064b000000| Untracked 

Card table byte_map: [0x0000013c64b30000,0x0000013c65f30000] _byte_map_base: 0x0000013c61f30000

Marking Bits (Prev, Next): (CMBitMap*) 0x0000013c4ac438c0, (CMBitMap*) 0x0000013c4ac43880
 Prev Bits: [0x0000013c71330000, 0x0000013c7b330000)
 Next Bits: [0x0000013c67330000, 0x0000013c71330000)

Polling page: 0x0000013c53c80000

Metaspace:

Usage:
  Non-class:    182.45 KB used.
      Class:     12.66 KB used.
       Both:    195.10 KB used.

Virtual space:
  Non-class space:       64.00 MB reserved,     256.00 KB ( <1%) committed,  1 nodes.
      Class space:        1.00 GB reserved,     128.00 KB ( <1%) committed,  1 nodes.
             Both:        1.06 GB reserved,     384.00 KB ( <1%) committed. 

Chunk freelists:
   Non-Class:  3.98 MB
       Class:  3.74 MB
        Both:  7.72 MB

MaxMetaspaceSize: unlimited
CompressedClassSpaceSize: 1.00 GB
Initial GC threshold: 21.00 MB
Current GC threshold: 21.00 MB
CDS: on
MetaspaceReclaimPolicy: balanced
 - commit_granule_bytes: 65536.
 - commit_granule_words: 8192.
 - virtual_space_node_default_size: 8388608.
 - enlarge_chunks_in_place: 1.
 - new_chunks_are_fully_committed: 0.
 - uncommit_free_chunks: 1.
 - use_allocation_guard: 0.


Internal statistics:

num_allocs_failed_limit: 0.
num_arena_births: 4.
num_arena_deaths: 0.
num_vsnodes_births: 2.
num_vsnodes_deaths: 0.
num_space_committed: 6.
num_space_uncommitted: 0.
num_chunks_returned_to_freelist: 0.
num_chunks_taken_from_freelist: 9.
num_chunk_merges: 0.
num_chunk_splits: 4.
num_chunks_enlarged: 3.
num_inconsistent_stats: 0.

CodeHeap 'non-profiled nmethods': size=120000Kb used=30Kb max_used=30Kb free=119969Kb
 bounds [0x0000013c5b770000, 0x0000013c5b9e0000, 0x0000013c62ca0000]
CodeHeap 'profiled nmethods': size=120000Kb used=155Kb max_used=155Kb free=119844Kb
 bounds [0x0000013c54240000, 0x0000013c544b0000, 0x0000013c5b770000]
CodeHeap 'non-nmethods': size=5760Kb used=1082Kb max_used=1097Kb free=4677Kb
 bounds [0x0000013c53ca0000, 0x0000013c53f10000, 0x0000013c54240000]
 total_blobs=408 nmethods=85 adapters=236
 compilation: enabled
              stopped_count=0, restarted_count=0
 full_count=0

Compilation events (20 events):
Event: 1.285 Thread 0x0000013c7d951b70   76       4       java.util.Random::nextInt (74 bytes)
Event: 1.286 Thread 0x0000013c7d951b70 nmethod 76 0x0000013c5b774c90 code [0x0000013c5b774e20, 0x0000013c5b774fb8]
Event: 1.286 Thread 0x0000013c7d951b70   77       4       MonteCarloMini.TerrainArea$SearchInner::<init> (37 bytes)
Event: 1.287 Thread 0x0000013c7d951b70 nmethod 77 0x0000013c5b775190 code [0x0000013c5b775300, 0x0000013c5b775578]
Event: 1.297 Thread 0x0000013c7d95e580   78 %     3       MonteCarloMini.MonteCarloMinimizationParallel::main @ 83 (491 bytes)
Event: 1.299 Thread 0x0000013c7d95e580 nmethod 78% 0x0000013c54255410 code [0x0000013c54255ac0, 0x0000013c54259948]
Event: 1.299 Thread 0x0000013c7d95e580   79       3       MonteCarloMini.MonteCarloMinimizationParallel::main (491 bytes)
Event: 1.301 Thread 0x0000013c7d95e580 nmethod 79 0x0000013c5425ae10 code [0x0000013c5425b4c0, 0x0000013c5425efe8]
Event: 1.301 Thread 0x0000013c7d951b70   80 %     4       MonteCarloMini.MonteCarloMinimizationParallel::main @ 83 (491 bytes)
Event: 1.311 Thread 0x0000013c7d951b70 nmethod 80% 0x0000013c5b775610 code [0x0000013c5b7757c0, 0x0000013c5b775fc8]
Event: 1.311 Thread 0x0000013c7d95e580   81       2       java.util.Random::nextInt (74 bytes)
Event: 1.311 Thread 0x0000013c7d95e580 nmethod 81 0x0000013c54260490 code [0x0000013c54260660, 0x0000013c54260968]
Event: 1.319 Thread 0x0000013c7d95e580   82       3       java.util.Random::nextInt (74 bytes)
Event: 1.319 Thread 0x0000013c7d95e580 nmethod 82 0x0000013c54260b10 code [0x0000013c54260ce0, 0x0000013c542610e8]
Event: 1.319 Thread 0x0000013c7d95e580   83 %     3       MonteCarloMini.MonteCarloMinimizationParallel::main @ 83 (491 bytes)
Event: 1.320 Thread 0x0000013c7d951b70   84       4       java.util.Random::nextInt (74 bytes)
Event: 1.321 Thread 0x0000013c7d95e580 nmethod 83% 0x0000013c54261290 code [0x0000013c54261940, 0x0000013c542657a8]
Event: 1.321 Thread 0x0000013c7d951b70 nmethod 84 0x0000013c5b776490 code [0x0000013c5b776620, 0x0000013c5b776828]
Event: 1.323 Thread 0x0000013c7d951b70   85 %     4       MonteCarloMini.MonteCarloMinimizationParallel::main @ 83 (491 bytes)
Event: 1.331 Thread 0x0000013c7d951b70 nmethod 85% 0x0000013c5b776a10 code [0x0000013c5b776bc0, 0x0000013c5b7774e8]

GC Heap History (20 events):
Event: 0.234 GC heap after
{Heap after GC invocations=12 (full 0):
 garbage-first heap   total 819200K, used 457490K [0x0000000580000000, 0x0000000800000000)
  region size 8192K, 2 young (16384K), 2 survivors (16384K)
 Metaspace       used 179K, committed 384K, reserved 1114112K
  class space    used 10K, committed 128K, reserved 1048576K
}
Event: 0.237 GC heap before
{Heap before GC invocations=12 (full 0):
 garbage-first heap   total 819200K, used 523026K [0x0000000580000000, 0x0000000800000000)
  region size 8192K, 11 young (90112K), 2 survivors (16384K)
 Metaspace       used 179K, committed 384K, reserved 1114112K
  class space    used 10K, committed 128K, reserved 1048576K
}
Event: 0.253 GC heap after
{Heap after GC invocations=13 (full 0):
 garbage-first heap   total 819200K, used 531100K [0x0000000580000000, 0x0000000800000000)
  region size 8192K, 2 young (16384K), 2 survivors (16384K)
 Metaspace       used 179K, committed 384K, reserved 1114112K
  class space    used 10K, committed 128K, reserved 1048576K
}
Event: 0.263 GC heap before
{Heap before GC invocations=14 (full 0):
 garbage-first heap   total 958464K, used 580252K [0x0000000580000000, 0x0000000800000000)
  region size 8192K, 9 young (73728K), 2 survivors (16384K)
 Metaspace       used 179K, committed 384K, reserved 1114112K
  class space    used 10K, committed 128K, reserved 1048576K
}
Event: 0.278 GC heap after
{Heap after GC invocations=15 (full 0):
 garbage-first heap   total 958464K, used 588444K [0x0000000580000000, 0x0000000800000000)
  region size 8192K, 2 young (16384K), 2 survivors (16384K)
 Metaspace       used 179K, committed 384K, reserved 1114112K
  class space    used 10K, committed 128K, reserved 1048576K
}
Event: 0.295 GC heap before
{Heap before GC invocations=15 (full 0):
 garbage-first heap   total 958464K, used 653980K [0x0000000580000000, 0x0000000800000000)
  region size 8192K, 11 young (90112K), 2 survivors (16384K)
 Metaspace       used 179K, committed 384K, reserved 1114112K
  class space    used 10K, committed 128K, reserved 1048576K
}
Event: 0.318 GC heap after
{Heap after GC invocations=16 (full 0):
 garbage-first heap   total 2875392K, used 662172K [0x0000000580000000, 0x0000000800000000)
  region size 8192K, 2 young (16384K), 2 survivors (16384K)
 Metaspace       used 179K, committed 384K, reserved 1114112K
  class space    used 10K, committed 128K, reserved 1048576K
}
Event: 0.420 GC heap before
{Heap before GC invocations=17 (full 0):
 garbage-first heap   total 2244608K, used 916124K [0x0000000580000000, 0x0000000800000000)
  region size 8192K, 34 young (278528K), 2 survivors (16384K)
 Metaspace       used 179K, committed 384K, reserved 1114112K
  class space    used 10K, committed 128K, reserved 1048576K
}
Event: 0.458 GC heap after
{Heap after GC invocations=18 (full 0):
 garbage-first heap   total 2244608K, used 924095K [0x0000000580000000, 0x0000000800000000)
  region size 8192K, 5 young (40960K), 5 survivors (40960K)
 Metaspace       used 179K, committed 384K, reserved 1114112K
  class space    used 10K, committed 128K, reserved 1048576K
}
Event: 0.490 GC heap before
{Heap before GC invocations=18 (full 0):
 garbage-first heap   total 2244608K, used 1251775K [0x0000000580000000, 0x0000000800000000)
  region size 8192K, 45 young (368640K), 5 survivors (40960K)
 Metaspace       used 179K, committed 384K, reserved 1114112K
  class space    used 10K, committed 128K, reserved 1048576K
}
Event: 0.557 GC heap after
{Heap after GC invocations=19 (full 0):
 garbage-first heap   total 2244608K, used 1249431K [0x0000000580000000, 0x0000000800000000)
  region size 8192K, 6 young (49152K), 6 survivors (49152K)
 Metaspace       used 179K, committed 384K, reserved 1114112K
  class space    used 10K, committed 128K, reserved 1048576K
}
Event: 0.566 GC heap before
{Heap before GC invocations=19 (full 0):
 garbage-first heap   total 2244608K, used 1478807K [0x0000000580000000, 0x0000000800000000)
  region size 8192K, 34 young (278528K), 6 survivors (49152K)
 Metaspace       used 179K, committed 384K, reserved 1114112K
  class space    used 10K, committed 128K, reserved 1048576K
}
Event: 0.618 GC heap after
{Heap after GC invocations=20 (full 0):
 garbage-first heap   total 2244608K, used 1477166K [0x0000000580000000, 0x0000000800000000)
  region size 8192K, 5 young (40960K), 5 survivors (40960K)
 Metaspace       used 179K, committed 384K, reserved 1114112K
  class space    used 10K, committed 128K, reserved 1048576K
}
Event: 0.652 GC heap before
{Heap before GC invocations=21 (full 0):
 garbage-first heap   total 2613248K, used 1632814K [0x0000000580000000, 0x0000000800000000)
  region size 8192K, 24 young (196608K), 5 survivors (40960K)
 Metaspace       used 179K, committed 384K, reserved 1114112K
  class space    used 10K, committed 128K, reserved 1048576K
}
Event: 0.693 GC heap after
{Heap after GC invocations=22 (full 0):
 garbage-first heap   total 2613248K, used 1631700K [0x0000000580000000, 0x0000000800000000)
  region size 8192K, 3 young (24576K), 3 survivors (24576K)
 Metaspace       used 179K, committed 384K, reserved 1114112K
  class space    used 10K, committed 128K, reserved 1048576K
}
Event: 1.196 GC heap before
{Heap before GC invocations=22 (full 0):
 garbage-first heap   total 2613248K, used 1762772K [0x0000000580000000, 0x0000000800000000)
  region size 8192K, 20 young (163840K), 3 survivors (24576K)
 Metaspace       used 184K, committed 384K, reserved 1114112K
  class space    used 12K, committed 128K, reserved 1048576K
}
Event: 1.229 GC heap after
{Heap after GC invocations=23 (full 0):
 garbage-first heap   total 2613248K, used 1768561K [0x0000000580000000, 0x0000000800000000)
  region size 8192K, 4 young (32768K), 4 survivors (32768K)
 Metaspace       used 184K, committed 384K, reserved 1114112K
  class space    used 12K, committed 128K, reserved 1048576K
}
Event: 1.546 GC heap before
{Heap before GC invocations=24 (full 0):
 garbage-first heap   total 3334144K, used 2161777K [0x0000000580000000, 0x0000000800000000)
  region size 8192K, 25 young (204800K), 4 survivors (32768K)
 Metaspace       used 195K, committed 384K, reserved 1114112K
  class space    used 12K, committed 128K, reserved 1048576K
}
Event: 1.620 GC heap after
{Heap after GC invocations=25 (full 0):
 garbage-first heap   total 3334144K, used 2161692K [0x0000000580000000, 0x0000000800000000)
  region size 8192K, 4 young (32768K), 4 survivors (32768K)
 Metaspace       used 195K, committed 384K, reserved 1114112K
  class space    used 12K, committed 128K, reserved 1048576K
}
Event: 1.908 GC heap before
{Heap before GC invocations=25 (full 0):
 garbage-first heap   total 3334144K, used 2415644K [0x0000000580000000, 0x0000000800000000)
  region size 8192K, 35 young (286720K), 4 survivors (32768K)
 Metaspace       used 195K, committed 384K, reserved 1114112K
  class space    used 12K, committed 128K, reserved 1048576K
}

Deoptimization events (14 events):
Event: 0.721 Thread 0x0000013c4ab9ca40 DEOPT PACKING pc=0x0000013c54252c0c sp=0x0000001070eff580
Event: 0.721 Thread 0x0000013c4ab9ca40 DEOPT UNPACKING pc=0x0000013c53cf6763 sp=0x0000001070efea48 mode 0
Event: 1.309 Thread 0x0000013c4ab9ca40 Uncommon trap: trap_request=0xffffff45 fr.pc=0x0000013c5b774f7c relative=0x000000000000015c
Event: 1.309 Thread 0x0000013c4ab9ca40 Uncommon trap: reason=unstable_if action=reinterpret pc=0x0000013c5b774f7c method=java.util.Random.nextInt(I)I @ 58 c2
Event: 1.309 Thread 0x0000013c4ab9ca40 DEOPT PACKING pc=0x0000013c5b774f7c sp=0x0000001070eff4e0
Event: 1.309 Thread 0x0000013c4ab9ca40 DEOPT UNPACKING pc=0x0000013c53cf5c23 sp=0x0000001070eff468 mode 2
Event: 1.311 Thread 0x0000013c4ab9ca40 DEOPT PACKING pc=0x0000013c54258aa7 sp=0x0000001070eff520
Event: 1.311 Thread 0x0000013c4ab9ca40 DEOPT UNPACKING pc=0x0000013c53cf6763 sp=0x0000001070efeb18 mode 0
Event: 1.319 Thread 0x0000013c4ab9ca40 Uncommon trap: trap_request=0xffffff45 fr.pc=0x0000013c5b775e9c relative=0x00000000000006dc
Event: 1.319 Thread 0x0000013c4ab9ca40 Uncommon trap: reason=unstable_if action=reinterpret pc=0x0000013c5b775e9c method=java.util.Random.nextInt(I)I @ 58 c2
Event: 1.319 Thread 0x0000013c4ab9ca40 DEOPT PACKING pc=0x0000013c5b775e9c sp=0x0000001070eff690
Event: 1.319 Thread 0x0000013c4ab9ca40 DEOPT UNPACKING pc=0x0000013c53cf5c23 sp=0x0000001070eff580 mode 2
Event: 1.331 Thread 0x0000013c4ab9ca40 DEOPT PACKING pc=0x0000013c54264907 sp=0x0000001070eff520
Event: 1.331 Thread 0x0000013c4ab9ca40 DEOPT UNPACKING pc=0x0000013c53cf6763 sp=0x0000001070efeb18 mode 0

Classes loaded (14 events):
Event: 0.028 Loading class sun/nio/cs/IBM850
Event: 0.028 Loading class sun/nio/cs/IBM850 done
Event: 0.029 Loading class sun/nio/cs/IBM850$Holder
Event: 0.029 Loading class sun/nio/cs/IBM850$Holder done
Event: 0.043 Loading class jdk/internal/loader/URLClassPath$FileLoader
Event: 0.043 Loading class jdk/internal/loader/URLClassPath$FileLoader done
Event: 0.043 Loading class sun/nio/cs/UTF_8$Decoder
Event: 0.044 Loading class sun/nio/cs/UTF_8$Decoder done
Event: 0.045 Loading class jdk/internal/loader/URLClassPath$FileLoader$1
Event: 0.045 Loading class jdk/internal/loader/URLClassPath$FileLoader$1 done
Event: 0.048 Loading class java/util/concurrent/RecursiveTask
Event: 0.048 Loading class java/util/concurrent/RecursiveTask done
Event: 1.282 Loading class java/lang/NoSuchFieldError
Event: 1.283 Loading class java/lang/NoSuchFieldError done

Classes unloaded (0 events):
No events

Classes redefined (0 events):
No events

Internal exceptions (0 events):
No events

VM Operations (20 events):
Event: 0.458 Executing VM operation: G1CollectForAllocation done
Event: 0.490 Executing VM operation: G1CollectForAllocation
Event: 0.557 Executing VM operation: G1CollectForAllocation done
Event: 0.566 Executing VM operation: G1CollectForAllocation
Event: 0.618 Executing VM operation: G1CollectForAllocation done
Event: 0.624 Executing VM operation: G1Concurrent
Event: 0.626 Executing VM operation: G1Concurrent done
Event: 0.629 Executing VM operation: G1Concurrent
Event: 0.629 Executing VM operation: G1Concurrent done
Event: 0.652 Executing VM operation: G1CollectForAllocation
Event: 0.693 Executing VM operation: G1CollectForAllocation done
Event: 1.196 Executing VM operation: G1TryInitiateConcMark
Event: 1.230 Executing VM operation: G1TryInitiateConcMark done
Event: 1.235 Executing VM operation: G1Concurrent
Event: 1.282 Executing VM operation: G1Concurrent done
Event: 1.305 Executing VM operation: G1Concurrent
Event: 1.305 Executing VM operation: G1Concurrent done
Event: 1.546 Executing VM operation: G1CollectForAllocation
Event: 1.620 Executing VM operation: G1CollectForAllocation done
Event: 1.908 Executing VM operation: G1CollectForAllocation

Events (14 events):
Event: 0.011 Loaded shared library C:\Program Files\Java\jdk-18.0.1.1\bin\java.dll
Event: 0.020 Loaded shared library C:\Program Files\Java\jdk-18.0.1.1\bin\jsvml.dll
Event: 0.020 Thread 0x0000013c4ab9ca40 Thread added: 0x0000013c4ab9ca40
Event: 0.022 Thread 0x0000013c7d938ab0 Thread added: 0x0000013c7d938ab0
Event: 0.022 Thread 0x0000013c7d939450 Thread added: 0x0000013c7d939450
Event: 0.030 Thread 0x0000013c7d94f1c0 Thread added: 0x0000013c7d94f1c0
Event: 0.030 Thread 0x0000013c7d94fb60 Thread added: 0x0000013c7d94fb60
Event: 0.030 Thread 0x0000013c7d950500 Thread added: 0x0000013c7d950500
Event: 0.030 Thread 0x0000013c7d950ea0 Thread added: 0x0000013c7d950ea0
Event: 0.030 Thread 0x0000013c7d951b70 Thread added: 0x0000013c7d951b70
Event: 0.030 Thread 0x0000013c7d95e580 Thread added: 0x0000013c7d95e580
Event: 0.030 Thread 0x0000013c7d963380 Thread added: 0x0000013c7d963380
Event: 0.042 Thread 0x0000013c7dfe4c70 Thread added: 0x0000013c7dfe4c70
Event: 0.046 Thread 0x0000013c7dfe97d0 Thread added: 0x0000013c7dfe97d0


Dynamic libraries:
0x00007ff748730000 - 0x00007ff748740000 	C:\Program Files\Java\jdk-18.0.1.1\bin\java.exe
0x00007ff9816f0000 - 0x00007ff981904000 	C:\WINDOWS\SYSTEM32\ntdll.dll
0x00007ff9807c0000 - 0x00007ff980882000 	C:\WINDOWS\System32\KERNEL32.DLL
0x00007ff97eb90000 - 0x00007ff97ef33000 	C:\WINDOWS\System32\KERNELBASE.dll
0x00007ff97f3b0000 - 0x00007ff97f4c1000 	C:\WINDOWS\System32\ucrtbase.dll
0x00007ff966320000 - 0x00007ff966338000 	C:\Program Files\Java\jdk-18.0.1.1\bin\jli.dll
0x00007ff980660000 - 0x00007ff98070e000 	C:\WINDOWS\System32\ADVAPI32.dll
0x00007ff966300000 - 0x00007ff96631a000 	C:\Program Files\Java\jdk-18.0.1.1\bin\VCRUNTIME140.dll
0x00007ff980320000 - 0x00007ff9803c7000 	C:\WINDOWS\System32\msvcrt.dll
0x00007ff980710000 - 0x00007ff9807b4000 	C:\WINDOWS\System32\sechost.dll
0x00007ff981040000 - 0x00007ff981157000 	C:\WINDOWS\System32\RPCRT4.dll
0x00007ff981500000 - 0x00007ff9816aa000 	C:\WINDOWS\System32\USER32.dll
0x00007ff97f380000 - 0x00007ff97f3a6000 	C:\WINDOWS\System32\win32u.dll
0x00007ff97f4d0000 - 0x00007ff97f4f9000 	C:\WINDOWS\System32\GDI32.dll
0x00007ff97f1e0000 - 0x00007ff97f2f9000 	C:\WINDOWS\System32\gdi32full.dll
0x00007ff963470000 - 0x00007ff9636fe000 	C:\WINDOWS\WinSxS\amd64_microsoft.windows.common-controls_6595b64144ccf1df_6.0.22621.1635_none_270f70857386168e\COMCTL32.dll
0x00007ff97eaf0000 - 0x00007ff97eb8a000 	C:\WINDOWS\System32\msvcp_win.dll
0x00007ff974bc0000 - 0x00007ff974bca000 	C:\WINDOWS\SYSTEM32\VERSION.dll
0x00007ff9814c0000 - 0x00007ff9814f1000 	C:\WINDOWS\System32\IMM32.DLL
0x00007ff97b960000 - 0x00007ff97b96c000 	C:\Program Files\Java\jdk-18.0.1.1\bin\vcruntime140_1.dll
0x00007ff962bd0000 - 0x00007ff962c5d000 	C:\Program Files\Java\jdk-18.0.1.1\bin\msvcp140.dll
0x00007ff937780000 - 0x00007ff938390000 	C:\Program Files\Java\jdk-18.0.1.1\bin\server\jvm.dll
0x00007ff97fd00000 - 0x00007ff97fd08000 	C:\WINDOWS\System32\PSAPI.DLL
0x00007ff975eb0000 - 0x00007ff975ee4000 	C:\WINDOWS\SYSTEM32\WINMM.dll
0x00007ff979010000 - 0x00007ff979019000 	C:\WINDOWS\SYSTEM32\WSOCK32.dll
0x00007ff9803e0000 - 0x00007ff980451000 	C:\WINDOWS\System32\WS2_32.dll
0x00007ff97dc20000 - 0x00007ff97dc38000 	C:\WINDOWS\SYSTEM32\kernel.appcore.dll
0x00007ff979990000 - 0x00007ff97999a000 	C:\Program Files\Java\jdk-18.0.1.1\bin\jimage.dll
0x00007ff97bf80000 - 0x00007ff97c1ae000 	C:\WINDOWS\SYSTEM32\DBGHELP.DLL
0x00007ff97ff80000 - 0x00007ff980309000 	C:\WINDOWS\System32\combase.dll
0x00007ff9808b0000 - 0x00007ff980987000 	C:\WINDOWS\System32\OLEAUT32.dll
0x00007ff95c300000 - 0x00007ff95c332000 	C:\WINDOWS\SYSTEM32\dbgcore.DLL
0x00007ff97f300000 - 0x00007ff97f37a000 	C:\WINDOWS\System32\bcryptPrimitives.dll
0x00007ff962ba0000 - 0x00007ff962bc5000 	C:\Program Files\Java\jdk-18.0.1.1\bin\java.dll
0x00007ff962ac0000 - 0x00007ff962b96000 	C:\Program Files\Java\jdk-18.0.1.1\bin\jsvml.dll
0x00007ff97f500000 - 0x00007ff97fcf9000 	C:\WINDOWS\System32\SHELL32.dll
0x00007ff97cae0000 - 0x00007ff97d3ae000 	C:\WINDOWS\SYSTEM32\windows.storage.dll
0x00007ff97c9a0000 - 0x00007ff97cade000 	C:\WINDOWS\SYSTEM32\wintypes.dll
0x00007ff97fe20000 - 0x00007ff97ff11000 	C:\WINDOWS\System32\SHCORE.dll
0x00007ff980eb0000 - 0x00007ff980f0e000 	C:\WINDOWS\System32\shlwapi.dll
0x00007ff97ea20000 - 0x00007ff97ea46000 	C:\WINDOWS\SYSTEM32\profapi.dll

dbghelp: loaded successfully - version: 4.0.5 - missing functions: none
symbol engine: initialized successfully - sym options: 0x614 - pdb path: .;C:\Program Files\Java\jdk-18.0.1.1\bin;C:\WINDOWS\SYSTEM32;C:\WINDOWS\WinSxS\amd64_microsoft.windows.common-controls_6595b64144ccf1df_6.0.22621.1635_none_270f70857386168e;C:\Program Files\Java\jdk-18.0.1.1\bin\server

VM Arguments:
jvm_args: -Xmx10g -ea -XX:+ShowCodeDetailsInExceptionMessages 
java_command: MonteCarloMini.MonteCarloMinimizationParallel
java_class_path (initial): C:\Users\danro\OneDrive - University of Cape Town\Third Year\CSC2002S\PCP\Assignments\CSC2002S-Assignment-1\ParallelAssignment2023\bin
Launcher Type: SUN_STANDARD

[Global flags]
     intx CICompilerCount                          = 4                                         {product} {ergonomic}
     uint ConcGCThreads                            = 2                                         {product} {ergonomic}
     uint G1ConcRefinementThreads                  = 8                                         {product} {ergonomic}
   size_t G1HeapRegionSize                         = 8388608                                   {product} {ergonomic}
    uintx GCDrainStackTargetSize                   = 64                                        {product} {ergonomic}
   size_t InitialHeapSize                          = 134217728                                 {product} {ergonomic}
   size_t MarkStackSize                            = 4194304                                   {product} {ergonomic}
   size_t MaxHeapSize                              = 10737418240                               {product} {command line}
   size_t MaxNewSize                               = 6442450944                                {product} {ergonomic}
   size_t MinHeapDeltaBytes                        = 8388608                                   {product} {ergonomic}
   size_t MinHeapSize                              = 8388608                                   {product} {ergonomic}
    uintx NonNMethodCodeHeapSize                   = 5839372                                {pd product} {ergonomic}
    uintx NonProfiledCodeHeapSize                  = 122909434                              {pd product} {ergonomic}
    uintx ProfiledCodeHeapSize                     = 122909434                              {pd product} {ergonomic}
    uintx ReservedCodeCacheSize                    = 251658240                              {pd product} {ergonomic}
     bool SegmentedCodeCache                       = true                                      {product} {ergonomic}
     bool ShowCodeDetailsInExceptionMessages       = true                                   {manageable} {command line}
   size_t SoftMaxHeapSize                          = 10737418240                            {manageable} {ergonomic}
     bool UseCompressedClassPointers               = true                           {product lp64_product} {ergonomic}
     bool UseCompressedOops                        = true                           {product lp64_product} {ergonomic}
     bool UseG1GC                                  = true                                      {product} {ergonomic}
     bool UseLargePagesIndividualAllocation        = false                                  {pd product} {ergonomic}

Logging:
Log output configuration:
 #0: stdout all=warning uptime,level,tags foldmultilines=false
 #1: stderr all=off uptime,level,tags foldmultilines=false

Environment Variables:
PATH=C:\Program Files\Common Files\Oracle\Java\javapath;C:\WINDOWS\system32;C:\WINDOWS;C:\WINDOWS\System32\Wbem;C:\WINDOWS\System32\WindowsPowerShell\v1.0\;C:\WINDOWS\System32\OpenSSH\;C:\Program Files\nodejs\;C:\Program Files\Git\cmd;C:\Program Files\MATLAB\R2022a\bin;C:\Program Files\dotnet\;C:\ProgramData\chocolatey\bin;C:\Program Files\MySQL\MySQL Shell 8.0\bin\;C:\Users\danro\AppData\Local\Microsoft\WindowsApps;C:\Users\danro\AppData\Local\Programs\Microsoft VS Code\bin;C:\Users\danro\AppData\Roaming\npm;C:\Users\danro\AppData\Local\Programs\Julia-1.8.5\bin;C:\Users\danro\AppData\Local\Packages\PythonSoftwareFoundation.Python.3.10_qbz5n2kfra8p0\LocalCache\local-packages\Python310\Scripts;
USERNAME=danro
LANG=en_US.UTF-8
OS=Windows_NT
PROCESSOR_IDENTIFIER=Intel64 Family 6 Model 140 Stepping 1, GenuineIntel



---------------  S Y S T E M  ---------------

OS:
 Windows 11 , 64 bit Build 22621 (10.0.22621.1928)
OS uptime: 3 days 4:37 hours

CPU: total 8 (initial active 8) (4 cores per cpu, 2 threads per core) family 6 model 140 stepping 1 microcode 0x9a, cx8, cmov, fxsr, ht, mmx, 3dnowpref, sse, sse2, sse3, ssse3, sse4.1, sse4.2, popcnt, lzcnt, tsc, tscinvbit, avx, avx2, aes, erms, clmul, bmi1, bmi2, adx, avx512f, avx512dq, avx512cd, avx512bw, avx512vl, sha, fma, vzeroupper, avx512_vpopcntdq, avx512_vpclmulqdq, avx512_vaes, avx512_vnni, clflush, clflushopt, clwb, avx512_vbmi2, avx512_vbmi

Memory: 4k page, system-wide physical 7834M (824M free)
TotalPageFile size 18736M (AvailPageFile size 1577M)
current process WorkingSet (physical memory assigned to process): 2952M, peak: 2952M
current process commit charge ("private bytes"): 3462M, peak: 6262M

vm_info: Java HotSpot(TM) 64-Bit Server VM (18.0.1.1+2-6) for windows-amd64 JRE (18.0.1.1+2-6), built on Apr 25 2022 21:53:15 by "mach5one" with MS VC++ 16.8 / 16.9 (VS2019)

END.
