#
# There is insufficient memory for the Java Runtime Environment to continue.
# Native memory allocation (mmap) failed to map 43515904 bytes for G1 virtual space
# Possible reasons:
#   The system is out of physical RAM or swap space
#   The process is running with CompressedOops enabled, and the Java Heap may be blocking the growth of the native heap
# Possible solutions:
#   Reduce memory load on the system
#   Increase physical memory or swap space
#   Check if swap backing store is full
#   Decrease Java heap size (-Xmx/-Xms)
#   Decrease number of Java threads
#   Decrease Java thread stack sizes (-Xss)
#   Set larger code cache with -XX:ReservedCodeCacheSize=
#   JVM is running with Zero Based Compressed Oops mode in which the Java heap is
#     placed in the first 32GB address space. The Java Heap base address is the
#     maximum limit for the native heap growth. Please use -XX:HeapBaseMinAddress
#     to set the Java Heap base and to place the Java Heap above 32GB virtual address.
# This output file may be truncated or incomplete.
#
#  Out of Memory Error (os_windows.cpp:3530), pid=27736, tid=30988
#
# JRE version: Java(TM) SE Runtime Environment (18.0.1.1+2) (build 18.0.1.1+2-6)
# Java VM: Java HotSpot(TM) 64-Bit Server VM (18.0.1.1+2-6, mixed mode, sharing, tiered, compressed oops, compressed class ptrs, g1 gc, windows-amd64)
# No core dump will be written. Minidumps are not enabled by default on client versions of Windows
#

---------------  S U M M A R Y ------------

Command Line: -Xmx10g -ea -XX:+ShowCodeDetailsInExceptionMessages MonteCarloMini.MonteCarloMinimizationParallel

Host: 11th Gen Intel(R) Core(TM) i5-1135G7 @ 2.40GHz, 8 cores, 7G,  Windows 11 , 64 bit Build 22621 (10.0.22621.1928)
Time: Sun Aug 13 16:34:22 2023 South Africa Standard Time elapsed time: 4.568436 seconds (0d 0h 0m 4s)

---------------  T H R E A D  ---------------

Current thread (0x00000215c094dd30):  VMThread "VM Thread" [stack: 0x000000555a900000,0x000000555aa00000] [id=30988]

Stack: [0x000000555a900000,0x000000555aa00000]
Native frames: (J=compiled Java code, j=interpreted, Vv=VM code, C=native code)
V  [jvm.dll+0x69887a]
V  [jvm.dll+0x7f38bd]
V  [jvm.dll+0x7f51ce]
V  [jvm.dll+0x7f5883]
V  [jvm.dll+0x25ca3f]
V  [jvm.dll+0x6957c9]
V  [jvm.dll+0x68a2fa]
V  [jvm.dll+0x321efb]
V  [jvm.dll+0x3298d6]
V  [jvm.dll+0x37e493]
V  [jvm.dll+0x37e6af]
V  [jvm.dll+0x2f9c7a]
V  [jvm.dll+0x2f9d27]
V  [jvm.dll+0x33e262]
V  [jvm.dll+0x33c804]
V  [jvm.dll+0x2f9450]
V  [jvm.dll+0x33bddb]
V  [jvm.dll+0x7fa66b]
V  [jvm.dll+0x7fb404]
V  [jvm.dll+0x7fb93c]
V  [jvm.dll+0x7fbd94]
V  [jvm.dll+0x7fbe57]
V  [jvm.dll+0x7a03ea]
V  [jvm.dll+0x697725]
C  [ucrtbase.dll+0x29363]
C  [KERNEL32.DLL+0x126ad]
C  [ntdll.dll+0x5aa68]

VM_Operation (0x000000555a3fedb0): G1CollectForAllocation, mode: safepoint, requested by thread 0x000002158fdae770


---------------  P R O C E S S  ---------------

Threads class SMR info:
_java_thread_list=0x00000215c54f5200, length=12, elements={
0x000002158fdae770, 0x00000215c0aabc10, 0x00000215c0aac5b0, 0x00000215c0ac3220,
0x00000215c0ac7ae0, 0x00000215c0ac8390, 0x00000215c0ac8c40, 0x00000215c0ad1a40,
0x00000215c0ad9af0, 0x00000215c0ae8c70, 0x00000215c54cddf0, 0x00000215c54f64c0
}

Java Threads: ( => current thread )
  0x000002158fdae770 JavaThread "main" [_thread_blocked, id=34176, stack(0x000000555a300000,0x000000555a400000)]
  0x00000215c0aabc10 JavaThread "Reference Handler" daemon [_thread_blocked, id=17044, stack(0x000000555aa00000,0x000000555ab00000)]
  0x00000215c0aac5b0 JavaThread "Finalizer" daemon [_thread_blocked, id=18452, stack(0x000000555ab00000,0x000000555ac00000)]
  0x00000215c0ac3220 JavaThread "Signal Dispatcher" daemon [_thread_blocked, id=32392, stack(0x000000555ac00000,0x000000555ad00000)]
  0x00000215c0ac7ae0 JavaThread "Attach Listener" daemon [_thread_blocked, id=11424, stack(0x000000555ad00000,0x000000555ae00000)]
  0x00000215c0ac8390 JavaThread "Service Thread" daemon [_thread_blocked, id=12148, stack(0x000000555ae00000,0x000000555af00000)]
  0x00000215c0ac8c40 JavaThread "Monitor Deflation Thread" daemon [_thread_blocked, id=18304, stack(0x000000555af00000,0x000000555b000000)]
  0x00000215c0ad1a40 JavaThread "C2 CompilerThread0" daemon [_thread_blocked, id=30780, stack(0x000000555b000000,0x000000555b100000)]
  0x00000215c0ad9af0 JavaThread "C1 CompilerThread0" daemon [_thread_blocked, id=23088, stack(0x000000555b100000,0x000000555b200000)]
  0x00000215c0ae8c70 JavaThread "Sweeper thread" daemon [_thread_blocked, id=17168, stack(0x000000555b200000,0x000000555b300000)]
  0x00000215c54cddf0 JavaThread "Notification Thread" daemon [_thread_blocked, id=17700, stack(0x000000555b300000,0x000000555b400000)]
  0x00000215c54f64c0 JavaThread "Common-Cleaner" daemon [_thread_blocked, id=23232, stack(0x000000555b500000,0x000000555b600000)]

Other Threads:
=>0x00000215c094dd30 VMThread "VM Thread" [stack: 0x000000555a900000,0x000000555aa00000] [id=30988]
  0x00000215c54ee6d0 WatcherThread "VM Periodic Task Thread" [stack: 0x000000555b400000,0x000000555b500000] [id=33676]
  0x000002158fe56b70 WorkerThread "GC Thread#0" [stack: 0x000000555a400000,0x000000555a500000] [id=26896]
  0x00000215c5500d50 WorkerThread "GC Thread#1" [stack: 0x000000555b600000,0x000000555b700000] [id=34016]
  0x00000215c5500ff0 WorkerThread "GC Thread#2" [stack: 0x000000555b700000,0x000000555b800000] [id=21608]
  0x00000215c55058d0 WorkerThread "GC Thread#3" [stack: 0x000000555b800000,0x000000555b900000] [id=32648]
  0x00000215c5506f00 WorkerThread "GC Thread#4" [stack: 0x000000555b900000,0x000000555ba00000] [id=7260]
  0x00000215c551aeb0 WorkerThread "GC Thread#5" [stack: 0x000000555ba00000,0x000000555bb00000] [id=24544]
  0x00000215c551b960 WorkerThread "GC Thread#6" [stack: 0x000000555bb00000,0x000000555bc00000] [id=1264]
  0x00000215c551c410 WorkerThread "GC Thread#7" [stack: 0x000000555bc00000,0x000000555bd00000] [id=17260]
  0x000002158fe619a0 ConcurrentGCThread "G1 Main Marker" [stack: 0x000000555a500000,0x000000555a600000] [id=29936]
  0x000002158fe623f0 WorkerThread "G1 Conc#0" [stack: 0x000000555a600000,0x000000555a700000] [id=32928]
  0x00000215c5528400 WorkerThread "G1 Conc#1" [stack: 0x000000555bd00000,0x000000555be00000] [id=22596]
  0x000002158fe6e900 ConcurrentGCThread "G1 Refine#0" [stack: 0x000000555a700000,0x000000555a800000] [id=5512]
  0x00000215c5606fe0 ConcurrentGCThread "G1 Refine#1" [stack: 0x000000555be00000,0x000000555bf00000] [id=34364]
  0x00000215c554bc70 ConcurrentGCThread "G1 Refine#2" [stack: 0x000000555bf00000,0x000000555c000000] [id=31452]
  0x00000215c555a400 ConcurrentGCThread "G1 Refine#3" [stack: 0x000000555c000000,0x000000555c100000] [id=30620]
  0x00000215c554b180 ConcurrentGCThread "G1 Refine#4" [stack: 0x000000555c100000,0x000000555c200000] [id=26196]
  0x00000215c0965240 ConcurrentGCThread "G1 Service" [stack: 0x000000555a800000,0x000000555a900000] [id=32800]

Threads with active compile tasks:

VM state: at safepoint (normal execution)

VM Mutex/Monitor currently owned by a thread:  ([mutex/lock_event])
[0x000002158fdad8f0] Threads_lock - owner thread: 0x00000215c094dd30
[0x000002158fdad980] Heap_lock - owner thread: 0x000002158fdae770

Heap address: 0x0000000580000000, size: 10240 MB, Compressed Oops mode: Zero based, Oop shift amount: 3

CDS archive(s) mapped at: [0x0000000800000000-0x0000000800ba0000-0x0000000800ba0000), size 12189696, SharedBaseAddress: 0x0000000800000000, ArchiveRelocationMode: 0.
Compressed class space mapped at: 0x0000000800c00000-0x0000000840c00000, reserved size: 1073741824
Narrow klass base: 0x0000000800000000, Narrow klass shift: 0, Narrow klass range: 0x100000000

GC Precious Log:
 CardTable entry size: 512
 Card Set container configuration: InlinePtr #cards 4 size 8 Array Of Cards #cards 64 size 144 Howl #buckets 8 coarsen threshold 14745 Howl Bitmap #cards 2048 size 272 coarsen threshold 1843 Card regions per heap region 1 cards per card region 16384
 CPUs: 8 total, 8 available
 Memory: 7834M
 Large Page Support: Disabled
 NUMA Support: Disabled
 Compressed Oops: Enabled (Zero based)
 Heap Region Size: 8M
 Heap Min Capacity: 8M
 Heap Initial Capacity: 128M
 Heap Max Capacity: 10G
 Pre-touch: Disabled
 Parallel Workers: 8
 Concurrent Workers: 2
 Concurrent Refinement Workers: 8
 Periodic GC: Disabled

Heap:
 garbage-first heap   total 2949120K, used 2078745K [0x0000000580000000, 0x0000000800000000)
  region size 8192K, 2 young (16384K), 2 survivors (16384K)
 Metaspace       used 198K, committed 384K, reserved 1114112K
  class space    used 12K, committed 128K, reserved 1048576K

Heap Regions: E=young(eden), S=young(survivor), O=old, HS=humongous(starts), HC=humongous(continues), CS=collection set, F=free, OA=open archive, CA=closed archive, TAMS=top-at-mark-start (previous, next)
|   0|0x0000000580000000, 0x0000000580800000, 0x0000000580800000|100%| O|  |TAMS 0x0000000580800000, 0x0000000580800000| Untracked 
|   1|0x0000000580800000, 0x0000000581000000, 0x0000000581000000|100%| O|  |TAMS 0x0000000581000000, 0x0000000581000000| Untracked 
|   2|0x0000000581000000, 0x0000000581800000, 0x0000000581800000|100%| O|  |TAMS 0x0000000581800000, 0x0000000581800000| Untracked 
|   3|0x0000000581800000, 0x0000000582000000, 0x0000000582000000|100%| O|  |TAMS 0x0000000582000000, 0x0000000582000000| Untracked 
|   4|0x0000000582000000, 0x0000000582800000, 0x0000000582800000|100%| O|  |TAMS 0x0000000582800000, 0x0000000582800000| Untracked 
|   5|0x0000000582800000, 0x0000000583000000, 0x0000000583000000|100%| O|  |TAMS 0x0000000583000000, 0x0000000583000000| Untracked 
|   6|0x0000000583000000, 0x0000000583800000, 0x0000000583800000|100%| O|  |TAMS 0x0000000583800000, 0x0000000583800000| Untracked 
|   7|0x0000000583800000, 0x0000000584000000, 0x0000000584000000|100%| O|  |TAMS 0x0000000584000000, 0x0000000584000000| Untracked 
|   8|0x0000000584000000, 0x0000000584800000, 0x0000000584800000|100%| O|  |TAMS 0x0000000584800000, 0x0000000584800000| Untracked 
|   9|0x0000000584800000, 0x0000000585000000, 0x0000000585000000|100%| O|  |TAMS 0x0000000585000000, 0x0000000585000000| Untracked 
|  10|0x0000000585000000, 0x0000000585800000, 0x0000000585800000|100%| O|  |TAMS 0x0000000585800000, 0x0000000585800000| Untracked 
|  11|0x0000000585800000, 0x0000000586000000, 0x0000000586000000|100%| O|  |TAMS 0x0000000586000000, 0x0000000586000000| Untracked 
|  12|0x0000000586000000, 0x0000000586800000, 0x0000000586800000|100%| O|  |TAMS 0x0000000586800000, 0x0000000586800000| Untracked 
|  13|0x0000000586800000, 0x0000000587000000, 0x0000000587000000|100%| O|  |TAMS 0x0000000587000000, 0x0000000587000000| Untracked 
|  14|0x0000000587000000, 0x0000000587800000, 0x0000000587800000|100%| O|  |TAMS 0x0000000587800000, 0x0000000587800000| Untracked 
|  15|0x0000000587800000, 0x0000000588000000, 0x0000000588000000|100%| O|  |TAMS 0x0000000588000000, 0x0000000588000000| Untracked 
|  16|0x0000000588000000, 0x0000000588800000, 0x0000000588800000|100%| O|  |TAMS 0x0000000588800000, 0x0000000588800000| Untracked 
|  17|0x0000000588800000, 0x0000000589000000, 0x0000000589000000|100%| O|  |TAMS 0x0000000589000000, 0x0000000589000000| Untracked 
|  18|0x0000000589000000, 0x0000000589800000, 0x0000000589800000|100%| O|  |TAMS 0x0000000589800000, 0x0000000589800000| Untracked 
|  19|0x0000000589800000, 0x000000058a000000, 0x000000058a000000|100%| O|  |TAMS 0x000000058a000000, 0x000000058a000000| Untracked 
|  20|0x000000058a000000, 0x000000058a800000, 0x000000058a800000|100%| O|  |TAMS 0x000000058a800000, 0x000000058a800000| Untracked 
|  21|0x000000058a800000, 0x000000058b000000, 0x000000058b000000|100%| O|  |TAMS 0x000000058b000000, 0x000000058b000000| Untracked 
|  22|0x000000058b000000, 0x000000058b800000, 0x000000058b800000|100%| O|  |TAMS 0x000000058b800000, 0x000000058b800000| Untracked 
|  23|0x000000058b800000, 0x000000058c000000, 0x000000058c000000|100%| O|  |TAMS 0x000000058c000000, 0x000000058c000000| Untracked 
|  24|0x000000058c000000, 0x000000058c800000, 0x000000058c800000|100%| O|  |TAMS 0x000000058c800000, 0x000000058c800000| Untracked 
|  25|0x000000058c800000, 0x000000058d000000, 0x000000058d000000|100%| O|  |TAMS 0x000000058d000000, 0x000000058d000000| Untracked 
|  26|0x000000058d000000, 0x000000058d800000, 0x000000058d800000|100%| O|  |TAMS 0x000000058d800000, 0x000000058d800000| Untracked 
|  27|0x000000058d800000, 0x000000058df03200, 0x000000058e000000| 87%| O|  |TAMS 0x000000058df03200, 0x000000058df03200| Untracked 
|  28|0x000000058e000000, 0x000000058e800000, 0x000000058e800000|100%| O|  |TAMS 0x000000058e800000, 0x000000058e800000| Untracked 
|  29|0x000000058e800000, 0x000000058f000000, 0x000000058f000000|100%| O|  |TAMS 0x000000058f000000, 0x000000058f000000| Untracked 
|  30|0x000000058f000000, 0x000000058f800000, 0x000000058f800000|100%| O|  |TAMS 0x000000058f800000, 0x000000058f800000| Untracked 
|  31|0x000000058f800000, 0x0000000590000000, 0x0000000590000000|100%| O|  |TAMS 0x0000000590000000, 0x0000000590000000| Untracked 
|  32|0x0000000590000000, 0x0000000590800000, 0x0000000590800000|100%| O|  |TAMS 0x0000000590800000, 0x0000000590800000| Untracked 
|  33|0x0000000590800000, 0x0000000591000000, 0x0000000591000000|100%| O|  |TAMS 0x0000000591000000, 0x0000000591000000| Untracked 
|  34|0x0000000591000000, 0x0000000591800000, 0x0000000591800000|100%| O|  |TAMS 0x0000000591800000, 0x0000000591800000| Untracked 
|  35|0x0000000591800000, 0x0000000592000000, 0x0000000592000000|100%| O|  |TAMS 0x0000000592000000, 0x0000000592000000| Untracked 
|  36|0x0000000592000000, 0x0000000592800000, 0x0000000592800000|100%| O|  |TAMS 0x0000000592800000, 0x0000000592800000| Untracked 
|  37|0x0000000592800000, 0x0000000593000000, 0x0000000593000000|100%| O|  |TAMS 0x0000000593000000, 0x0000000593000000| Untracked 
|  38|0x0000000593000000, 0x0000000593800000, 0x0000000593800000|100%| O|  |TAMS 0x0000000593800000, 0x0000000593800000| Untracked 
|  39|0x0000000593800000, 0x0000000594000000, 0x0000000594000000|100%| O|  |TAMS 0x0000000594000000, 0x0000000594000000| Untracked 
|  40|0x0000000594000000, 0x0000000594800000, 0x0000000594800000|100%| O|  |TAMS 0x0000000594800000, 0x0000000594800000| Untracked 
|  41|0x0000000594800000, 0x0000000595000000, 0x0000000595000000|100%| O|  |TAMS 0x0000000595000000, 0x0000000595000000| Untracked 
|  42|0x0000000595000000, 0x0000000595800000, 0x0000000595800000|100%| O|  |TAMS 0x0000000595800000, 0x0000000595800000| Untracked 
|  43|0x0000000595800000, 0x0000000596000000, 0x0000000596000000|100%| O|  |TAMS 0x0000000596000000, 0x0000000596000000| Untracked 
|  44|0x0000000596000000, 0x0000000596800000, 0x0000000596800000|100%| O|  |TAMS 0x0000000596800000, 0x0000000596800000| Untracked 
|  45|0x0000000596800000, 0x0000000597000000, 0x0000000597000000|100%| O|  |TAMS 0x0000000597000000, 0x0000000597000000| Untracked 
|  46|0x0000000597000000, 0x0000000597800000, 0x0000000597800000|100%| O|  |TAMS 0x0000000597800000, 0x0000000597800000| Untracked 
|  47|0x0000000597800000, 0x0000000598000000, 0x0000000598000000|100%| O|  |TAMS 0x0000000598000000, 0x0000000598000000| Untracked 
|  48|0x0000000598000000, 0x0000000598800000, 0x0000000598800000|100%| O|  |TAMS 0x0000000598800000, 0x0000000598800000| Untracked 
|  49|0x0000000598800000, 0x0000000599000000, 0x0000000599000000|100%| O|  |TAMS 0x0000000599000000, 0x0000000599000000| Untracked 
|  50|0x0000000599000000, 0x0000000599800000, 0x0000000599800000|100%| O|  |TAMS 0x0000000599800000, 0x0000000599800000| Untracked 
|  51|0x0000000599800000, 0x000000059a000000, 0x000000059a000000|100%| O|  |TAMS 0x000000059a000000, 0x000000059a000000| Untracked 
|  52|0x000000059a000000, 0x000000059a800000, 0x000000059a800000|100%| O|  |TAMS 0x000000059a800000, 0x000000059a800000| Untracked 
|  53|0x000000059a800000, 0x000000059b000000, 0x000000059b000000|100%| O|  |TAMS 0x000000059b000000, 0x000000059b000000| Untracked 
|  54|0x000000059b000000, 0x000000059b800000, 0x000000059b800000|100%| O|  |TAMS 0x000000059b800000, 0x000000059b800000| Untracked 
|  55|0x000000059b800000, 0x000000059c000000, 0x000000059c000000|100%| O|  |TAMS 0x000000059c000000, 0x000000059c000000| Untracked 
|  56|0x000000059c000000, 0x000000059c800000, 0x000000059c800000|100%| O|  |TAMS 0x000000059c800000, 0x000000059c800000| Untracked 
|  57|0x000000059c800000, 0x000000059d000000, 0x000000059d000000|100%| O|  |TAMS 0x000000059d000000, 0x000000059d000000| Untracked 
|  58|0x000000059d000000, 0x000000059d800000, 0x000000059d800000|100%| O|  |TAMS 0x000000059d800000, 0x000000059d800000| Untracked 
|  59|0x000000059d800000, 0x000000059e000000, 0x000000059e000000|100%| O|  |TAMS 0x000000059e000000, 0x000000059e000000| Untracked 
|  60|0x000000059e000000, 0x000000059e800000, 0x000000059e800000|100%| O|  |TAMS 0x000000059e800000, 0x000000059e800000| Untracked 
|  61|0x000000059e800000, 0x000000059f000000, 0x000000059f000000|100%| O|  |TAMS 0x000000059f000000, 0x000000059f000000| Untracked 
|  62|0x000000059f000000, 0x000000059f800000, 0x000000059f800000|100%| O|  |TAMS 0x000000059f800000, 0x000000059f800000| Untracked 
|  63|0x000000059f800000, 0x00000005a0000000, 0x00000005a0000000|100%| O|  |TAMS 0x00000005a0000000, 0x00000005a0000000| Untracked 
|  64|0x00000005a0000000, 0x00000005a0800000, 0x00000005a0800000|100%| O|  |TAMS 0x00000005a0800000, 0x00000005a0800000| Untracked 
|  65|0x00000005a0800000, 0x00000005a1000000, 0x00000005a1000000|100%| O|  |TAMS 0x00000005a1000000, 0x00000005a1000000| Untracked 
|  66|0x00000005a1000000, 0x00000005a1800000, 0x00000005a1800000|100%| O|  |TAMS 0x00000005a1800000, 0x00000005a1800000| Untracked 
|  67|0x00000005a1800000, 0x00000005a2000000, 0x00000005a2000000|100%| O|  |TAMS 0x00000005a2000000, 0x00000005a2000000| Untracked 
|  68|0x00000005a2000000, 0x00000005a2800000, 0x00000005a2800000|100%| O|  |TAMS 0x00000005a2800000, 0x00000005a2800000| Untracked 
|  69|0x00000005a2800000, 0x00000005a3000000, 0x00000005a3000000|100%| O|  |TAMS 0x00000005a3000000, 0x00000005a3000000| Untracked 
|  70|0x00000005a3000000, 0x00000005a3800000, 0x00000005a3800000|100%| O|  |TAMS 0x00000005a3800000, 0x00000005a3800000| Untracked 
|  71|0x00000005a3800000, 0x00000005a4000000, 0x00000005a4000000|100%| O|  |TAMS 0x00000005a4000000, 0x00000005a4000000| Untracked 
|  72|0x00000005a4000000, 0x00000005a4800000, 0x00000005a4800000|100%| O|  |TAMS 0x00000005a4800000, 0x00000005a4800000| Untracked 
|  73|0x00000005a4800000, 0x00000005a5000000, 0x00000005a5000000|100%| O|  |TAMS 0x00000005a5000000, 0x00000005a5000000| Untracked 
|  74|0x00000005a5000000, 0x00000005a5800000, 0x00000005a5800000|100%| O|  |TAMS 0x00000005a5800000, 0x00000005a5800000| Untracked 
|  75|0x00000005a5800000, 0x00000005a6000000, 0x00000005a6000000|100%| O|  |TAMS 0x00000005a6000000, 0x00000005a6000000| Untracked 
|  76|0x00000005a6000000, 0x00000005a6800000, 0x00000005a6800000|100%| O|  |TAMS 0x00000005a6800000, 0x00000005a6800000| Untracked 
|  77|0x00000005a6800000, 0x00000005a7000000, 0x00000005a7000000|100%| O|  |TAMS 0x00000005a7000000, 0x00000005a7000000| Untracked 
|  78|0x00000005a7000000, 0x00000005a7800000, 0x00000005a7800000|100%| O|  |TAMS 0x00000005a7800000, 0x00000005a7800000| Untracked 
|  79|0x00000005a7800000, 0x00000005a8000000, 0x00000005a8000000|100%| O|  |TAMS 0x00000005a8000000, 0x00000005a8000000| Untracked 
|  80|0x00000005a8000000, 0x00000005a8800000, 0x00000005a8800000|100%| O|  |TAMS 0x00000005a8800000, 0x00000005a8800000| Untracked 
|  81|0x00000005a8800000, 0x00000005a9000000, 0x00000005a9000000|100%| O|  |TAMS 0x00000005a9000000, 0x00000005a9000000| Untracked 
|  82|0x00000005a9000000, 0x00000005a9800000, 0x00000005a9800000|100%| O|  |TAMS 0x00000005a9800000, 0x00000005a9800000| Untracked 
|  83|0x00000005a9800000, 0x00000005aa000000, 0x00000005aa000000|100%| O|  |TAMS 0x00000005aa000000, 0x00000005aa000000| Untracked 
|  84|0x00000005aa000000, 0x00000005aa800000, 0x00000005aa800000|100%| O|  |TAMS 0x00000005aa800000, 0x00000005aa800000| Untracked 
|  85|0x00000005aa800000, 0x00000005ab000000, 0x00000005ab000000|100%| O|  |TAMS 0x00000005ab000000, 0x00000005ab000000| Untracked 
|  86|0x00000005ab000000, 0x00000005ab703200, 0x00000005ab800000| 87%| O|  |TAMS 0x00000005ab703200, 0x00000005ab703200| Untracked 
|  87|0x00000005ab800000, 0x00000005ac000000, 0x00000005ac000000|100%| O|  |TAMS 0x00000005ac000000, 0x00000005ac000000| Untracked 
|  88|0x00000005ac000000, 0x00000005ac800000, 0x00000005ac800000|100%| O|  |TAMS 0x00000005ac800000, 0x00000005ac800000| Untracked 
|  89|0x00000005ac800000, 0x00000005ad000000, 0x00000005ad000000|100%| O|  |TAMS 0x00000005ad000000, 0x00000005ad000000| Untracked 
|  90|0x00000005ad000000, 0x00000005ad800000, 0x00000005ad800000|100%| O|  |TAMS 0x00000005ad800000, 0x00000005ad800000| Untracked 
|  91|0x00000005ad800000, 0x00000005ae000000, 0x00000005ae000000|100%| O|  |TAMS 0x00000005ae000000, 0x00000005ae000000| Untracked 
|  92|0x00000005ae000000, 0x00000005ae800000, 0x00000005ae800000|100%| O|  |TAMS 0x00000005ae800000, 0x00000005ae800000| Untracked 
|  93|0x00000005ae800000, 0x00000005af000000, 0x00000005af000000|100%| O|  |TAMS 0x00000005af000000, 0x00000005af000000| Untracked 
|  94|0x00000005af000000, 0x00000005af800000, 0x00000005af800000|100%| O|  |TAMS 0x00000005af800000, 0x00000005af800000| Untracked 
|  95|0x00000005af800000, 0x00000005b0000000, 0x00000005b0000000|100%| O|  |TAMS 0x00000005b0000000, 0x00000005b0000000| Untracked 
|  96|0x00000005b0000000, 0x00000005b0800000, 0x00000005b0800000|100%| O|  |TAMS 0x00000005b0800000, 0x00000005b0800000| Untracked 
|  97|0x00000005b0800000, 0x00000005b1000000, 0x00000005b1000000|100%| O|  |TAMS 0x00000005b1000000, 0x00000005b1000000| Untracked 
|  98|0x00000005b1000000, 0x00000005b1800000, 0x00000005b1800000|100%| O|  |TAMS 0x00000005b1800000, 0x00000005b1800000| Untracked 
|  99|0x00000005b1800000, 0x00000005b2000000, 0x00000005b2000000|100%| O|  |TAMS 0x00000005b2000000, 0x00000005b2000000| Untracked 
| 100|0x00000005b2000000, 0x00000005b2800000, 0x00000005b2800000|100%| O|  |TAMS 0x00000005b2800000, 0x00000005b2800000| Untracked 
| 101|0x00000005b2800000, 0x00000005b3000000, 0x00000005b3000000|100%| O|  |TAMS 0x00000005b3000000, 0x00000005b3000000| Untracked 
| 102|0x00000005b3000000, 0x00000005b3800000, 0x00000005b3800000|100%| O|  |TAMS 0x00000005b3800000, 0x00000005b3800000| Untracked 
| 103|0x00000005b3800000, 0x00000005b4000000, 0x00000005b4000000|100%| O|  |TAMS 0x00000005b4000000, 0x00000005b4000000| Untracked 
| 104|0x00000005b4000000, 0x00000005b4800000, 0x00000005b4800000|100%| O|  |TAMS 0x00000005b4800000, 0x00000005b4800000| Untracked 
| 105|0x00000005b4800000, 0x00000005b5000000, 0x00000005b5000000|100%| O|  |TAMS 0x00000005b5000000, 0x00000005b5000000| Untracked 
| 106|0x00000005b5000000, 0x00000005b5800000, 0x00000005b5800000|100%| O|  |TAMS 0x00000005b5800000, 0x00000005b5800000| Untracked 
| 107|0x00000005b5800000, 0x00000005b6000000, 0x00000005b6000000|100%| O|  |TAMS 0x00000005b6000000, 0x00000005b6000000| Untracked 
| 108|0x00000005b6000000, 0x00000005b6800000, 0x00000005b6800000|100%| O|  |TAMS 0x00000005b6800000, 0x00000005b6800000| Untracked 
| 109|0x00000005b6800000, 0x00000005b7000000, 0x00000005b7000000|100%| O|  |TAMS 0x00000005b7000000, 0x00000005b7000000| Untracked 
| 110|0x00000005b7000000, 0x00000005b7800000, 0x00000005b7800000|100%| O|  |TAMS 0x00000005b7800000, 0x00000005b7800000| Untracked 
| 111|0x00000005b7800000, 0x00000005b8000000, 0x00000005b8000000|100%| O|  |TAMS 0x00000005b7800000, 0x00000005b8000000| Untracked 
| 112|0x00000005b8000000, 0x00000005b8800000, 0x00000005b8800000|100%| O|  |TAMS 0x00000005b8000000, 0x00000005b8800000| Untracked 
| 113|0x00000005b8800000, 0x00000005b9000000, 0x00000005b9000000|100%| O|  |TAMS 0x00000005b9000000, 0x00000005b9000000| Untracked 
| 114|0x00000005b9000000, 0x00000005b9800000, 0x00000005b9800000|100%| O|  |TAMS 0x00000005b9800000, 0x00000005b9800000| Untracked 
| 115|0x00000005b9800000, 0x00000005ba000000, 0x00000005ba000000|100%| O|  |TAMS 0x00000005ba000000, 0x00000005ba000000| Untracked 
| 116|0x00000005ba000000, 0x00000005ba800000, 0x00000005ba800000|100%| O|  |TAMS 0x00000005ba800000, 0x00000005ba800000| Untracked 
| 117|0x00000005ba800000, 0x00000005bb000000, 0x00000005bb000000|100%| O|  |TAMS 0x00000005bb000000, 0x00000005bb000000| Untracked 
| 118|0x00000005bb000000, 0x00000005bb800000, 0x00000005bb800000|100%| O|  |TAMS 0x00000005bb800000, 0x00000005bb800000| Untracked 
| 119|0x00000005bb800000, 0x00000005bc000000, 0x00000005bc000000|100%| O|  |TAMS 0x00000005bbf95a00, 0x00000005bc000000| Untracked 
| 120|0x00000005bc000000, 0x00000005bc800000, 0x00000005bc800000|100%| O|  |TAMS 0x00000005bc000000, 0x00000005bc800000| Untracked 
| 121|0x00000005bc800000, 0x00000005bd000000, 0x00000005bd000000|100%| O|  |TAMS 0x00000005bc800000, 0x00000005bd000000| Untracked 
| 122|0x00000005bd000000, 0x00000005bd800000, 0x00000005bd800000|100%| O|  |TAMS 0x00000005bd000000, 0x00000005bd800000| Untracked 
| 123|0x00000005bd800000, 0x00000005be000000, 0x00000005be000000|100%| O|  |TAMS 0x00000005bd800000, 0x00000005be000000| Untracked 
| 124|0x00000005be000000, 0x00000005be800000, 0x00000005be800000|100%| O|  |TAMS 0x00000005be000000, 0x00000005be800000| Untracked 
| 125|0x00000005be800000, 0x00000005bf000000, 0x00000005bf000000|100%| O|  |TAMS 0x00000005be800000, 0x00000005bf000000| Untracked 
| 126|0x00000005bf000000, 0x00000005bf800000, 0x00000005bf800000|100%| O|  |TAMS 0x00000005bf000000, 0x00000005bf800000| Untracked 
| 127|0x00000005bf800000, 0x00000005c0000000, 0x00000005c0000000|100%| O|  |TAMS 0x00000005bf800000, 0x00000005c0000000| Untracked 
| 128|0x00000005c0000000, 0x00000005c0800000, 0x00000005c0800000|100%| O|  |TAMS 0x00000005c0000000, 0x00000005c0800000| Untracked 
| 129|0x00000005c0800000, 0x00000005c1000000, 0x00000005c1000000|100%| O|  |TAMS 0x00000005c0800000, 0x00000005c1000000| Untracked 
| 130|0x00000005c1000000, 0x00000005c1800000, 0x00000005c1800000|100%| O|  |TAMS 0x00000005c1000000, 0x00000005c1800000| Untracked 
| 131|0x00000005c1800000, 0x00000005c2000000, 0x00000005c2000000|100%| O|  |TAMS 0x00000005c1800000, 0x00000005c2000000| Untracked 
| 132|0x00000005c2000000, 0x00000005c2800000, 0x00000005c2800000|100%| O|  |TAMS 0x00000005c2000000, 0x00000005c2800000| Untracked 
| 133|0x00000005c2800000, 0x00000005c3000000, 0x00000005c3000000|100%| O|  |TAMS 0x00000005c2800000, 0x00000005c3000000| Untracked 
| 134|0x00000005c3000000, 0x00000005c3800000, 0x00000005c3800000|100%| O|  |TAMS 0x00000005c3000000, 0x00000005c3800000| Untracked 
| 135|0x00000005c3800000, 0x00000005c4000000, 0x00000005c4000000|100%| O|  |TAMS 0x00000005c3800000, 0x00000005c4000000| Untracked 
| 136|0x00000005c4000000, 0x00000005c4800000, 0x00000005c4800000|100%| O|  |TAMS 0x00000005c4000000, 0x00000005c4800000| Untracked 
| 137|0x00000005c4800000, 0x00000005c5000000, 0x00000005c5000000|100%| O|  |TAMS 0x00000005c4800000, 0x00000005c5000000| Untracked 
| 138|0x00000005c5000000, 0x00000005c5800000, 0x00000005c5800000|100%| O|  |TAMS 0x00000005c5000000, 0x00000005c5800000| Untracked 
| 139|0x00000005c5800000, 0x00000005c6000000, 0x00000005c6000000|100%| O|  |TAMS 0x00000005c5800000, 0x00000005c6000000| Untracked 
| 140|0x00000005c6000000, 0x00000005c6800000, 0x00000005c6800000|100%| O|  |TAMS 0x00000005c6000000, 0x00000005c6800000| Untracked 
| 141|0x00000005c6800000, 0x00000005c7000000, 0x00000005c7000000|100%| O|  |TAMS 0x00000005c6800000, 0x00000005c7000000| Untracked 
| 142|0x00000005c7000000, 0x00000005c7800000, 0x00000005c7800000|100%| O|  |TAMS 0x00000005c7000000, 0x00000005c7800000| Untracked 
| 143|0x00000005c7800000, 0x00000005c8000000, 0x00000005c8000000|100%| O|  |TAMS 0x00000005c7800000, 0x00000005c8000000| Untracked 
| 144|0x00000005c8000000, 0x00000005c8800000, 0x00000005c8800000|100%|HS|  |TAMS 0x00000005c8000000, 0x00000005c8800000| Complete 
| 145|0x00000005c8800000, 0x00000005c9000000, 0x00000005c9000000|100%|HC|  |TAMS 0x00000005c8800000, 0x00000005c9000000| Complete 
| 146|0x00000005c9000000, 0x00000005c9800000, 0x00000005c9800000|100%|HC|  |TAMS 0x00000005c9000000, 0x00000005c9800000| Complete 
| 147|0x00000005c9800000, 0x00000005ca000000, 0x00000005ca000000|100%|HC|  |TAMS 0x00000005c9800000, 0x00000005ca000000| Complete 
| 148|0x00000005ca000000, 0x00000005ca800000, 0x00000005ca800000|100%|HC|  |TAMS 0x00000005ca000000, 0x00000005ca800000| Complete 
| 149|0x00000005ca800000, 0x00000005cb000000, 0x00000005cb000000|100%|HC|  |TAMS 0x00000005ca800000, 0x00000005cb000000| Complete 
| 150|0x00000005cb000000, 0x00000005cb800000, 0x00000005cb800000|100%|HC|  |TAMS 0x00000005cb000000, 0x00000005cb800000| Complete 
| 151|0x00000005cb800000, 0x00000005cc000000, 0x00000005cc000000|100%|HC|  |TAMS 0x00000005cb800000, 0x00000005cc000000| Complete 
| 152|0x00000005cc000000, 0x00000005cc800000, 0x00000005cc800000|100%|HC|  |TAMS 0x00000005cc000000, 0x00000005cc800000| Complete 
| 153|0x00000005cc800000, 0x00000005cd000000, 0x00000005cd000000|100%|HC|  |TAMS 0x00000005cc800000, 0x00000005cd000000| Complete 
| 154|0x00000005cd000000, 0x00000005cd800000, 0x00000005cd800000|100%|HC|  |TAMS 0x00000005cd000000, 0x00000005cd800000| Complete 
| 155|0x00000005cd800000, 0x00000005ce000000, 0x00000005ce000000|100%|HC|  |TAMS 0x00000005cd800000, 0x00000005ce000000| Complete 
| 156|0x00000005ce000000, 0x00000005ce800000, 0x00000005ce800000|100%|HC|  |TAMS 0x00000005ce000000, 0x00000005ce800000| Complete 
| 157|0x00000005ce800000, 0x00000005cf000000, 0x00000005cf000000|100%|HC|  |TAMS 0x00000005ce800000, 0x00000005cf000000| Complete 
| 158|0x00000005cf000000, 0x00000005cf800000, 0x00000005cf800000|100%|HC|  |TAMS 0x00000005cf000000, 0x00000005cf800000| Complete 
| 159|0x00000005cf800000, 0x00000005d0000000, 0x00000005d0000000|100%|HC|  |TAMS 0x00000005cf800000, 0x00000005d0000000| Complete 
| 160|0x00000005d0000000, 0x00000005d0800000, 0x00000005d0800000|100%|HC|  |TAMS 0x00000005d0000000, 0x00000005d0800000| Complete 
| 161|0x00000005d0800000, 0x00000005d1000000, 0x00000005d1000000|100%|HC|  |TAMS 0x00000005d0800000, 0x00000005d1000000| Complete 
| 162|0x00000005d1000000, 0x00000005d1800000, 0x00000005d1800000|100%|HC|  |TAMS 0x00000005d1000000, 0x00000005d1800000| Complete 
| 163|0x00000005d1800000, 0x00000005d2000000, 0x00000005d2000000|100%| O|  |TAMS 0x00000005d1800000, 0x00000005d2000000| Untracked 
| 164|0x00000005d2000000, 0x00000005d2800000, 0x00000005d2800000|100%| O|  |TAMS 0x00000005d2000000, 0x00000005d2800000| Untracked 
| 165|0x00000005d2800000, 0x00000005d3000000, 0x00000005d3000000|100%| O|  |TAMS 0x00000005d2800000, 0x00000005d3000000| Untracked 
| 166|0x00000005d3000000, 0x00000005d3800000, 0x00000005d3800000|100%| O|  |TAMS 0x00000005d3000000, 0x00000005d3800000| Untracked 
| 167|0x00000005d3800000, 0x00000005d4000000, 0x00000005d4000000|100%| O|  |TAMS 0x00000005d3800000, 0x00000005d4000000| Untracked 
| 168|0x00000005d4000000, 0x00000005d4800000, 0x00000005d4800000|100%| O|  |TAMS 0x00000005d4000000, 0x00000005d4800000| Untracked 
| 169|0x00000005d4800000, 0x00000005d5000000, 0x00000005d5000000|100%| O|  |TAMS 0x00000005d4800000, 0x00000005d5000000| Untracked 
| 170|0x00000005d5000000, 0x00000005d5800000, 0x00000005d5800000|100%| O|  |TAMS 0x00000005d5000000, 0x00000005d5800000| Untracked 
| 171|0x00000005d5800000, 0x00000005d6000000, 0x00000005d6000000|100%| O|  |TAMS 0x00000005d5800000, 0x00000005d6000000| Untracked 
| 172|0x00000005d6000000, 0x00000005d6800000, 0x00000005d6800000|100%| O|  |TAMS 0x00000005d6000000, 0x00000005d6800000| Untracked 
| 173|0x00000005d6800000, 0x00000005d7000000, 0x00000005d7000000|100%| O|  |TAMS 0x00000005d6800000, 0x00000005d7000000| Untracked 
| 174|0x00000005d7000000, 0x00000005d7800000, 0x00000005d7800000|100%| O|  |TAMS 0x00000005d7000000, 0x00000005d7800000| Untracked 
| 175|0x00000005d7800000, 0x00000005d8000000, 0x00000005d8000000|100%| O|  |TAMS 0x00000005d7800000, 0x00000005d8000000| Untracked 
| 176|0x00000005d8000000, 0x00000005d8800000, 0x00000005d8800000|100%| O|  |TAMS 0x00000005d8000000, 0x00000005d8800000| Untracked 
| 177|0x00000005d8800000, 0x00000005d9000000, 0x00000005d9000000|100%| O|  |TAMS 0x00000005d8800000, 0x00000005d9000000| Untracked 
| 178|0x00000005d9000000, 0x00000005d9800000, 0x00000005d9800000|100%| O|  |TAMS 0x00000005d9000000, 0x00000005d9800000| Untracked 
| 179|0x00000005d9800000, 0x00000005da000000, 0x00000005da000000|100%| O|  |TAMS 0x00000005d9800000, 0x00000005da000000| Untracked 
| 180|0x00000005da000000, 0x00000005da800000, 0x00000005da800000|100%| O|  |TAMS 0x00000005da000000, 0x00000005da800000| Untracked 
| 181|0x00000005da800000, 0x00000005db000000, 0x00000005db000000|100%| O|  |TAMS 0x00000005da800000, 0x00000005db000000| Untracked 
| 182|0x00000005db000000, 0x00000005db800000, 0x00000005db800000|100%| O|  |TAMS 0x00000005db000000, 0x00000005db800000| Untracked 
| 183|0x00000005db800000, 0x00000005dc000000, 0x00000005dc000000|100%| O|  |TAMS 0x00000005db800000, 0x00000005dc000000| Untracked 
| 184|0x00000005dc000000, 0x00000005dc800000, 0x00000005dc800000|100%| O|  |TAMS 0x00000005dc000000, 0x00000005dc800000| Untracked 
| 185|0x00000005dc800000, 0x00000005dd000000, 0x00000005dd000000|100%| O|  |TAMS 0x00000005dc800000, 0x00000005dd000000| Untracked 
| 186|0x00000005dd000000, 0x00000005dd800000, 0x00000005dd800000|100%| O|  |TAMS 0x00000005dd000000, 0x00000005dd800000| Untracked 
| 187|0x00000005dd800000, 0x00000005de000000, 0x00000005de000000|100%| O|  |TAMS 0x00000005dd800000, 0x00000005de000000| Untracked 
| 188|0x00000005de000000, 0x00000005de800000, 0x00000005de800000|100%| O|  |TAMS 0x00000005de000000, 0x00000005de800000| Untracked 
| 189|0x00000005de800000, 0x00000005df000000, 0x00000005df000000|100%| O|  |TAMS 0x00000005de800000, 0x00000005df000000| Untracked 
| 190|0x00000005df000000, 0x00000005df800000, 0x00000005df800000|100%| O|  |TAMS 0x00000005df000000, 0x00000005df800000| Untracked 
| 191|0x00000005df800000, 0x00000005e0000000, 0x00000005e0000000|100%| O|  |TAMS 0x00000005df800000, 0x00000005e0000000| Untracked 
| 192|0x00000005e0000000, 0x00000005e0800000, 0x00000005e0800000|100%| O|  |TAMS 0x00000005e0000000, 0x00000005e0800000| Untracked 
| 193|0x00000005e0800000, 0x00000005e1000000, 0x00000005e1000000|100%| O|  |TAMS 0x00000005e0800000, 0x00000005e1000000| Untracked 
| 194|0x00000005e1000000, 0x00000005e1800000, 0x00000005e1800000|100%| O|  |TAMS 0x00000005e1000000, 0x00000005e1800000| Untracked 
| 195|0x00000005e1800000, 0x00000005e2000000, 0x00000005e2000000|100%| O|  |TAMS 0x00000005e1800000, 0x00000005e2000000| Untracked 
| 196|0x00000005e2000000, 0x00000005e2800000, 0x00000005e2800000|100%| O|  |TAMS 0x00000005e2000000, 0x00000005e2800000| Untracked 
| 197|0x00000005e2800000, 0x00000005e3000000, 0x00000005e3000000|100%| O|  |TAMS 0x00000005e2800000, 0x00000005e3000000| Untracked 
| 198|0x00000005e3000000, 0x00000005e3800000, 0x00000005e3800000|100%| O|  |TAMS 0x00000005e3000000, 0x00000005e37eb400| Untracked 
| 199|0x00000005e3800000, 0x00000005e4000000, 0x00000005e4000000|100%| O|  |TAMS 0x00000005e3800000, 0x00000005e3800000| Untracked 
| 200|0x00000005e4000000, 0x00000005e4800000, 0x00000005e4800000|100%| O|  |TAMS 0x00000005e4000000, 0x00000005e4000000| Untracked 
| 201|0x00000005e4800000, 0x00000005e5000000, 0x00000005e5000000|100%| O|  |TAMS 0x00000005e4800000, 0x00000005e4800000| Untracked 
| 202|0x00000005e5000000, 0x00000005e5800000, 0x00000005e5800000|100%| O|  |TAMS 0x00000005e5000000, 0x00000005e5000000| Untracked 
| 203|0x00000005e5800000, 0x00000005e6000000, 0x00000005e6000000|100%| O|  |TAMS 0x00000005e5800000, 0x00000005e5800000| Untracked 
| 204|0x00000005e6000000, 0x00000005e6800000, 0x00000005e6800000|100%| O|  |TAMS 0x00000005e6000000, 0x00000005e6000000| Untracked 
| 205|0x00000005e6800000, 0x00000005e7000000, 0x00000005e7000000|100%| O|  |TAMS 0x00000005e6800000, 0x00000005e6800000| Untracked 
| 206|0x00000005e7000000, 0x00000005e7800000, 0x00000005e7800000|100%| O|  |TAMS 0x00000005e7000000, 0x00000005e7000000| Untracked 
| 207|0x00000005e7800000, 0x00000005e8000000, 0x00000005e8000000|100%| O|  |TAMS 0x00000005e7800000, 0x00000005e7800000| Untracked 
| 208|0x00000005e8000000, 0x00000005e8800000, 0x00000005e8800000|100%| O|  |TAMS 0x00000005e8000000, 0x00000005e8000000| Untracked 
| 209|0x00000005e8800000, 0x00000005e9000000, 0x00000005e9000000|100%| O|  |TAMS 0x00000005e8800000, 0x00000005e8800000| Untracked 
| 210|0x00000005e9000000, 0x00000005e9800000, 0x00000005e9800000|100%| O|  |TAMS 0x00000005e9000000, 0x00000005e9000000| Untracked 
| 211|0x00000005e9800000, 0x00000005ea000000, 0x00000005ea000000|100%| O|  |TAMS 0x00000005e9800000, 0x00000005e9800000| Untracked 
| 212|0x00000005ea000000, 0x00000005ea800000, 0x00000005ea800000|100%| O|  |TAMS 0x00000005ea000000, 0x00000005ea000000| Untracked 
| 213|0x00000005ea800000, 0x00000005eb000000, 0x00000005eb000000|100%| O|  |TAMS 0x00000005ea800000, 0x00000005ea800000| Untracked 
| 214|0x00000005eb000000, 0x00000005eb800000, 0x00000005eb800000|100%| O|  |TAMS 0x00000005eb000000, 0x00000005eb000000| Untracked 
| 215|0x00000005eb800000, 0x00000005ec000000, 0x00000005ec000000|100%| O|  |TAMS 0x00000005eb800000, 0x00000005eb800000| Untracked 
| 216|0x00000005ec000000, 0x00000005ec800000, 0x00000005ec800000|100%| O|  |TAMS 0x00000005ec000000, 0x00000005ec000000| Untracked 
| 217|0x00000005ec800000, 0x00000005ed000000, 0x00000005ed000000|100%| O|  |TAMS 0x00000005ec800000, 0x00000005ec800000| Untracked 
| 218|0x00000005ed000000, 0x00000005ed800000, 0x00000005ed800000|100%| O|  |TAMS 0x00000005ed000000, 0x00000005ed000000| Untracked 
| 219|0x00000005ed800000, 0x00000005ee000000, 0x00000005ee000000|100%| O|  |TAMS 0x00000005ed800000, 0x00000005ed800000| Untracked 
| 220|0x00000005ee000000, 0x00000005ee800000, 0x00000005ee800000|100%| O|  |TAMS 0x00000005ee000000, 0x00000005ee000000| Untracked 
| 221|0x00000005ee800000, 0x00000005ef000000, 0x00000005ef000000|100%| O|  |TAMS 0x00000005ee800000, 0x00000005ee800000| Untracked 
| 222|0x00000005ef000000, 0x00000005ef800000, 0x00000005ef800000|100%| O|  |TAMS 0x00000005ef000000, 0x00000005ef000000| Untracked 
| 223|0x00000005ef800000, 0x00000005f0000000, 0x00000005f0000000|100%| O|  |TAMS 0x00000005ef800000, 0x00000005ef800000| Untracked 
| 224|0x00000005f0000000, 0x00000005f0800000, 0x00000005f0800000|100%| O|  |TAMS 0x00000005f0000000, 0x00000005f0000000| Untracked 
| 225|0x00000005f0800000, 0x00000005f1000000, 0x00000005f1000000|100%| O|  |TAMS 0x00000005f0800000, 0x00000005f0800000| Untracked 
| 226|0x00000005f1000000, 0x00000005f1800000, 0x00000005f1800000|100%| O|  |TAMS 0x00000005f1000000, 0x00000005f1000000| Untracked 
| 227|0x00000005f1800000, 0x00000005f2000000, 0x00000005f2000000|100%| O|  |TAMS 0x00000005f1800000, 0x00000005f1800000| Untracked 
| 228|0x00000005f2000000, 0x00000005f2800000, 0x00000005f2800000|100%| O|  |TAMS 0x00000005f2000000, 0x00000005f2000000| Untracked 
| 229|0x00000005f2800000, 0x00000005f3000000, 0x00000005f3000000|100%| O|  |TAMS 0x00000005f2800000, 0x00000005f2800000| Untracked 
| 230|0x00000005f3000000, 0x00000005f3800000, 0x00000005f3800000|100%| O|  |TAMS 0x00000005f3000000, 0x00000005f3000000| Untracked 
| 231|0x00000005f3800000, 0x00000005f4000000, 0x00000005f4000000|100%| O|  |TAMS 0x00000005f3800000, 0x00000005f3800000| Untracked 
| 232|0x00000005f4000000, 0x00000005f4800000, 0x00000005f4800000|100%| O|  |TAMS 0x00000005f4000000, 0x00000005f4000000| Untracked 
| 233|0x00000005f4800000, 0x00000005f5000000, 0x00000005f5000000|100%| O|  |TAMS 0x00000005f4800000, 0x00000005f4800000| Untracked 
| 234|0x00000005f5000000, 0x00000005f5800000, 0x00000005f5800000|100%| O|  |TAMS 0x00000005f5000000, 0x00000005f5000000| Untracked 
| 235|0x00000005f5800000, 0x00000005f6000000, 0x00000005f6000000|100%| O|  |TAMS 0x00000005f5800000, 0x00000005f5800000| Untracked 
| 236|0x00000005f6000000, 0x00000005f6800000, 0x00000005f6800000|100%| O|  |TAMS 0x00000005f6000000, 0x00000005f6000000| Untracked 
| 237|0x00000005f6800000, 0x00000005f7000000, 0x00000005f7000000|100%| O|  |TAMS 0x00000005f6800000, 0x00000005f6800000| Untracked 
| 238|0x00000005f7000000, 0x00000005f7800000, 0x00000005f7800000|100%| O|  |TAMS 0x00000005f7000000, 0x00000005f7000000| Untracked 
| 239|0x00000005f7800000, 0x00000005f8000000, 0x00000005f8000000|100%| O|  |TAMS 0x00000005f7800000, 0x00000005f7800000| Untracked 
| 240|0x00000005f8000000, 0x00000005f8800000, 0x00000005f8800000|100%| O|  |TAMS 0x00000005f8000000, 0x00000005f8000000| Untracked 
| 241|0x00000005f8800000, 0x00000005f9000000, 0x00000005f9000000|100%| O|  |TAMS 0x00000005f8800000, 0x00000005f8800000| Untracked 
| 242|0x00000005f9000000, 0x00000005f9800000, 0x00000005f9800000|100%| O|  |TAMS 0x00000005f9000000, 0x00000005f9000000| Untracked 
| 243|0x00000005f9800000, 0x00000005fa000000, 0x00000005fa000000|100%| O|  |TAMS 0x00000005f9800000, 0x00000005f9800000| Untracked 
| 244|0x00000005fa000000, 0x00000005fa800000, 0x00000005fa800000|100%| O|  |TAMS 0x00000005fa000000, 0x00000005fa000000| Untracked 
| 245|0x00000005fa800000, 0x00000005fb000000, 0x00000005fb000000|100%| O|  |TAMS 0x00000005fa800000, 0x00000005fa800000| Untracked 
| 246|0x00000005fb000000, 0x00000005fb800000, 0x00000005fb800000|100%| O|  |TAMS 0x00000005fb000000, 0x00000005fb000000| Untracked 
| 247|0x00000005fb800000, 0x00000005fc000000, 0x00000005fc000000|100%| O|  |TAMS 0x00000005fb800000, 0x00000005fb800000| Untracked 
| 248|0x00000005fc000000, 0x00000005fc800000, 0x00000005fc800000|100%| O|  |TAMS 0x00000005fc000000, 0x00000005fc000000| Untracked 
| 249|0x00000005fc800000, 0x00000005fd000000, 0x00000005fd000000|100%| O|  |TAMS 0x00000005fc800000, 0x00000005fc800000| Untracked 
| 250|0x00000005fd000000, 0x00000005fd800000, 0x00000005fd800000|100%| O|  |TAMS 0x00000005fd000000, 0x00000005fd000000| Untracked 
| 251|0x00000005fd800000, 0x00000005fe000000, 0x00000005fe000000|100%| O|  |TAMS 0x00000005fd800000, 0x00000005fd800000| Untracked 
| 252|0x00000005fe000000, 0x00000005fe000000, 0x00000005fe800000|  0%| F|  |TAMS 0x00000005fe000000, 0x00000005fe000000| Untracked 
| 253|0x00000005fe800000, 0x00000005fe800000, 0x00000005ff000000|  0%| F|  |TAMS 0x00000005fe800000, 0x00000005fe800000| Untracked 
| 254|0x00000005ff000000, 0x00000005ff000000, 0x00000005ff800000|  0%| F|  |TAMS 0x00000005ff000000, 0x00000005ff000000| Untracked 
| 255|0x00000005ff800000, 0x00000005ff800000, 0x0000000600000000|  0%| F|  |TAMS 0x00000005ff800000, 0x00000005ff800000| Untracked 
| 256|0x0000000600000000, 0x0000000600000000, 0x0000000600800000|  0%| F|  |TAMS 0x0000000600000000, 0x0000000600000000| Untracked 
| 257|0x0000000600800000, 0x0000000600800000, 0x0000000601000000|  0%| F|  |TAMS 0x0000000600800000, 0x0000000600800000| Untracked 
| 258|0x0000000601000000, 0x0000000601000000, 0x0000000601800000|  0%| F|  |TAMS 0x0000000601000000, 0x0000000601000000| Untracked 
| 259|0x0000000601800000, 0x0000000601800000, 0x0000000602000000|  0%| F|  |TAMS 0x0000000601800000, 0x0000000601800000| Untracked 
| 260|0x0000000602000000, 0x0000000602000000, 0x0000000602800000|  0%| F|  |TAMS 0x0000000602000000, 0x0000000602000000| Untracked 
| 261|0x0000000602800000, 0x0000000602800000, 0x0000000603000000|  0%| F|  |TAMS 0x0000000602800000, 0x0000000602800000| Untracked 
| 262|0x0000000603000000, 0x0000000603000000, 0x0000000603800000|  0%| F|  |TAMS 0x0000000603000000, 0x0000000603000000| Untracked 
| 263|0x0000000603800000, 0x0000000603800000, 0x0000000604000000|  0%| F|  |TAMS 0x0000000603800000, 0x0000000603800000| Untracked 
| 264|0x0000000604000000, 0x0000000604000000, 0x0000000604800000|  0%| F|  |TAMS 0x0000000604000000, 0x0000000604000000| Untracked 
| 265|0x0000000604800000, 0x0000000604800000, 0x0000000605000000|  0%| F|  |TAMS 0x0000000604800000, 0x0000000604800000| Untracked 
| 266|0x0000000605000000, 0x0000000605000000, 0x0000000605800000|  0%| F|  |TAMS 0x0000000605000000, 0x0000000605000000| Untracked 
| 267|0x0000000605800000, 0x0000000605800000, 0x0000000606000000|  0%| F|  |TAMS 0x0000000605800000, 0x0000000605800000| Untracked 
| 268|0x0000000606000000, 0x0000000606000000, 0x0000000606800000|  0%| F|  |TAMS 0x0000000606000000, 0x0000000606000000| Untracked 
| 269|0x0000000606800000, 0x0000000606800000, 0x0000000607000000|  0%| F|  |TAMS 0x0000000606800000, 0x0000000606800000| Untracked 
| 270|0x0000000607000000, 0x0000000607000000, 0x0000000607800000|  0%| F|  |TAMS 0x0000000607000000, 0x0000000607000000| Untracked 
| 271|0x0000000607800000, 0x0000000607800000, 0x0000000608000000|  0%| F|  |TAMS 0x0000000607800000, 0x0000000607800000| Untracked 
| 272|0x0000000608000000, 0x0000000608000000, 0x0000000608800000|  0%| F|  |TAMS 0x0000000608000000, 0x0000000608000000| Untracked 
| 273|0x0000000608800000, 0x0000000608800000, 0x0000000609000000|  0%| F|  |TAMS 0x0000000608800000, 0x0000000608800000| Untracked 
| 274|0x0000000609000000, 0x0000000609000000, 0x0000000609800000|  0%| F|  |TAMS 0x0000000609000000, 0x0000000609000000| Untracked 
| 275|0x0000000609800000, 0x0000000609800000, 0x000000060a000000|  0%| F|  |TAMS 0x0000000609800000, 0x0000000609800000| Untracked 
| 276|0x000000060a000000, 0x000000060a000000, 0x000000060a800000|  0%| F|  |TAMS 0x000000060a000000, 0x000000060a000000| Untracked 
| 277|0x000000060a800000, 0x000000060a800000, 0x000000060b000000|  0%| F|  |TAMS 0x000000060a800000, 0x000000060a800000| Untracked 
| 278|0x000000060b000000, 0x000000060b000000, 0x000000060b800000|  0%| F|  |TAMS 0x000000060b000000, 0x000000060b000000| Untracked 
| 279|0x000000060b800000, 0x000000060b800000, 0x000000060c000000|  0%| F|  |TAMS 0x000000060b800000, 0x000000060b800000| Untracked 
| 280|0x000000060c000000, 0x000000060c000000, 0x000000060c800000|  0%| F|  |TAMS 0x000000060c000000, 0x000000060c000000| Untracked 
| 281|0x000000060c800000, 0x000000060c800000, 0x000000060d000000|  0%| F|  |TAMS 0x000000060c800000, 0x000000060c800000| Untracked 
| 282|0x000000060d000000, 0x000000060d000000, 0x000000060d800000|  0%| F|  |TAMS 0x000000060d000000, 0x000000060d000000| Untracked 
| 283|0x000000060d800000, 0x000000060e000000, 0x000000060e000000|100%| S|CS|TAMS 0x000000060d800000, 0x000000060d800000| Complete 
| 284|0x000000060e000000, 0x000000060e000000, 0x000000060e800000|  0%| F|  |TAMS 0x000000060e000000, 0x000000060e000000| Untracked 
| 285|0x000000060e800000, 0x000000060e800000, 0x000000060f000000|  0%| F|  |TAMS 0x000000060e800000, 0x000000060e800000| Untracked 
| 286|0x000000060f000000, 0x000000060f000000, 0x000000060f800000|  0%| F|  |TAMS 0x000000060f000000, 0x000000060f000000| Untracked 
| 287|0x000000060f800000, 0x0000000610000000, 0x0000000610000000|100%| S|CS|TAMS 0x000000060f800000, 0x000000060f800000| Complete 
| 288|0x0000000610000000, 0x0000000610000000, 0x0000000610800000|  0%| F|  |TAMS 0x0000000610000000, 0x0000000610000000| Untracked 
| 289|0x0000000610800000, 0x0000000610800000, 0x0000000611000000|  0%| F|  |TAMS 0x0000000610800000, 0x0000000610800000| Untracked 
| 290|0x0000000611000000, 0x0000000611000000, 0x0000000611800000|  0%| F|  |TAMS 0x0000000611000000, 0x0000000611000000| Untracked 
| 291|0x0000000611800000, 0x0000000611800000, 0x0000000612000000|  0%| F|  |TAMS 0x0000000611800000, 0x0000000611800000| Untracked 
| 292|0x0000000612000000, 0x0000000612000000, 0x0000000612800000|  0%| F|  |TAMS 0x0000000612000000, 0x0000000612000000| Untracked 
| 293|0x0000000612800000, 0x0000000612800000, 0x0000000613000000|  0%| F|  |TAMS 0x0000000612800000, 0x0000000612800000| Untracked 
| 294|0x0000000613000000, 0x0000000613000000, 0x0000000613800000|  0%| F|  |TAMS 0x0000000613000000, 0x0000000613000000| Untracked 
| 295|0x0000000613800000, 0x0000000613800000, 0x0000000614000000|  0%| F|  |TAMS 0x0000000613800000, 0x0000000613800000| Untracked 
| 296|0x0000000614000000, 0x0000000614000000, 0x0000000614800000|  0%| F|  |TAMS 0x0000000614000000, 0x0000000614000000| Untracked 
| 297|0x0000000614800000, 0x0000000614800000, 0x0000000615000000|  0%| F|  |TAMS 0x0000000614800000, 0x0000000614800000| Untracked 
| 298|0x0000000615000000, 0x0000000615000000, 0x0000000615800000|  0%| F|  |TAMS 0x0000000615000000, 0x0000000615000000| Untracked 
| 299|0x0000000615800000, 0x0000000615800000, 0x0000000616000000|  0%| F|  |TAMS 0x0000000615800000, 0x0000000615800000| Untracked 
| 300|0x0000000616000000, 0x0000000616000000, 0x0000000616800000|  0%| F|  |TAMS 0x0000000616000000, 0x0000000616000000| Untracked 
| 301|0x0000000616800000, 0x0000000616800000, 0x0000000617000000|  0%| F|  |TAMS 0x0000000616800000, 0x0000000616800000| Untracked 
| 302|0x0000000617000000, 0x0000000617000000, 0x0000000617800000|  0%| F|  |TAMS 0x0000000617000000, 0x0000000617000000| Untracked 
| 303|0x0000000617800000, 0x0000000617800000, 0x0000000618000000|  0%| F|  |TAMS 0x0000000617800000, 0x0000000617800000| Untracked 
| 304|0x0000000618000000, 0x0000000618000000, 0x0000000618800000|  0%| F|  |TAMS 0x0000000618000000, 0x0000000618000000| Untracked 
| 305|0x0000000618800000, 0x0000000618800000, 0x0000000619000000|  0%| F|  |TAMS 0x0000000618800000, 0x0000000618800000| Untracked 
| 306|0x0000000619000000, 0x0000000619000000, 0x0000000619800000|  0%| F|  |TAMS 0x0000000619000000, 0x0000000619000000| Untracked 
| 307|0x0000000619800000, 0x0000000619800000, 0x000000061a000000|  0%| F|  |TAMS 0x0000000619800000, 0x0000000619800000| Untracked 
| 308|0x000000061a000000, 0x000000061a000000, 0x000000061a800000|  0%| F|  |TAMS 0x000000061a000000, 0x000000061a000000| Untracked 
| 309|0x000000061a800000, 0x000000061a800000, 0x000000061b000000|  0%| F|  |TAMS 0x000000061a800000, 0x000000061a800000| Untracked 
| 310|0x000000061b000000, 0x000000061b000000, 0x000000061b800000|  0%| F|  |TAMS 0x000000061b000000, 0x000000061b000000| Untracked 
| 311|0x000000061b800000, 0x000000061b800000, 0x000000061c000000|  0%| F|  |TAMS 0x000000061b800000, 0x000000061b800000| Untracked 
| 312|0x000000061c000000, 0x000000061c000000, 0x000000061c800000|  0%| F|  |TAMS 0x000000061c000000, 0x000000061c000000| Untracked 
| 313|0x000000061c800000, 0x000000061c800000, 0x000000061d000000|  0%| F|  |TAMS 0x000000061c800000, 0x000000061c800000| Untracked 
| 314|0x000000061d000000, 0x000000061d000000, 0x000000061d800000|  0%| F|  |TAMS 0x000000061d000000, 0x000000061d000000| Untracked 
| 315|0x000000061d800000, 0x000000061d800000, 0x000000061e000000|  0%| F|  |TAMS 0x000000061d800000, 0x000000061d800000| Untracked 
| 316|0x000000061e000000, 0x000000061e000000, 0x000000061e800000|  0%| F|  |TAMS 0x000000061e000000, 0x000000061e000000| Untracked 
| 317|0x000000061e800000, 0x000000061e800000, 0x000000061f000000|  0%| F|  |TAMS 0x000000061e800000, 0x000000061e800000| Untracked 
| 318|0x000000061f000000, 0x000000061f000000, 0x000000061f800000|  0%| F|  |TAMS 0x000000061f000000, 0x000000061f000000| Untracked 
| 319|0x000000061f800000, 0x000000061f800000, 0x0000000620000000|  0%| F|  |TAMS 0x000000061f800000, 0x000000061f800000| Untracked 
| 320|0x0000000620000000, 0x0000000620000000, 0x0000000620800000|  0%| F|  |TAMS 0x0000000620000000, 0x0000000620000000| Untracked 
| 321|0x0000000620800000, 0x0000000620800000, 0x0000000621000000|  0%| F|  |TAMS 0x0000000620800000, 0x0000000620800000| Untracked 
| 322|0x0000000621000000, 0x0000000621000000, 0x0000000621800000|  0%| F|  |TAMS 0x0000000621000000, 0x0000000621000000| Untracked 
| 323|0x0000000621800000, 0x0000000621800000, 0x0000000622000000|  0%| F|  |TAMS 0x0000000621800000, 0x0000000621800000| Untracked 
| 324|0x0000000622000000, 0x0000000622000000, 0x0000000622800000|  0%| F|  |TAMS 0x0000000622000000, 0x0000000622000000| Untracked 
| 325|0x0000000622800000, 0x0000000622800000, 0x0000000623000000|  0%| F|  |TAMS 0x0000000622800000, 0x0000000622800000| Untracked 
| 326|0x0000000623000000, 0x0000000623000000, 0x0000000623800000|  0%| F|  |TAMS 0x0000000623000000, 0x0000000623000000| Untracked 
| 327|0x0000000623800000, 0x0000000623800000, 0x0000000624000000|  0%| F|  |TAMS 0x0000000623800000, 0x0000000623800000| Untracked 
| 328|0x0000000624000000, 0x0000000624000000, 0x0000000624800000|  0%| F|  |TAMS 0x0000000624000000, 0x0000000624000000| Untracked 
| 329|0x0000000624800000, 0x0000000624800000, 0x0000000625000000|  0%| F|  |TAMS 0x0000000624800000, 0x0000000624800000| Untracked 
| 330|0x0000000625000000, 0x0000000625000000, 0x0000000625800000|  0%| F|  |TAMS 0x0000000625000000, 0x0000000625000000| Untracked 
| 331|0x0000000625800000, 0x0000000625800000, 0x0000000626000000|  0%| F|  |TAMS 0x0000000625800000, 0x0000000625800000| Untracked 
| 332|0x0000000626000000, 0x0000000626000000, 0x0000000626800000|  0%| F|  |TAMS 0x0000000626000000, 0x0000000626000000| Untracked 
| 333|0x0000000626800000, 0x0000000626800000, 0x0000000627000000|  0%| F|  |TAMS 0x0000000626800000, 0x0000000626800000| Untracked 
| 334|0x0000000627000000, 0x0000000627000000, 0x0000000627800000|  0%| F|  |TAMS 0x0000000627000000, 0x0000000627000000| Untracked 
| 335|0x0000000627800000, 0x0000000627800000, 0x0000000628000000|  0%| F|  |TAMS 0x0000000627800000, 0x0000000627800000| Untracked 
| 336|0x0000000628000000, 0x0000000628000000, 0x0000000628800000|  0%| F|  |TAMS 0x0000000628000000, 0x0000000628000000| Untracked 
| 337|0x0000000628800000, 0x0000000628800000, 0x0000000629000000|  0%| F|  |TAMS 0x0000000628800000, 0x0000000628800000| Untracked 
| 338|0x0000000629000000, 0x0000000629000000, 0x0000000629800000|  0%| F|  |TAMS 0x0000000629000000, 0x0000000629000000| Untracked 
| 339|0x0000000629800000, 0x0000000629800000, 0x000000062a000000|  0%| F|  |TAMS 0x0000000629800000, 0x0000000629800000| Untracked 
| 340|0x000000062a000000, 0x000000062a000000, 0x000000062a800000|  0%| F|  |TAMS 0x000000062a000000, 0x000000062a000000| Untracked 
| 341|0x000000062a800000, 0x000000062a800000, 0x000000062b000000|  0%| F|  |TAMS 0x000000062a800000, 0x000000062a800000| Untracked 
| 342|0x000000062b000000, 0x000000062b000000, 0x000000062b800000|  0%| F|  |TAMS 0x000000062b000000, 0x000000062b000000| Untracked 
| 343|0x000000062b800000, 0x000000062b800000, 0x000000062c000000|  0%| F|  |TAMS 0x000000062b800000, 0x000000062b800000| Untracked 
| 344|0x000000062c000000, 0x000000062c000000, 0x000000062c800000|  0%| F|  |TAMS 0x000000062c000000, 0x000000062c000000| Untracked 
| 345|0x000000062c800000, 0x000000062c800000, 0x000000062d000000|  0%| F|  |TAMS 0x000000062c800000, 0x000000062c800000| Untracked 
| 346|0x000000062d000000, 0x000000062d000000, 0x000000062d800000|  0%| F|  |TAMS 0x000000062d000000, 0x000000062d000000| Untracked 
| 347|0x000000062d800000, 0x000000062d800000, 0x000000062e000000|  0%| F|  |TAMS 0x000000062d800000, 0x000000062d800000| Untracked 
| 348|0x000000062e000000, 0x000000062e000000, 0x000000062e800000|  0%| F|  |TAMS 0x000000062e000000, 0x000000062e000000| Untracked 
| 349|0x000000062e800000, 0x000000062e800000, 0x000000062f000000|  0%| F|  |TAMS 0x000000062e800000, 0x000000062e800000| Untracked 
| 350|0x000000062f000000, 0x000000062f000000, 0x000000062f800000|  0%| F|  |TAMS 0x000000062f000000, 0x000000062f000000| Untracked 
| 351|0x000000062f800000, 0x000000062f800000, 0x0000000630000000|  0%| F|  |TAMS 0x000000062f800000, 0x000000062f800000| Untracked 
| 352|0x0000000630000000, 0x0000000630000000, 0x0000000630800000|  0%| F|  |TAMS 0x0000000630000000, 0x0000000630000000| Untracked 
| 353|0x0000000630800000, 0x0000000630800000, 0x0000000631000000|  0%| F|  |TAMS 0x0000000630800000, 0x0000000630800000| Untracked 
| 354|0x0000000631000000, 0x0000000631000000, 0x0000000631800000|  0%| F|  |TAMS 0x0000000631000000, 0x0000000631000000| Untracked 
| 355|0x0000000631800000, 0x0000000631800000, 0x0000000632000000|  0%| F|  |TAMS 0x0000000631800000, 0x0000000631800000| Untracked 
| 356|0x0000000632000000, 0x0000000632000000, 0x0000000632800000|  0%| F|  |TAMS 0x0000000632000000, 0x0000000632000000| Untracked 
| 357|0x0000000632800000, 0x0000000632800000, 0x0000000633000000|  0%| F|  |TAMS 0x0000000632800000, 0x0000000632800000| Untracked 
| 358|0x0000000633000000, 0x0000000633000000, 0x0000000633800000|  0%| F|  |TAMS 0x0000000633000000, 0x0000000633000000| Untracked 
| 359|0x0000000633800000, 0x0000000633800000, 0x0000000634000000|  0%| F|  |TAMS 0x0000000633800000, 0x0000000633800000| Untracked 

Card table byte_map: [0x00000215a7e10000,0x00000215a9210000] _byte_map_base: 0x00000215a5210000

Marking Bits (Prev, Next): (CMBitMap*) 0x000002158fe57070, (CMBitMap*) 0x000002158fe570b0
 Prev Bits: [0x00000215aa610000, 0x00000215b4610000)
 Next Bits: [0x00000215b4610000, 0x00000215be610000)

Polling page: 0x000002158dd20000

Metaspace:

Usage:
  Non-class:    186.02 KB used.
      Class:     12.66 KB used.
       Both:    198.67 KB used.

Virtual space:
  Non-class space:       64.00 MB reserved,     256.00 KB ( <1%) committed,  1 nodes.
      Class space:        1.00 GB reserved,     128.00 KB ( <1%) committed,  1 nodes.
             Both:        1.06 GB reserved,     384.00 KB ( <1%) committed. 

Chunk freelists:
   Non-Class:  3.98 MB
       Class:  3.74 MB
        Both:  7.72 MB

MaxMetaspaceSize: unlimited
CompressedClassSpaceSize: 1.00 GB
Initial GC threshold: 21.00 MB
Current GC threshold: 21.00 MB
CDS: on
MetaspaceReclaimPolicy: balanced
 - commit_granule_bytes: 65536.
 - commit_granule_words: 8192.
 - virtual_space_node_default_size: 8388608.
 - enlarge_chunks_in_place: 1.
 - new_chunks_are_fully_committed: 0.
 - uncommit_free_chunks: 1.
 - use_allocation_guard: 0.


Internal statistics:

num_allocs_failed_limit: 0.
num_arena_births: 4.
num_arena_deaths: 0.
num_vsnodes_births: 2.
num_vsnodes_deaths: 0.
num_space_committed: 6.
num_space_uncommitted: 0.
num_chunks_returned_to_freelist: 0.
num_chunks_taken_from_freelist: 9.
num_chunk_merges: 0.
num_chunk_splits: 4.
num_chunks_enlarged: 3.
num_inconsistent_stats: 0.

CodeHeap 'non-profiled nmethods': size=120000Kb used=27Kb max_used=27Kb free=119972Kb
 bounds [0x000002159f1b0000, 0x000002159f420000, 0x00000215a66e0000]
CodeHeap 'profiled nmethods': size=120000Kb used=143Kb max_used=143Kb free=119857Kb
 bounds [0x0000021597c80000, 0x0000021597ef0000, 0x000002159f1b0000]
CodeHeap 'non-nmethods': size=5760Kb used=1083Kb max_used=1098Kb free=4676Kb
 bounds [0x00000215976e0000, 0x0000021597950000, 0x0000021597c80000]
 total_blobs=410 nmethods=87 adapters=236
 compilation: enabled
              stopped_count=0, restarted_count=0
 full_count=0

Compilation events (20 events):
Event: 1.037 Thread 0x00000215c0ad9af0 nmethod 76 0x0000021597c97990 code [0x0000021597c97b40, 0x0000021597c97dc8]
Event: 1.037 Thread 0x00000215c0ad9af0   78       3       MonteCarloMini.TerrainArea$SearchInner::<init> (37 bytes)
Event: 1.037 Thread 0x00000215c0ad9af0 nmethod 78 0x0000021597c97f10 code [0x0000021597c980c0, 0x0000021597c982f8]
Event: 1.037 Thread 0x00000215c0ad1a40 nmethod 79 0x000002159f1b4a90 code [0x000002159f1b4c00, 0x000002159f1b4c98]
Event: 1.037 Thread 0x00000215c0ad1a40   80       4       java.util.Random::nextInt (74 bytes)
Event: 1.038 Thread 0x00000215c0ad1a40 nmethod 80 0x000002159f1b4d90 code [0x000002159f1b4f20, 0x000002159f1b50b8]
Event: 1.038 Thread 0x00000215c0ad1a40   81       4       java.util.Random::next (47 bytes)
Event: 1.039 Thread 0x00000215c0ad1a40 nmethod 81 0x000002159f1b5290 code [0x000002159f1b5400, 0x000002159f1b54f8]
Event: 1.039 Thread 0x00000215c0ad1a40   82       4       MonteCarloMini.TerrainArea$SearchInner::<init> (37 bytes)
Event: 1.041 Thread 0x00000215c0ad1a40 nmethod 82 0x000002159f1b5610 code [0x000002159f1b5780, 0x000002159f1b59f8]
Event: 1.041 Thread 0x00000215c0ad9af0   83       3       java.util.Random::nextInt (74 bytes)
Event: 1.041 Thread 0x00000215c0ad9af0 nmethod 83 0x0000021597c98410 code [0x0000021597c985e0, 0x0000021597c989e8]
Event: 1.042 Thread 0x00000215c0ad1a40   84       4       java.util.Random::nextInt (74 bytes)
Event: 1.044 Thread 0x00000215c0ad1a40 nmethod 84 0x000002159f1b5a90 code [0x000002159f1b5c20, 0x000002159f1b5e28]
Event: 1.051 Thread 0x00000215c0ad9af0   85 %     3       MonteCarloMini.MonteCarloMinimizationParallel::main @ 83 (491 bytes)
Event: 1.054 Thread 0x00000215c0ad9af0 nmethod 85% 0x0000021597c98b90 code [0x0000021597c99240, 0x0000021597c9d0c8]
Event: 1.054 Thread 0x00000215c0ad9af0   86       3       MonteCarloMini.MonteCarloMinimizationParallel::main (491 bytes)
Event: 1.056 Thread 0x00000215c0ad9af0 nmethod 86 0x0000021597c9e590 code [0x0000021597c9ec40, 0x0000021597ca2768]
Event: 1.056 Thread 0x00000215c0ad1a40   87 %     4       MonteCarloMini.MonteCarloMinimizationParallel::main @ 83 (491 bytes)
Event: 1.065 Thread 0x00000215c0ad1a40 nmethod 87% 0x000002159f1b6010 code [0x000002159f1b61c0, 0x000002159f1b6ae8]

GC Heap History (20 events):
Event: 0.304 GC heap after
{Heap after GC invocations=12 (full 0):
 garbage-first heap   total 819200K, used 457461K [0x0000000580000000, 0x0000000800000000)
  region size 8192K, 2 young (16384K), 2 survivors (16384K)
 Metaspace       used 182K, committed 384K, reserved 1114112K
  class space    used 10K, committed 128K, reserved 1048576K
}
Event: 0.312 GC heap before
{Heap before GC invocations=12 (full 0):
 garbage-first heap   total 819200K, used 531189K [0x0000000580000000, 0x0000000800000000)
  region size 8192K, 11 young (90112K), 2 survivors (16384K)
 Metaspace       used 182K, committed 384K, reserved 1114112K
  class space    used 10K, committed 128K, reserved 1048576K
}
Event: 0.327 GC heap after
{Heap after GC invocations=13 (full 0):
 garbage-first heap   total 819200K, used 530750K [0x0000000580000000, 0x0000000800000000)
  region size 8192K, 2 young (16384K), 2 survivors (16384K)
 Metaspace       used 182K, committed 384K, reserved 1114112K
  class space    used 10K, committed 128K, reserved 1048576K
}
Event: 0.334 GC heap before
{Heap before GC invocations=14 (full 0):
 garbage-first heap   total 983040K, used 579902K [0x0000000580000000, 0x0000000800000000)
  region size 8192K, 9 young (73728K), 2 survivors (16384K)
 Metaspace       used 182K, committed 384K, reserved 1114112K
  class space    used 10K, committed 128K, reserved 1048576K
}
Event: 0.349 GC heap after
{Heap after GC invocations=15 (full 0):
 garbage-first heap   total 983040K, used 588045K [0x0000000580000000, 0x0000000800000000)
  region size 8192K, 2 young (16384K), 2 survivors (16384K)
 Metaspace       used 182K, committed 384K, reserved 1114112K
  class space    used 10K, committed 128K, reserved 1048576K
}
Event: 0.379 GC heap before
{Heap before GC invocations=15 (full 0):
 garbage-first heap   total 983040K, used 661773K [0x0000000580000000, 0x0000000800000000)
  region size 8192K, 12 young (98304K), 2 survivors (16384K)
 Metaspace       used 182K, committed 384K, reserved 1114112K
  class space    used 10K, committed 128K, reserved 1048576K
}
Event: 0.398 GC heap after
{Heap after GC invocations=16 (full 0):
 garbage-first heap   total 983040K, used 669818K [0x0000000580000000, 0x0000000800000000)
  region size 8192K, 2 young (16384K), 2 survivors (16384K)
 Metaspace       used 182K, committed 384K, reserved 1114112K
  class space    used 10K, committed 128K, reserved 1048576K
}
Event: 0.404 GC heap before
{Heap before GC invocations=16 (full 0):
 garbage-first heap   total 983040K, used 718970K [0x0000000580000000, 0x0000000800000000)
  region size 8192K, 9 young (73728K), 2 survivors (16384K)
 Metaspace       used 182K, committed 384K, reserved 1114112K
  class space    used 10K, committed 128K, reserved 1048576K
}
Event: 0.462 GC heap after
{Heap after GC invocations=17 (full 0):
 garbage-first heap   total 2949120K, used 727065K [0x0000000580000000, 0x0000000800000000)
  region size 8192K, 2 young (16384K), 2 survivors (16384K)
 Metaspace       used 182K, committed 384K, reserved 1114112K
  class space    used 10K, committed 128K, reserved 1048576K
}
Event: 0.575 GC heap before
{Heap before GC invocations=18 (full 0):
 garbage-first heap   total 2457600K, used 997401K [0x0000000580000000, 0x0000000800000000)
  region size 8192K, 36 young (294912K), 2 survivors (16384K)
 Metaspace       used 182K, committed 384K, reserved 1114112K
  class space    used 10K, committed 128K, reserved 1048576K
}
Event: 0.616 GC heap after
{Heap after GC invocations=19 (full 0):
 garbage-first heap   total 2457600K, used 1005167K [0x0000000580000000, 0x0000000800000000)
  region size 8192K, 5 young (40960K), 5 survivors (40960K)
 Metaspace       used 182K, committed 384K, reserved 1114112K
  class space    used 10K, committed 128K, reserved 1048576K
}
Event: 0.913 GC heap before
{Heap before GC invocations=19 (full 0):
 garbage-first heap   total 2457600K, used 1226351K [0x0000000580000000, 0x0000000800000000)
  region size 8192K, 33 young (270336K), 5 survivors (40960K)
 Metaspace       used 188K, committed 384K, reserved 1114112K
  class space    used 12K, committed 128K, reserved 1048576K
}
Event: 0.966 GC heap after
{Heap after GC invocations=20 (full 0):
 garbage-first heap   total 2457600K, used 1226875K [0x0000000580000000, 0x0000000800000000)
  region size 8192K, 7 young (57344K), 7 survivors (57344K)
 Metaspace       used 188K, committed 384K, reserved 1114112K
  class space    used 12K, committed 128K, reserved 1048576K
}
Event: 1.293 GC heap before
{Heap before GC invocations=21 (full 0):
 garbage-first heap   total 2457600K, used 1677435K [0x0000000580000000, 0x0000000800000000)
  region size 8192K, 43 young (352256K), 7 survivors (57344K)
 Metaspace       used 198K, committed 384K, reserved 1114112K
  class space    used 12K, committed 128K, reserved 1048576K
}
Event: 1.437 GC heap after
{Heap after GC invocations=22 (full 0):
 garbage-first heap   total 2457600K, used 1677254K [0x0000000580000000, 0x0000000800000000)
  region size 8192K, 6 young (49152K), 6 survivors (49152K)
 Metaspace       used 198K, committed 384K, reserved 1114112K
  class space    used 12K, committed 128K, reserved 1048576K
}
Event: 1.567 GC heap before
{Heap before GC invocations=22 (full 0):
 garbage-first heap   total 2457600K, used 1832902K [0x0000000580000000, 0x0000000800000000)
  region size 8192K, 25 young (204800K), 6 survivors (49152K)
 Metaspace       used 198K, committed 384K, reserved 1114112K
  class space    used 12K, committed 128K, reserved 1048576K
}
Event: 1.715 GC heap after
{Heap after GC invocations=23 (full 0):
 garbage-first heap   total 2457600K, used 1845273K [0x0000000580000000, 0x0000000800000000)
  region size 8192K, 4 young (32768K), 4 survivors (32768K)
 Metaspace       used 198K, committed 384K, reserved 1114112K
  class space    used 12K, committed 128K, reserved 1048576K
}
Event: 1.806 GC heap before
{Heap before GC invocations=23 (full 0):
 garbage-first heap   total 2457600K, used 1951769K [0x0000000580000000, 0x0000000800000000)
  region size 8192K, 17 young (139264K), 4 survivors (32768K)
 Metaspace       used 198K, committed 384K, reserved 1114112K
  class space    used 12K, committed 128K, reserved 1048576K
}
Event: 1.921 GC heap after
{Heap after GC invocations=24 (full 0):
 garbage-first heap   total 2457600K, used 1968153K [0x0000000580000000, 0x0000000800000000)
  region size 8192K, 3 young (24576K), 3 survivors (24576K)
 Metaspace       used 198K, committed 384K, reserved 1114112K
  class space    used 12K, committed 128K, reserved 1048576K
}
Event: 2.020 GC heap before
{Heap before GC invocations=24 (full 0):
 garbage-first heap   total 2457600K, used 2066457K [0x0000000580000000, 0x0000000800000000)
  region size 8192K, 15 young (122880K), 3 survivors (24576K)
 Metaspace       used 198K, committed 384K, reserved 1114112K
  class space    used 12K, committed 128K, reserved 1048576K
}

Deoptimization events (8 events):
Event: 0.638 Thread 0x000002158fdae770 DEOPT PACKING pc=0x0000021597c95c0c sp=0x000000555a3fef80
Event: 0.638 Thread 0x000002158fdae770 DEOPT UNPACKING pc=0x0000021597736763 sp=0x000000555a3fe448 mode 0
Event: 1.041 Thread 0x000002158fdae770 Uncommon trap: trap_request=0xffffff45 fr.pc=0x000002159f1b507c relative=0x000000000000015c
Event: 1.041 Thread 0x000002158fdae770 Uncommon trap: reason=unstable_if action=reinterpret pc=0x000002159f1b507c method=java.util.Random.nextInt(I)I @ 58 c2
Event: 1.041 Thread 0x000002158fdae770 DEOPT PACKING pc=0x000002159f1b507c sp=0x000000555a3fefd0
Event: 1.041 Thread 0x000002158fdae770 DEOPT UNPACKING pc=0x0000021597735c23 sp=0x000000555a3fef68 mode 2
Event: 1.065 Thread 0x000002158fdae770 DEOPT PACKING pc=0x0000021597c9c227 sp=0x000000555a3fef20
Event: 1.065 Thread 0x000002158fdae770 DEOPT UNPACKING pc=0x0000021597736763 sp=0x000000555a3fe518 mode 0

Classes loaded (14 events):
Event: 0.036 Loading class sun/nio/cs/IBM850
Event: 0.036 Loading class sun/nio/cs/IBM850 done
Event: 0.036 Loading class sun/nio/cs/IBM850$Holder
Event: 0.036 Loading class sun/nio/cs/IBM850$Holder done
Event: 0.055 Loading class jdk/internal/loader/URLClassPath$FileLoader
Event: 0.055 Loading class jdk/internal/loader/URLClassPath$FileLoader done
Event: 0.056 Loading class sun/nio/cs/UTF_8$Decoder
Event: 0.056 Loading class sun/nio/cs/UTF_8$Decoder done
Event: 0.057 Loading class jdk/internal/loader/URLClassPath$FileLoader$1
Event: 0.057 Loading class jdk/internal/loader/URLClassPath$FileLoader$1 done
Event: 0.063 Loading class java/util/concurrent/RecursiveTask
Event: 0.064 Loading class java/util/concurrent/RecursiveTask done
Event: 1.035 Loading class java/lang/NoSuchFieldError
Event: 1.036 Loading class java/lang/NoSuchFieldError done

Classes unloaded (0 events):
No events

Classes redefined (0 events):
No events

Internal exceptions (0 events):
No events

VM Operations (20 events):
Event: 0.462 Executing VM operation: G1CollectForAllocation done
Event: 0.465 Executing VM operation: G1Concurrent
Event: 0.465 Executing VM operation: G1Concurrent done
Event: 0.465 Executing VM operation: G1Concurrent
Event: 0.465 Executing VM operation: G1Concurrent done
Event: 0.575 Executing VM operation: G1CollectForAllocation
Event: 0.616 Executing VM operation: G1CollectForAllocation done
Event: 0.913 Executing VM operation: G1TryInitiateConcMark
Event: 0.966 Executing VM operation: G1TryInitiateConcMark done
Event: 0.973 Executing VM operation: G1Concurrent
Event: 1.035 Executing VM operation: G1Concurrent done
Event: 1.050 Executing VM operation: G1Concurrent
Event: 1.050 Executing VM operation: G1Concurrent done
Event: 1.293 Executing VM operation: G1CollectForAllocation
Event: 1.437 Executing VM operation: G1CollectForAllocation done
Event: 1.567 Executing VM operation: G1CollectForAllocation
Event: 1.715 Executing VM operation: G1CollectForAllocation done
Event: 1.805 Executing VM operation: G1CollectForAllocation
Event: 1.922 Executing VM operation: G1CollectForAllocation done
Event: 2.020 Executing VM operation: G1CollectForAllocation

Events (14 events):
Event: 0.010 Loaded shared library C:\Program Files\Java\jdk-18.0.1.1\bin\java.dll
Event: 0.023 Loaded shared library C:\Program Files\Java\jdk-18.0.1.1\bin\jsvml.dll
Event: 0.024 Thread 0x000002158fdae770 Thread added: 0x000002158fdae770
Event: 0.026 Thread 0x00000215c0aabc10 Thread added: 0x00000215c0aabc10
Event: 0.026 Thread 0x00000215c0aac5b0 Thread added: 0x00000215c0aac5b0
Event: 0.038 Thread 0x00000215c0ac3220 Thread added: 0x00000215c0ac3220
Event: 0.038 Thread 0x00000215c0ac7ae0 Thread added: 0x00000215c0ac7ae0
Event: 0.038 Thread 0x00000215c0ac8390 Thread added: 0x00000215c0ac8390
Event: 0.038 Thread 0x00000215c0ac8c40 Thread added: 0x00000215c0ac8c40
Event: 0.038 Thread 0x00000215c0ad1a40 Thread added: 0x00000215c0ad1a40
Event: 0.038 Thread 0x00000215c0ad9af0 Thread added: 0x00000215c0ad9af0
Event: 0.038 Thread 0x00000215c0ae8c70 Thread added: 0x00000215c0ae8c70
Event: 0.054 Thread 0x00000215c54cddf0 Thread added: 0x00000215c54cddf0
Event: 0.058 Thread 0x00000215c54f64c0 Thread added: 0x00000215c54f64c0


Dynamic libraries:
0x00007ff748730000 - 0x00007ff748740000 	C:\Program Files\Java\jdk-18.0.1.1\bin\java.exe
0x00007ff9816f0000 - 0x00007ff981904000 	C:\WINDOWS\SYSTEM32\ntdll.dll
0x00007ff9807c0000 - 0x00007ff980882000 	C:\WINDOWS\System32\KERNEL32.DLL
0x00007ff97eb90000 - 0x00007ff97ef33000 	C:\WINDOWS\System32\KERNELBASE.dll
0x00007ff97f3b0000 - 0x00007ff97f4c1000 	C:\WINDOWS\System32\ucrtbase.dll
0x00007ff964450000 - 0x00007ff964468000 	C:\Program Files\Java\jdk-18.0.1.1\bin\jli.dll
0x00007ff95db30000 - 0x00007ff95db4a000 	C:\Program Files\Java\jdk-18.0.1.1\bin\VCRUNTIME140.dll
0x00007ff980660000 - 0x00007ff98070e000 	C:\WINDOWS\System32\ADVAPI32.dll
0x00007ff980320000 - 0x00007ff9803c7000 	C:\WINDOWS\System32\msvcrt.dll
0x00007ff980710000 - 0x00007ff9807b4000 	C:\WINDOWS\System32\sechost.dll
0x00007ff981040000 - 0x00007ff981157000 	C:\WINDOWS\System32\RPCRT4.dll
0x00007ff981500000 - 0x00007ff9816aa000 	C:\WINDOWS\System32\USER32.dll
0x00007ff97f380000 - 0x00007ff97f3a6000 	C:\WINDOWS\System32\win32u.dll
0x00007ff97f4d0000 - 0x00007ff97f4f9000 	C:\WINDOWS\System32\GDI32.dll
0x00007ff97f1e0000 - 0x00007ff97f2f9000 	C:\WINDOWS\System32\gdi32full.dll
0x00007ff963470000 - 0x00007ff9636fe000 	C:\WINDOWS\WinSxS\amd64_microsoft.windows.common-controls_6595b64144ccf1df_6.0.22621.1635_none_270f70857386168e\COMCTL32.dll
0x00007ff97eaf0000 - 0x00007ff97eb8a000 	C:\WINDOWS\System32\msvcp_win.dll
0x00007ff974bc0000 - 0x00007ff974bca000 	C:\WINDOWS\SYSTEM32\VERSION.dll
0x00007ff9814c0000 - 0x00007ff9814f1000 	C:\WINDOWS\System32\IMM32.DLL
0x00007ff979020000 - 0x00007ff97902c000 	C:\Program Files\Java\jdk-18.0.1.1\bin\vcruntime140_1.dll
0x00007ff959810000 - 0x00007ff95989d000 	C:\Program Files\Java\jdk-18.0.1.1\bin\msvcp140.dll
0x00007ff8e20d0000 - 0x00007ff8e2ce0000 	C:\Program Files\Java\jdk-18.0.1.1\bin\server\jvm.dll
0x00007ff97fd00000 - 0x00007ff97fd08000 	C:\WINDOWS\System32\PSAPI.DLL
0x00007ff979010000 - 0x00007ff979019000 	C:\WINDOWS\SYSTEM32\WSOCK32.dll
0x00007ff9803e0000 - 0x00007ff980451000 	C:\WINDOWS\System32\WS2_32.dll
0x00007ff975eb0000 - 0x00007ff975ee4000 	C:\WINDOWS\SYSTEM32\WINMM.dll
0x00007ff97dc20000 - 0x00007ff97dc38000 	C:\WINDOWS\SYSTEM32\kernel.appcore.dll
0x00007ff978ef0000 - 0x00007ff978efa000 	C:\Program Files\Java\jdk-18.0.1.1\bin\jimage.dll
0x00007ff97bf80000 - 0x00007ff97c1ae000 	C:\WINDOWS\SYSTEM32\DBGHELP.DLL
0x00007ff97ff80000 - 0x00007ff980309000 	C:\WINDOWS\System32\combase.dll
0x00007ff9808b0000 - 0x00007ff980987000 	C:\WINDOWS\System32\OLEAUT32.dll
0x00007ff95c300000 - 0x00007ff95c332000 	C:\WINDOWS\SYSTEM32\dbgcore.DLL
0x00007ff97f300000 - 0x00007ff97f37a000 	C:\WINDOWS\System32\bcryptPrimitives.dll
0x00007ff9597e0000 - 0x00007ff959805000 	C:\Program Files\Java\jdk-18.0.1.1\bin\java.dll
0x00007ff959700000 - 0x00007ff9597d6000 	C:\Program Files\Java\jdk-18.0.1.1\bin\jsvml.dll
0x00007ff97f500000 - 0x00007ff97fcf9000 	C:\WINDOWS\System32\SHELL32.dll
0x00007ff97cae0000 - 0x00007ff97d3ae000 	C:\WINDOWS\SYSTEM32\windows.storage.dll
0x00007ff97c9a0000 - 0x00007ff97cade000 	C:\WINDOWS\SYSTEM32\wintypes.dll
0x00007ff97fe20000 - 0x00007ff97ff11000 	C:\WINDOWS\System32\SHCORE.dll
0x00007ff980eb0000 - 0x00007ff980f0e000 	C:\WINDOWS\System32\shlwapi.dll
0x00007ff97ea20000 - 0x00007ff97ea46000 	C:\WINDOWS\SYSTEM32\profapi.dll

dbghelp: loaded successfully - version: 4.0.5 - missing functions: none
symbol engine: initialized successfully - sym options: 0x614 - pdb path: .;C:\Program Files\Java\jdk-18.0.1.1\bin;C:\WINDOWS\SYSTEM32;C:\WINDOWS\WinSxS\amd64_microsoft.windows.common-controls_6595b64144ccf1df_6.0.22621.1635_none_270f70857386168e;C:\Program Files\Java\jdk-18.0.1.1\bin\server

VM Arguments:
jvm_args: -Xmx10g -ea -XX:+ShowCodeDetailsInExceptionMessages 
java_command: MonteCarloMini.MonteCarloMinimizationParallel
java_class_path (initial): C:\Users\danro\OneDrive - University of Cape Town\Third Year\CSC2002S\PCP\Assignments\CSC2002S-Assignment-1\ParallelAssignment2023\bin
Launcher Type: SUN_STANDARD

[Global flags]
     intx CICompilerCount                          = 4                                         {product} {ergonomic}
     uint ConcGCThreads                            = 2                                         {product} {ergonomic}
     uint G1ConcRefinementThreads                  = 8                                         {product} {ergonomic}
   size_t G1HeapRegionSize                         = 8388608                                   {product} {ergonomic}
    uintx GCDrainStackTargetSize                   = 64                                        {product} {ergonomic}
   size_t InitialHeapSize                          = 134217728                                 {product} {ergonomic}
   size_t MarkStackSize                            = 4194304                                   {product} {ergonomic}
   size_t MaxHeapSize                              = 10737418240                               {product} {command line}
   size_t MaxNewSize                               = 6442450944                                {product} {ergonomic}
   size_t MinHeapDeltaBytes                        = 8388608                                   {product} {ergonomic}
   size_t MinHeapSize                              = 8388608                                   {product} {ergonomic}
    uintx NonNMethodCodeHeapSize                   = 5839372                                {pd product} {ergonomic}
    uintx NonProfiledCodeHeapSize                  = 122909434                              {pd product} {ergonomic}
    uintx ProfiledCodeHeapSize                     = 122909434                              {pd product} {ergonomic}
    uintx ReservedCodeCacheSize                    = 251658240                              {pd product} {ergonomic}
     bool SegmentedCodeCache                       = true                                      {product} {ergonomic}
     bool ShowCodeDetailsInExceptionMessages       = true                                   {manageable} {command line}
   size_t SoftMaxHeapSize                          = 10737418240                            {manageable} {ergonomic}
     bool UseCompressedClassPointers               = true                           {product lp64_product} {ergonomic}
     bool UseCompressedOops                        = true                           {product lp64_product} {ergonomic}
     bool UseG1GC                                  = true                                      {product} {ergonomic}
     bool UseLargePagesIndividualAllocation        = false                                  {pd product} {ergonomic}

Logging:
Log output configuration:
 #0: stdout all=warning uptime,level,tags foldmultilines=false
 #1: stderr all=off uptime,level,tags foldmultilines=false

Environment Variables:
PATH=C:\Program Files\Common Files\Oracle\Java\javapath;C:\WINDOWS\system32;C:\WINDOWS;C:\WINDOWS\System32\Wbem;C:\WINDOWS\System32\WindowsPowerShell\v1.0\;C:\WINDOWS\System32\OpenSSH\;C:\Program Files\nodejs\;C:\Program Files\Git\cmd;C:\Program Files\MATLAB\R2022a\bin;C:\Program Files\dotnet\;C:\ProgramData\chocolatey\bin;C:\Program Files\MySQL\MySQL Shell 8.0\bin\;C:\Users\danro\AppData\Local\Microsoft\WindowsApps;C:\Users\danro\AppData\Local\Programs\Microsoft VS Code\bin;C:\Users\danro\AppData\Roaming\npm;C:\Users\danro\AppData\Local\Programs\Julia-1.8.5\bin;C:\Users\danro\AppData\Local\Packages\PythonSoftwareFoundation.Python.3.10_qbz5n2kfra8p0\LocalCache\local-packages\Python310\Scripts;
USERNAME=danro
LANG=en_US.UTF-8
OS=Windows_NT
PROCESSOR_IDENTIFIER=Intel64 Family 6 Model 140 Stepping 1, GenuineIntel



---------------  S Y S T E M  ---------------

OS:
 Windows 11 , 64 bit Build 22621 (10.0.22621.1928)
OS uptime: 3 days 4:31 hours

CPU: total 8 (initial active 8) (4 cores per cpu, 2 threads per core) family 6 model 140 stepping 1 microcode 0x9a, cx8, cmov, fxsr, ht, mmx, 3dnowpref, sse, sse2, sse3, ssse3, sse4.1, sse4.2, popcnt, lzcnt, tsc, tscinvbit, avx, avx2, aes, erms, clmul, bmi1, bmi2, adx, avx512f, avx512dq, avx512cd, avx512bw, avx512vl, sha, fma, vzeroupper, avx512_vpopcntdq, avx512_vpclmulqdq, avx512_vaes, avx512_vnni, clflush, clflushopt, clwb, avx512_vbmi2, avx512_vbmi

Memory: 4k page, system-wide physical 7834M (891M free)
TotalPageFile size 19881M (AvailPageFile size 14M)
current process WorkingSet (physical memory assigned to process): 1811M, peak: 2297M
current process commit charge ("private bytes"): 5732M, peak: 5774M

vm_info: Java HotSpot(TM) 64-Bit Server VM (18.0.1.1+2-6) for windows-amd64 JRE (18.0.1.1+2-6), built on Apr 25 2022 21:53:15 by "mach5one" with MS VC++ 16.8 / 16.9 (VS2019)

END.
